WARNING: A restricted method in java.lang.System has been called
WARNING: java.lang.System::load has been called by org.fusesource.jansi.internal.JansiLoader in an unnamed module (file:/usr/local/Cellar/maven/3.9.9/libexec/lib/jansi-2.4.1.jar)
WARNING: Use --enable-native-access=ALL-UNNAMED to avoid a warning for callers in this module
WARNING: Restricted methods will be blocked in a future release unless native access is enabled

WARNING: A terminally deprecated method in sun.misc.Unsafe has been called
WARNING: sun.misc.Unsafe::objectFieldOffset has been called by com.google.common.util.concurrent.AbstractFuture$UnsafeAtomicHelper (file:/usr/local/Cellar/maven/3.9.9/libexec/lib/guava-33.2.1-jre.jar)
WARNING: Please consider reporting this to the maintainers of class com.google.common.util.concurrent.AbstractFuture$UnsafeAtomicHelper
WARNING: sun.misc.Unsafe::objectFieldOffset will be removed in a future release
Line 2 differs
Expected: [OperationDfn: tryGuardVariants.assignIfUnset::getConfig.c_init()->org.ek9.lang::Void]
Actual:   [OperationDfn: tryGuardVariants.assignIfUnset::getConfig._call()->org.ek9.lang::String]
===IR_UPDATE_START===
FILE: /Users/stevelimb/IdeaProjects/ek9llvm/compiler-main/target/test-classes/examples/irGeneration/tryGuardVariants/tryAssignmentIfUnset.ek9
SYMBOL: tryGuardVariants.assignIfUnset::getConfig
CATEGORY: FUNCTION
---IR_CONTENT_START---

ConstructDfn: tryGuardVariants.assignIfUnset::getConfig()->org.ek9.lang::String
OperationDfn: tryGuardVariants.assignIfUnset::getConfig._call()->org.ek9.lang::String  
BasicBlock: _entry_1
SCOPE_ENTER _scope_1
REFERENCE rtn, org.ek9.lang::String
_temp1 = LOAD_LITERAL config-value, org.ek9.lang::String
RETAIN _temp1
SCOPE_REGISTER _temp1, _scope_1
RELEASE rtn
STORE rtn, _temp1
RETAIN rtn
SCOPE_EXIT _scope_1
RETURN rtn
OperationDfn: tryGuardVariants.assignIfUnset::getConfig.getConfig()->tryGuardVariants.assignIfUnset::getConfig  
BasicBlock: _entry_1
CALL (tryGuardVariants.assignIfUnset::getConfig)this.i_init() [pure=false, complexity=0]
RETURN this
OperationDfn: tryGuardVariants.assignIfUnset::getConfig.c_init()->org.ek9.lang::Void  
BasicBlock: _entry_1
RETURN
OperationDfn: tryGuardVariants.assignIfUnset::getConfig.i_init()->org.ek9.lang::Void  
BasicBlock: _entry_1
RETURN
---IR_CONTENT_END---
===IR_UPDATE_END===
[ERROR] Tests run: 1, Failures: 0, Errors: 1, Skipped: 0, Time elapsed: 3.460 s <<< FAILURE! -- in org.ek9lang.compiler.ir.TryGuardVariantIRTest
[ERROR] org.ek9lang.compiler.ir.TryGuardVariantIRTest.testPhaseDevelopment -- Time elapsed: 3.386 s <<< ERROR!
org.ek9lang.core.CompilerException: Expected IR and Generated IR line difference
	at org.ek9lang.compiler.directives.IRDirectiveListener.symbolMatch(IRDirectiveListener.java:80)
	at org.ek9lang.compiler.directives.ResolutionDirectiveListener.lambda$processDirectives$0(ResolutionDirectiveListener.java:41)
	at java.base/java.util.Optional.ifPresentOrElse(Optional.java:196)
	at org.ek9lang.compiler.directives.ResolutionDirectiveListener.processDirectives(ResolutionDirectiveListener.java:41)
	at org.ek9lang.compiler.directives.IRDirectiveListener.accept(IRDirectiveListener.java:31)
	at org.ek9lang.compiler.directives.IRDirectiveListener.accept(IRDirectiveListener.java:18)
	at java.base/java.util.function.Consumer.lambda$andThen$0(Consumer.java:65)
	at java.base/java.util.function.Consumer.lambda$andThen$0(Consumer.java:65)
	at java.base/java.util.function.Consumer.lambda$andThen$0(Consumer.java:65)
	at org.ek9lang.compiler.phase7.IRGenerator.defineIR(IRGenerator.java:89)
	at org.ek9lang.compiler.phase7.IRGenerator.lambda$defineIRMultiThreaded$0(IRGenerator.java:61)
	at java.base/java.util.stream.ForEachOps$ForEachOp$OfRef.accept(ForEachOps.java:186)
	at java.base/java.util.ArrayList$ArrayListSpliterator.forEachRemaining(ArrayList.java:1716)
	at java.base/java.util.stream.AbstractPipeline.copyInto(AbstractPipeline.java:570)
	at java.base/java.util.stream.ForEachOps$ForEachTask.compute(ForEachOps.java:293)
	at java.base/java.util.concurrent.CountedCompleter.exec(CountedCompleter.java:759)
	at java.base/java.util.concurrent.ForkJoinTask.doExec(ForkJoinTask.java:511)
	at java.base/java.util.concurrent.ForkJoinPool$WorkQueue.helpComplete(ForkJoinPool.java:1537)
	at java.base/java.util.concurrent.ForkJoinPool.helpComplete(ForkJoinPool.java:2332)
	at java.base/java.util.concurrent.ForkJoinTask.awaitDone(ForkJoinTask.java:497)
	at java.base/java.util.concurrent.ForkJoinTask.join(ForkJoinTask.java:666)
	at java.base/java.util.concurrent.ForkJoinTask.invoke(ForkJoinTask.java:681)
	at java.base/java.util.stream.ForEachOps$ForEachOp.evaluateParallel(ForEachOps.java:162)
	at java.base/java.util.stream.ForEachOps$ForEachOp$OfRef.evaluateParallel(ForEachOps.java:176)
	at java.base/java.util.stream.AbstractPipeline.evaluate(AbstractPipeline.java:264)
	at java.base/java.util.stream.ReferencePipeline.forEach(ReferencePipeline.java:632)
	at java.base/java.util.stream.ReferencePipeline$Head.forEach(ReferencePipeline.java:806)
	at org.ek9lang.compiler.phase7.IRGenerator.defineIRMultiThreaded(IRGenerator.java:61)
	at org.ek9lang.compiler.phase7.IRGenerator.underTakeIRDefinition(IRGenerator.java:50)
	at org.ek9lang.compiler.phase7.IRGenerator.doApply(IRGenerator.java:45)
	at org.ek9lang.compiler.CompilerPhase.apply(CompilerPhase.java:42)
	at org.ek9lang.compiler.CompilerPhase.apply(CompilerPhase.java:15)
	at org.ek9lang.compiler.Ek9Compiler.compile(Ek9Compiler.java:59)
	at org.ek9lang.compiler.common.PhasesTest.testToPhase(PhasesTest.java:214)
	at org.ek9lang.compiler.ir.AbstractIRGenerationTest.testPhaseDevelopment(AbstractIRGenerationTest.java:49)
	at java.base/jdk.internal.reflect.DirectMethodHandleAccessor.invoke(DirectMethodHandleAccessor.java:104)
	at java.base/java.lang.reflect.Method.invoke(Method.java:565)
	at org.junit.platform.commons.util.ReflectionUtils.invokeMethod(ReflectionUtils.java:725)
	at org.junit.jupiter.engine.execution.MethodInvocation.proceed(MethodInvocation.java:60)
	at org.junit.jupiter.engine.execution.InvocationInterceptorChain$ValidatingInvocation.proceed(InvocationInterceptorChain.java:131)
	at org.junit.jupiter.engine.extension.TimeoutExtension.intercept(TimeoutExtension.java:149)
	at org.junit.jupiter.engine.extension.TimeoutExtension.interceptTestableMethod(TimeoutExtension.java:140)
	at org.junit.jupiter.engine.extension.TimeoutExtension.interceptTestMethod(TimeoutExtension.java:84)
	at org.junit.jupiter.engine.execution.ExecutableInvoker$ReflectiveInterceptorCall.lambda$ofVoidMethod$0(ExecutableInvoker.java:115)
	at org.junit.jupiter.engine.execution.ExecutableInvoker.lambda$invoke$0(ExecutableInvoker.java:105)
	at org.junit.jupiter.engine.execution.InvocationInterceptorChain$InterceptedInvocation.proceed(InvocationInterceptorChain.java:106)
	at org.junit.jupiter.engine.execution.InvocationInterceptorChain.proceed(InvocationInterceptorChain.java:64)
	at org.junit.jupiter.engine.execution.InvocationInterceptorChain.chainAndInvoke(InvocationInterceptorChain.java:45)
	at org.junit.jupiter.engine.execution.InvocationInterceptorChain.invoke(InvocationInterceptorChain.java:37)
	at org.junit.jupiter.engine.execution.ExecutableInvoker.invoke(ExecutableInvoker.java:104)
	at org.junit.jupiter.engine.execution.ExecutableInvoker.invoke(ExecutableInvoker.java:98)
	at org.junit.jupiter.engine.descriptor.TestMethodTestDescriptor.lambda$invokeTestMethod$7(TestMethodTestDescriptor.java:214)
	at org.junit.platform.engine.support.hierarchical.ThrowableCollector.execute(ThrowableCollector.java:73)
	at org.junit.jupiter.engine.descriptor.TestMethodTestDescriptor.invokeTestMethod(TestMethodTestDescriptor.java:210)
	at org.junit.jupiter.engine.descriptor.TestMethodTestDescriptor.execute(TestMethodTestDescriptor.java:135)
	at org.junit.jupiter.engine.descriptor.TestMethodTestDescriptor.execute(TestMethodTestDescriptor.java:66)
	at org.junit.platform.engine.support.hierarchical.NodeTestTask.lambda$executeRecursively$6(NodeTestTask.java:151)
	at org.junit.platform.engine.support.hierarchical.ThrowableCollector.execute(ThrowableCollector.java:73)
	at org.junit.platform.engine.support.hierarchical.NodeTestTask.lambda$executeRecursively$8(NodeTestTask.java:141)
	at org.junit.platform.engine.support.hierarchical.Node.around(Node.java:137)
	at org.junit.platform.engine.support.hierarchical.NodeTestTask.lambda$executeRecursively$9(NodeTestTask.java:139)
	at org.junit.platform.engine.support.hierarchical.ThrowableCollector.execute(ThrowableCollector.java:73)
	at org.junit.platform.engine.support.hierarchical.NodeTestTask.executeRecursively(NodeTestTask.java:138)
	at org.junit.platform.engine.support.hierarchical.NodeTestTask.execute(NodeTestTask.java:95)
	at org.junit.platform.engine.support.hierarchical.ForkJoinPoolHierarchicalTestExecutorService$ExclusiveTask.compute(ForkJoinPoolHierarchicalTestExecutorService.java:185)
	at org.junit.platform.engine.support.hierarchical.ForkJoinPoolHierarchicalTestExecutorService.invokeAll(ForkJoinPoolHierarchicalTestExecutorService.java:129)
	at org.junit.platform.engine.support.hierarchical.NodeTestTask.lambda$executeRecursively$6(NodeTestTask.java:155)
	at org.junit.platform.engine.support.hierarchical.ThrowableCollector.execute(ThrowableCollector.java:73)
	at org.junit.platform.engine.support.hierarchical.NodeTestTask.lambda$executeRecursively$8(NodeTestTask.java:141)
	at org.junit.platform.engine.support.hierarchical.Node.around(Node.java:137)
	at org.junit.platform.engine.support.hierarchical.NodeTestTask.lambda$executeRecursively$9(NodeTestTask.java:139)
	at org.junit.platform.engine.support.hierarchical.ThrowableCollector.execute(ThrowableCollector.java:73)
	at org.junit.platform.engine.support.hierarchical.NodeTestTask.executeRecursively(NodeTestTask.java:138)
	at org.junit.platform.engine.support.hierarchical.NodeTestTask.execute(NodeTestTask.java:95)
	at org.junit.platform.engine.support.hierarchical.ForkJoinPoolHierarchicalTestExecutorService$ExclusiveTask.compute(ForkJoinPoolHierarchicalTestExecutorService.java:185)
	at java.base/java.util.concurrent.RecursiveAction.exec(RecursiveAction.java:194)
	at java.base/java.util.concurrent.ForkJoinTask.doExec(ForkJoinTask.java:511)
	at java.base/java.util.concurrent.ForkJoinPool$WorkQueue.topLevelExec(ForkJoinPool.java:1450)
	at java.base/java.util.concurrent.ForkJoinPool.runWorker(ForkJoinPool.java:2019)
	at java.base/java.util.concurrent.ForkJoinWorkerThread.run(ForkJoinWorkerThread.java:187)

Line 2 differs
Expected: [OperationDfn: money.negative.literal.test::testMoneyNegativeLiteral.c_init()->org.ek9.lang::Void]
Actual:   [OperationDfn: money.negative.literal.test::testMoneyNegativeLiteral._call()->org.ek9.lang::Void  // ./money_negative_literal.ek9:76:5]
===IR_UPDATE_START===
FILE: /Users/stevelimb/IdeaProjects/ek9llvm/compiler-main/target/test-classes/examples/irGeneration/operatorUse/negativeLiterals/money_negative_literal.ek9
SYMBOL: money.negative.literal.test::testMoneyNegativeLiteral
CATEGORY: FUNCTION
---IR_CONTENT_START---

ConstructDfn: money.negative.literal.test::testMoneyNegativeLiteral()->org.ek9.lang::Void
OperationDfn: money.negative.literal.test::testMoneyNegativeLiteral._call()->org.ek9.lang::Void  // ./money_negative_literal.ek9:76:5
BasicBlock: _entry_1
SCOPE_ENTER _scope_1  // ./money_negative_literal.ek9:78:7
REFERENCE negMoneyLit, org.ek9.lang::Money  // ./money_negative_literal.ek9:78:7
_temp1 = LOAD_LITERAL -435.60#GBP, org.ek9.lang::Money  // ./money_negative_literal.ek9:78:22
RETAIN _temp1  // ./money_negative_literal.ek9:78:22
SCOPE_REGISTER _temp1, _scope_1  // ./money_negative_literal.ek9:78:22
STORE negMoneyLit, _temp1  // ./money_negative_literal.ek9:78:22
RETAIN negMoneyLit  // ./money_negative_literal.ek9:78:22
SCOPE_REGISTER negMoneyLit, _scope_1  // ./money_negative_literal.ek9:78:22
_temp2 = CONTROL_FLOW_CHAIN  // ./money_negative_literal.ek9:79:25
[
chain_type: "QUESTION_OPERATOR"
condition_chain:
[
[
case_scope_id: _scope_1
case_type: "NULL_CHECK"
condition_evaluation:
[
_temp3 = LOAD negMoneyLit  // ./money_negative_literal.ek9:79:25
_temp4 = IS_NULL _temp3  // ./money_negative_literal.ek9:79:25
]
primitive_condition: _temp4
body_evaluation:
[
_temp5 = CALL_STATIC (org.ek9.lang::Boolean)org.ek9.lang::Boolean._ofFalse() [pure=true, complexity=0]  // ./money_negative_literal.ek9:79:25
RETAIN _temp5  // ./money_negative_literal.ek9:79:25
SCOPE_REGISTER _temp5, _scope_1  // ./money_negative_literal.ek9:79:25
]
body_result: _temp5
]
]
default_body_evaluation:
[
_temp6 = CALL (org.ek9.lang::Money)_temp3._isSet() [pure=true, complexity=0]  // ./money_negative_literal.ek9:79:25
RETAIN _temp6  // ./money_negative_literal.ek9:79:25
SCOPE_REGISTER _temp6, _scope_1  // ./money_negative_literal.ek9:79:25
]
default_result: _temp6
scope_id: _scope_1
]
RETAIN _temp2  // ./money_negative_literal.ek9:79:7
SCOPE_REGISTER _temp2, _scope_1  // ./money_negative_literal.ek9:79:7
_temp7 = CALL (org.ek9.lang::Boolean)_temp2._true() [pure=true, complexity=0]  // ./money_negative_literal.ek9:79:7
ASSERT _temp7  // ./money_negative_literal.ek9:79:7
SCOPE_EXIT _scope_1  // ./money_negative_literal.ek9:78:7
RETURN  // ./money_negative_literal.ek9:76:5
OperationDfn: money.negative.literal.test::testMoneyNegativeLiteral.c_init()->org.ek9.lang::Void  
BasicBlock: _entry_1
RETURN
OperationDfn: money.negative.literal.test::testMoneyNegativeLiteral.i_init()->org.ek9.lang::Void  
BasicBlock: _entry_1
RETURN
OperationDfn: money.negative.literal.test::testMoneyNegativeLiteral.testMoneyNegativeLiteral()->money.negative.literal.test::testMoneyNegativeLiteral  // ./money_negative_literal.ek9:76:5
BasicBlock: _entry_1
CALL (money.negative.literal.test::testMoneyNegativeLiteral)this.i_init() [pure=false, complexity=0]  // ./money_negative_literal.ek9:76:5
RETURN this  // ./money_negative_literal.ek9:76:5
---IR_CONTENT_END---
===IR_UPDATE_END===
[ERROR] Tests run: 1, Failures: 0, Errors: 1, Skipped: 0, Time elapsed: 3.578 s <<< FAILURE! -- in org.ek9lang.compiler.ir.NegativeVsUnaryIRTest
[ERROR] org.ek9lang.compiler.ir.NegativeVsUnaryIRTest.testPhaseDevelopment -- Time elapsed: 3.502 s <<< ERROR!
org.ek9lang.core.CompilerException: Expected IR and Generated IR line difference
	at org.ek9lang.compiler.directives.IRDirectiveListener.symbolMatch(IRDirectiveListener.java:80)
	at org.ek9lang.compiler.directives.ResolutionDirectiveListener.lambda$processDirectives$0(ResolutionDirectiveListener.java:41)
	at java.base/java.util.Optional.ifPresentOrElse(Optional.java:196)
	at org.ek9lang.compiler.directives.ResolutionDirectiveListener.processDirectives(ResolutionDirectiveListener.java:41)
	at org.ek9lang.compiler.directives.IRDirectiveListener.accept(IRDirectiveListener.java:31)
	at org.ek9lang.compiler.directives.IRDirectiveListener.accept(IRDirectiveListener.java:18)
	at java.base/java.util.function.Consumer.lambda$andThen$0(Consumer.java:65)
	at java.base/java.util.function.Consumer.lambda$andThen$0(Consumer.java:65)
	at java.base/java.util.function.Consumer.lambda$andThen$0(Consumer.java:65)
	at org.ek9lang.compiler.phase7.IRGenerator.defineIR(IRGenerator.java:89)
	at org.ek9lang.compiler.phase7.IRGenerator.lambda$defineIRMultiThreaded$0(IRGenerator.java:61)
	at java.base/java.util.stream.ForEachOps$ForEachOp$OfRef.accept(ForEachOps.java:186)
	at java.base/java.util.ArrayList$ArrayListSpliterator.forEachRemaining(ArrayList.java:1716)
	at java.base/java.util.stream.AbstractPipeline.copyInto(AbstractPipeline.java:570)
	at java.base/java.util.stream.ForEachOps$ForEachTask.compute(ForEachOps.java:293)
	at java.base/java.util.concurrent.CountedCompleter.exec(CountedCompleter.java:759)
	at java.base/java.util.concurrent.ForkJoinTask.doExec(ForkJoinTask.java:511)
	at java.base/java.util.concurrent.ForkJoinPool$WorkQueue.helpComplete(ForkJoinPool.java:1537)
	at java.base/java.util.concurrent.ForkJoinPool.helpComplete(ForkJoinPool.java:2332)
	at java.base/java.util.concurrent.ForkJoinTask.awaitDone(ForkJoinTask.java:497)
	at java.base/java.util.concurrent.ForkJoinTask.join(ForkJoinTask.java:666)
	at java.base/java.util.concurrent.ForkJoinTask.invoke(ForkJoinTask.java:681)
	at java.base/java.util.stream.ForEachOps$ForEachOp.evaluateParallel(ForEachOps.java:162)
	at java.base/java.util.stream.ForEachOps$ForEachOp$OfRef.evaluateParallel(ForEachOps.java:176)
	at java.base/java.util.stream.AbstractPipeline.evaluate(AbstractPipeline.java:264)
	at java.base/java.util.stream.ReferencePipeline.forEach(ReferencePipeline.java:632)
	at java.base/java.util.stream.ReferencePipeline$Head.forEach(ReferencePipeline.java:806)
	at org.ek9lang.compiler.phase7.IRGenerator.defineIRMultiThreaded(IRGenerator.java:61)
	at org.ek9lang.compiler.phase7.IRGenerator.underTakeIRDefinition(IRGenerator.java:50)
	at org.ek9lang.compiler.phase7.IRGenerator.doApply(IRGenerator.java:45)
	at org.ek9lang.compiler.CompilerPhase.apply(CompilerPhase.java:42)
	at org.ek9lang.compiler.CompilerPhase.apply(CompilerPhase.java:15)
	at org.ek9lang.compiler.Ek9Compiler.compile(Ek9Compiler.java:59)
	at org.ek9lang.compiler.common.PhasesTest.testToPhase(PhasesTest.java:214)
	at org.ek9lang.compiler.ir.AbstractIRGenerationTest.testPhaseDevelopment(AbstractIRGenerationTest.java:49)
	at java.base/jdk.internal.reflect.DirectMethodHandleAccessor.invoke(DirectMethodHandleAccessor.java:104)
	at java.base/java.lang.reflect.Method.invoke(Method.java:565)
	at org.junit.platform.commons.util.ReflectionUtils.invokeMethod(ReflectionUtils.java:725)
	at org.junit.jupiter.engine.execution.MethodInvocation.proceed(MethodInvocation.java:60)
	at org.junit.jupiter.engine.execution.InvocationInterceptorChain$ValidatingInvocation.proceed(InvocationInterceptorChain.java:131)
	at org.junit.jupiter.engine.extension.TimeoutExtension.intercept(TimeoutExtension.java:149)
	at org.junit.jupiter.engine.extension.TimeoutExtension.interceptTestableMethod(TimeoutExtension.java:140)
	at org.junit.jupiter.engine.extension.TimeoutExtension.interceptTestMethod(TimeoutExtension.java:84)
	at org.junit.jupiter.engine.execution.ExecutableInvoker$ReflectiveInterceptorCall.lambda$ofVoidMethod$0(ExecutableInvoker.java:115)
	at org.junit.jupiter.engine.execution.ExecutableInvoker.lambda$invoke$0(ExecutableInvoker.java:105)
	at org.junit.jupiter.engine.execution.InvocationInterceptorChain$InterceptedInvocation.proceed(InvocationInterceptorChain.java:106)
	at org.junit.jupiter.engine.execution.InvocationInterceptorChain.proceed(InvocationInterceptorChain.java:64)
	at org.junit.jupiter.engine.execution.InvocationInterceptorChain.chainAndInvoke(InvocationInterceptorChain.java:45)
	at org.junit.jupiter.engine.execution.InvocationInterceptorChain.invoke(InvocationInterceptorChain.java:37)
	at org.junit.jupiter.engine.execution.ExecutableInvoker.invoke(ExecutableInvoker.java:104)
	at org.junit.jupiter.engine.execution.ExecutableInvoker.invoke(ExecutableInvoker.java:98)
	at org.junit.jupiter.engine.descriptor.TestMethodTestDescriptor.lambda$invokeTestMethod$7(TestMethodTestDescriptor.java:214)
	at org.junit.platform.engine.support.hierarchical.ThrowableCollector.execute(ThrowableCollector.java:73)
	at org.junit.jupiter.engine.descriptor.TestMethodTestDescriptor.invokeTestMethod(TestMethodTestDescriptor.java:210)
	at org.junit.jupiter.engine.descriptor.TestMethodTestDescriptor.execute(TestMethodTestDescriptor.java:135)
	at org.junit.jupiter.engine.descriptor.TestMethodTestDescriptor.execute(TestMethodTestDescriptor.java:66)
	at org.junit.platform.engine.support.hierarchical.NodeTestTask.lambda$executeRecursively$6(NodeTestTask.java:151)
	at org.junit.platform.engine.support.hierarchical.ThrowableCollector.execute(ThrowableCollector.java:73)
	at org.junit.platform.engine.support.hierarchical.NodeTestTask.lambda$executeRecursively$8(NodeTestTask.java:141)
	at org.junit.platform.engine.support.hierarchical.Node.around(Node.java:137)
	at org.junit.platform.engine.support.hierarchical.NodeTestTask.lambda$executeRecursively$9(NodeTestTask.java:139)
	at org.junit.platform.engine.support.hierarchical.ThrowableCollector.execute(ThrowableCollector.java:73)
	at org.junit.platform.engine.support.hierarchical.NodeTestTask.executeRecursively(NodeTestTask.java:138)
	at org.junit.platform.engine.support.hierarchical.NodeTestTask.execute(NodeTestTask.java:95)
	at org.junit.platform.engine.support.hierarchical.ForkJoinPoolHierarchicalTestExecutorService$ExclusiveTask.compute(ForkJoinPoolHierarchicalTestExecutorService.java:185)
	at org.junit.platform.engine.support.hierarchical.ForkJoinPoolHierarchicalTestExecutorService.invokeAll(ForkJoinPoolHierarchicalTestExecutorService.java:129)
	at org.junit.platform.engine.support.hierarchical.NodeTestTask.lambda$executeRecursively$6(NodeTestTask.java:155)
	at org.junit.platform.engine.support.hierarchical.ThrowableCollector.execute(ThrowableCollector.java:73)
	at org.junit.platform.engine.support.hierarchical.NodeTestTask.lambda$executeRecursively$8(NodeTestTask.java:141)
	at org.junit.platform.engine.support.hierarchical.Node.around(Node.java:137)
	at org.junit.platform.engine.support.hierarchical.NodeTestTask.lambda$executeRecursively$9(NodeTestTask.java:139)
	at org.junit.platform.engine.support.hierarchical.ThrowableCollector.execute(ThrowableCollector.java:73)
	at org.junit.platform.engine.support.hierarchical.NodeTestTask.executeRecursively(NodeTestTask.java:138)
	at org.junit.platform.engine.support.hierarchical.NodeTestTask.execute(NodeTestTask.java:95)
	at org.junit.platform.engine.support.hierarchical.ForkJoinPoolHierarchicalTestExecutorService$ExclusiveTask.compute(ForkJoinPoolHierarchicalTestExecutorService.java:185)
	at java.base/java.util.concurrent.RecursiveAction.exec(RecursiveAction.java:194)
	at java.base/java.util.concurrent.ForkJoinTask.doExec(ForkJoinTask.java:511)
	at java.base/java.util.concurrent.ForkJoinPool$WorkQueue.topLevelExec(ForkJoinPool.java:1450)
	at java.base/java.util.concurrent.ForkJoinPool.runWorker(ForkJoinPool.java:2019)
	at java.base/java.util.concurrent.ForkJoinWorkerThread.run(ForkJoinWorkerThread.java:187)

Line 2 differs
Expected: [OperationDfn: exceptionHandling.guard::tryWithGuard.c_init()->org.ek9.lang::Void]
Actual:   [OperationDfn: exceptionHandling.guard::tryWithGuard._call()->org.ek9.lang::Void  // ./tryWithGuard.ek9:196:5]
===IR_UPDATE_START===
FILE: /Users/stevelimb/IdeaProjects/ek9llvm/compiler-main/target/test-classes/examples/irGeneration/exceptionHandling/tryWithGuard.ek9
SYMBOL: exceptionHandling.guard::tryWithGuard
CATEGORY: FUNCTION
---IR_CONTENT_START---

ConstructDfn: exceptionHandling.guard::tryWithGuard()->org.ek9.lang::Void
OperationDfn: exceptionHandling.guard::tryWithGuard._call()->org.ek9.lang::Void  // ./tryWithGuard.ek9:196:5
BasicBlock: _entry_1
SCOPE_ENTER _scope_1  // ./tryWithGuard.ek9:197:7
REFERENCE stdout, org.ek9.lang::Stdout  // ./tryWithGuard.ek9:197:7
_temp1 = CALL (org.ek9.lang::Stdout)org.ek9.lang::Stdout.<init>() [pure=true, complexity=1, effects=IO,RETURN_MUTATION]  // ./tryWithGuard.ek9:197:17
RETAIN _temp1  // ./tryWithGuard.ek9:197:17
SCOPE_REGISTER _temp1, _scope_1  // ./tryWithGuard.ek9:197:17
STORE stdout, _temp1  // ./tryWithGuard.ek9:197:17
RETAIN stdout  // ./tryWithGuard.ek9:197:17
SCOPE_REGISTER stdout, _scope_1  // ./tryWithGuard.ek9:197:17
SCOPE_ENTER _scope_2  // ./tryWithGuard.ek9:199:7
REFERENCE config, org.ek9.lang::String  // ./tryWithGuard.ek9:199:11
_temp4 = FUNCTION_INSTANCE exceptionHandling.guard::getConfig  // ./tryWithGuard.ek9:199:21
_temp2 = CALL (exceptionHandling.guard::getConfig)_temp4._call() [pure=false, complexity=2, effects=RETURN_MUTATION]  // ./tryWithGuard.ek9:199:21
RETAIN _temp2  // ./tryWithGuard.ek9:199:21
SCOPE_REGISTER _temp2, _scope_2  // ./tryWithGuard.ek9:199:21
STORE config, _temp2  // ./tryWithGuard.ek9:199:21
RETAIN config  // ./tryWithGuard.ek9:199:21
SCOPE_REGISTER config, _scope_2  // ./tryWithGuard.ek9:199:21
_temp5 = CONTROL_FLOW_CHAIN  // ./tryWithGuard.ek9:199:11
[
chain_type: "QUESTION_OPERATOR"
condition_chain:
[
[
case_scope_id: _scope_2
case_type: "NULL_CHECK"
condition_evaluation:
[
_temp6 = IS_NULL config  // ./tryWithGuard.ek9:199:11
]
primitive_condition: _temp6
body_evaluation:
[
_temp7 = CALL_STATIC (org.ek9.lang::Boolean)org.ek9.lang::Boolean._ofFalse() [pure=true, complexity=0]  // ./tryWithGuard.ek9:199:11
RETAIN _temp7  // ./tryWithGuard.ek9:199:11
SCOPE_REGISTER _temp7, _scope_2  // ./tryWithGuard.ek9:199:11
]
body_result: _temp7
]
]
default_body_evaluation:
[
_temp8 = LOAD config  // ./tryWithGuard.ek9:199:11
_temp9 = CALL (org.ek9.lang::String)_temp8._isSet() [pure=true, complexity=0]  // ./tryWithGuard.ek9:199:11
RETAIN _temp9  // ./tryWithGuard.ek9:199:11
SCOPE_REGISTER _temp9, _scope_2  // ./tryWithGuard.ek9:199:11
]
default_result: _temp9
scope_id: _scope_2
]
_temp10 = CALL (org.ek9.lang::Boolean)_temp5._true() [pure=true, complexity=0]  // ./tryWithGuard.ek9:199:11
CONTROL_FLOW_CHAIN  // ./tryWithGuard.ek9:199:7
[
chain_type: "IF_ELSE_IF"
condition_chain:
[
[
case_scope_id: _scope_2
case_type: "EXPRESSION"
condition_evaluation:
[
]
condition_result: _temp5
primitive_condition: _temp10
body_evaluation:
[
SCOPE_ENTER _scope_3  // ./tryWithGuard.ek9:199:7
CONTROL_FLOW_CHAIN  // ./tryWithGuard.ek9:199:7
[
chain_type: "TRY_CATCH_FINALLY"
try_block_details:
[
try_scope_id: _scope_4
try_body_evaluation:
[
SCOPE_ENTER _scope_4  // ./tryWithGuard.ek9:199:7
_temp12 = LOAD stdout  // ./tryWithGuard.ek9:200:9
RETAIN _temp12  // ./tryWithGuard.ek9:200:9
SCOPE_REGISTER _temp12, _scope_4  // ./tryWithGuard.ek9:200:9
_temp13 = LOAD_LITERAL Config loaded:, org.ek9.lang::String  // ./tryWithGuard.ek9:200:24
RETAIN _temp13  // ./tryWithGuard.ek9:200:24
SCOPE_REGISTER _temp13, _scope_4  // ./tryWithGuard.ek9:200:24
CALL (org.ek9.lang::Stdout)_temp12.println(_temp13) [pure=true, complexity=1]  // ./tryWithGuard.ek9:200:16
_temp15 = LOAD stdout  // ./tryWithGuard.ek9:201:9
RETAIN _temp15  // ./tryWithGuard.ek9:201:9
SCOPE_REGISTER _temp15, _scope_4  // ./tryWithGuard.ek9:201:9
_temp16 = LOAD config  // ./tryWithGuard.ek9:201:24
RETAIN _temp16  // ./tryWithGuard.ek9:201:24
SCOPE_REGISTER _temp16, _scope_4  // ./tryWithGuard.ek9:201:24
CALL (org.ek9.lang::Stdout)_temp15.println(_temp16) [pure=true, complexity=1]  // ./tryWithGuard.ek9:201:16
SCOPE_EXIT _scope_4  // ./tryWithGuard.ek9:199:7
]
]
condition_chain:
[
[
case_scope_id: _scope_5
case_type: "EXCEPTION_HANDLER"
condition_evaluation:
[
]
body_evaluation:
[
SCOPE_ENTER _scope_5  // ./tryWithGuard.ek9:202:7
REFERENCE ex, org.ek9.lang::Exception  // ./tryWithGuard.ek9:202:7
SCOPE_REGISTER ex, _scope_5  // ./tryWithGuard.ek9:202:7
_temp18 = LOAD stdout  // ./tryWithGuard.ek9:204:9
RETAIN _temp18  // ./tryWithGuard.ek9:204:9
SCOPE_REGISTER _temp18, _scope_5  // ./tryWithGuard.ek9:204:9
_temp19 = LOAD_LITERAL Failed to load config, org.ek9.lang::String  // ./tryWithGuard.ek9:204:24
RETAIN _temp19  // ./tryWithGuard.ek9:204:24
SCOPE_REGISTER _temp19, _scope_5  // ./tryWithGuard.ek9:204:24
CALL (org.ek9.lang::Stdout)_temp18.println(_temp19) [pure=true, complexity=1]  // ./tryWithGuard.ek9:204:16
SCOPE_EXIT _scope_5  // ./tryWithGuard.ek9:202:7
]
exception_type: "org.ek9.lang::Exception"
exception_variable: ex
]
]
finally_block_evaluation:
[
SCOPE_ENTER _scope_6  // ./tryWithGuard.ek9:205:7
_temp21 = LOAD stdout  // ./tryWithGuard.ek9:206:9
RETAIN _temp21  // ./tryWithGuard.ek9:206:9
SCOPE_REGISTER _temp21, _scope_6  // ./tryWithGuard.ek9:206:9
_temp22 = LOAD_LITERAL Cleanup complete, org.ek9.lang::String  // ./tryWithGuard.ek9:206:24
RETAIN _temp22  // ./tryWithGuard.ek9:206:24
SCOPE_REGISTER _temp22, _scope_6  // ./tryWithGuard.ek9:206:24
CALL (org.ek9.lang::Stdout)_temp21.println(_temp22) [pure=true, complexity=1]  // ./tryWithGuard.ek9:206:16
SCOPE_EXIT _scope_6  // ./tryWithGuard.ek9:205:7
]
scope_id: _scope_3
]
SCOPE_EXIT _scope_3  // ./tryWithGuard.ek9:199:7
]
]
]
scope_id: _scope_2
]
SCOPE_EXIT _scope_2  // ./tryWithGuard.ek9:199:7
SCOPE_EXIT _scope_1  // ./tryWithGuard.ek9:197:7
RETURN  // ./tryWithGuard.ek9:196:5
OperationDfn: exceptionHandling.guard::tryWithGuard.c_init()->org.ek9.lang::Void  
BasicBlock: _entry_1
RETURN
OperationDfn: exceptionHandling.guard::tryWithGuard.i_init()->org.ek9.lang::Void  
BasicBlock: _entry_1
RETURN
OperationDfn: exceptionHandling.guard::tryWithGuard.tryWithGuard()->exceptionHandling.guard::tryWithGuard  // ./tryWithGuard.ek9:196:5
BasicBlock: _entry_1
CALL (exceptionHandling.guard::tryWithGuard)this.i_init() [pure=false, complexity=0]  // ./tryWithGuard.ek9:196:5
RETURN this  // ./tryWithGuard.ek9:196:5
---IR_CONTENT_END---
===IR_UPDATE_END===
[ERROR] Tests run: 1, Failures: 0, Errors: 1, Skipped: 0, Time elapsed: 3.732 s <<< FAILURE! -- in org.ek9lang.compiler.ir.ExceptionHandlingIRTest
[ERROR] org.ek9lang.compiler.ir.ExceptionHandlingIRTest.testPhaseDevelopment -- Time elapsed: 3.653 s <<< ERROR!
org.ek9lang.core.CompilerException: Expected IR and Generated IR line difference
	at org.ek9lang.compiler.directives.IRDirectiveListener.symbolMatch(IRDirectiveListener.java:80)
	at org.ek9lang.compiler.directives.ResolutionDirectiveListener.lambda$processDirectives$0(ResolutionDirectiveListener.java:41)
	at java.base/java.util.Optional.ifPresentOrElse(Optional.java:196)
	at org.ek9lang.compiler.directives.ResolutionDirectiveListener.processDirectives(ResolutionDirectiveListener.java:41)
	at org.ek9lang.compiler.directives.IRDirectiveListener.accept(IRDirectiveListener.java:31)
	at org.ek9lang.compiler.directives.IRDirectiveListener.accept(IRDirectiveListener.java:18)
	at java.base/java.util.function.Consumer.lambda$andThen$0(Consumer.java:65)
	at java.base/java.util.function.Consumer.lambda$andThen$0(Consumer.java:65)
	at java.base/java.util.function.Consumer.lambda$andThen$0(Consumer.java:65)
	at org.ek9lang.compiler.phase7.IRGenerator.defineIR(IRGenerator.java:89)
	at org.ek9lang.compiler.phase7.IRGenerator.lambda$defineIRMultiThreaded$0(IRGenerator.java:61)
	at java.base/java.util.stream.ForEachOps$ForEachOp$OfRef.accept(ForEachOps.java:186)
	at java.base/java.util.ArrayList$ArrayListSpliterator.forEachRemaining(ArrayList.java:1716)
	at java.base/java.util.stream.AbstractPipeline.copyInto(AbstractPipeline.java:570)
	at java.base/java.util.stream.ForEachOps$ForEachTask.compute(ForEachOps.java:293)
	at java.base/java.util.concurrent.CountedCompleter.exec(CountedCompleter.java:759)
	at java.base/java.util.concurrent.ForkJoinTask.doExec(ForkJoinTask.java:511)
	at java.base/java.util.concurrent.ForkJoinPool$WorkQueue.helpComplete(ForkJoinPool.java:1537)
	at java.base/java.util.concurrent.ForkJoinPool.helpComplete(ForkJoinPool.java:2332)
	at java.base/java.util.concurrent.ForkJoinTask.awaitDone(ForkJoinTask.java:497)
	at java.base/java.util.concurrent.ForkJoinTask.join(ForkJoinTask.java:666)
	at java.base/java.util.concurrent.ForkJoinTask.invoke(ForkJoinTask.java:681)
	at java.base/java.util.stream.ForEachOps$ForEachOp.evaluateParallel(ForEachOps.java:162)
	at java.base/java.util.stream.ForEachOps$ForEachOp$OfRef.evaluateParallel(ForEachOps.java:176)
	at java.base/java.util.stream.AbstractPipeline.evaluate(AbstractPipeline.java:264)
	at java.base/java.util.stream.ReferencePipeline.forEach(ReferencePipeline.java:632)
	at java.base/java.util.stream.ReferencePipeline$Head.forEach(ReferencePipeline.java:806)
	at org.ek9lang.compiler.phase7.IRGenerator.defineIRMultiThreaded(IRGenerator.java:61)
	at org.ek9lang.compiler.phase7.IRGenerator.underTakeIRDefinition(IRGenerator.java:50)
	at org.ek9lang.compiler.phase7.IRGenerator.doApply(IRGenerator.java:45)
	at org.ek9lang.compiler.CompilerPhase.apply(CompilerPhase.java:42)
	at org.ek9lang.compiler.CompilerPhase.apply(CompilerPhase.java:15)
	at org.ek9lang.compiler.Ek9Compiler.compile(Ek9Compiler.java:59)
	at org.ek9lang.compiler.common.PhasesTest.testToPhase(PhasesTest.java:214)
	at org.ek9lang.compiler.ir.AbstractIRGenerationTest.testPhaseDevelopment(AbstractIRGenerationTest.java:49)
	at java.base/jdk.internal.reflect.DirectMethodHandleAccessor.invoke(DirectMethodHandleAccessor.java:104)
	at java.base/java.lang.reflect.Method.invoke(Method.java:565)
	at org.junit.platform.commons.util.ReflectionUtils.invokeMethod(ReflectionUtils.java:725)
	at org.junit.jupiter.engine.execution.MethodInvocation.proceed(MethodInvocation.java:60)
	at org.junit.jupiter.engine.execution.InvocationInterceptorChain$ValidatingInvocation.proceed(InvocationInterceptorChain.java:131)
	at org.junit.jupiter.engine.extension.TimeoutExtension.intercept(TimeoutExtension.java:149)
	at org.junit.jupiter.engine.extension.TimeoutExtension.interceptTestableMethod(TimeoutExtension.java:140)
	at org.junit.jupiter.engine.extension.TimeoutExtension.interceptTestMethod(TimeoutExtension.java:84)
	at org.junit.jupiter.engine.execution.ExecutableInvoker$ReflectiveInterceptorCall.lambda$ofVoidMethod$0(ExecutableInvoker.java:115)
	at org.junit.jupiter.engine.execution.ExecutableInvoker.lambda$invoke$0(ExecutableInvoker.java:105)
	at org.junit.jupiter.engine.execution.InvocationInterceptorChain$InterceptedInvocation.proceed(InvocationInterceptorChain.java:106)
	at org.junit.jupiter.engine.execution.InvocationInterceptorChain.proceed(InvocationInterceptorChain.java:64)
	at org.junit.jupiter.engine.execution.InvocationInterceptorChain.chainAndInvoke(InvocationInterceptorChain.java:45)
	at org.junit.jupiter.engine.execution.InvocationInterceptorChain.invoke(InvocationInterceptorChain.java:37)
	at org.junit.jupiter.engine.execution.ExecutableInvoker.invoke(ExecutableInvoker.java:104)
	at org.junit.jupiter.engine.execution.ExecutableInvoker.invoke(ExecutableInvoker.java:98)
	at org.junit.jupiter.engine.descriptor.TestMethodTestDescriptor.lambda$invokeTestMethod$7(TestMethodTestDescriptor.java:214)
	at org.junit.platform.engine.support.hierarchical.ThrowableCollector.execute(ThrowableCollector.java:73)
	at org.junit.jupiter.engine.descriptor.TestMethodTestDescriptor.invokeTestMethod(TestMethodTestDescriptor.java:210)
	at org.junit.jupiter.engine.descriptor.TestMethodTestDescriptor.execute(TestMethodTestDescriptor.java:135)
	at org.junit.jupiter.engine.descriptor.TestMethodTestDescriptor.execute(TestMethodTestDescriptor.java:66)
	at org.junit.platform.engine.support.hierarchical.NodeTestTask.lambda$executeRecursively$6(NodeTestTask.java:151)
	at org.junit.platform.engine.support.hierarchical.ThrowableCollector.execute(ThrowableCollector.java:73)
	at org.junit.platform.engine.support.hierarchical.NodeTestTask.lambda$executeRecursively$8(NodeTestTask.java:141)
	at org.junit.platform.engine.support.hierarchical.Node.around(Node.java:137)
	at org.junit.platform.engine.support.hierarchical.NodeTestTask.lambda$executeRecursively$9(NodeTestTask.java:139)
	at org.junit.platform.engine.support.hierarchical.ThrowableCollector.execute(ThrowableCollector.java:73)
	at org.junit.platform.engine.support.hierarchical.NodeTestTask.executeRecursively(NodeTestTask.java:138)
	at org.junit.platform.engine.support.hierarchical.NodeTestTask.execute(NodeTestTask.java:95)
	at org.junit.platform.engine.support.hierarchical.ForkJoinPoolHierarchicalTestExecutorService$ExclusiveTask.compute(ForkJoinPoolHierarchicalTestExecutorService.java:185)
	at org.junit.platform.engine.support.hierarchical.ForkJoinPoolHierarchicalTestExecutorService.invokeAll(ForkJoinPoolHierarchicalTestExecutorService.java:129)
	at org.junit.platform.engine.support.hierarchical.NodeTestTask.lambda$executeRecursively$6(NodeTestTask.java:155)
	at org.junit.platform.engine.support.hierarchical.ThrowableCollector.execute(ThrowableCollector.java:73)
	at org.junit.platform.engine.support.hierarchical.NodeTestTask.lambda$executeRecursively$8(NodeTestTask.java:141)
	at org.junit.platform.engine.support.hierarchical.Node.around(Node.java:137)
	at org.junit.platform.engine.support.hierarchical.NodeTestTask.lambda$executeRecursively$9(NodeTestTask.java:139)
	at org.junit.platform.engine.support.hierarchical.ThrowableCollector.execute(ThrowableCollector.java:73)
	at org.junit.platform.engine.support.hierarchical.NodeTestTask.executeRecursively(NodeTestTask.java:138)
	at org.junit.platform.engine.support.hierarchical.NodeTestTask.execute(NodeTestTask.java:95)
	at org.junit.platform.engine.support.hierarchical.ForkJoinPoolHierarchicalTestExecutorService$ExclusiveTask.compute(ForkJoinPoolHierarchicalTestExecutorService.java:185)
	at java.base/java.util.concurrent.RecursiveAction.exec(RecursiveAction.java:194)
	at java.base/java.util.concurrent.ForkJoinTask.doExec(ForkJoinTask.java:511)
	at java.base/java.util.concurrent.ForkJoinPool$WorkQueue.topLevelExec(ForkJoinPool.java:1450)
	at java.base/java.util.concurrent.ForkJoinPool.runWorker(ForkJoinPool.java:2019)
	at java.base/java.util.concurrent.ForkJoinWorkerThread.run(ForkJoinWorkerThread.java:187)

Line 2 differs
Expected: [OperationDfn: exceptionHandling::testMultipleResources.c_init()->org.ek9.lang::Void]
Actual:   [OperationDfn: exceptionHandling::testMultipleResources._call()->org.ek9.lang::String  // ./tryWithMultipleResources.ek9:118:5]
===IR_UPDATE_START===
FILE: /Users/stevelimb/IdeaProjects/ek9llvm/compiler-main/target/test-classes/examples/irGeneration/exceptionHandling/tryWithMultipleResources.ek9
SYMBOL: exceptionHandling::testMultipleResources
CATEGORY: FUNCTION
---IR_CONTENT_START---

ConstructDfn: exceptionHandling::testMultipleResources()->org.ek9.lang::String
OperationDfn: exceptionHandling::testMultipleResources._call()->org.ek9.lang::String  // ./tryWithMultipleResources.ek9:118:5
BasicBlock: _entry_1
SCOPE_ENTER _scope_1  // ./tryWithMultipleResources.ek9:121:7
REFERENCE rtn, org.ek9.lang::String  // ./tryWithMultipleResources.ek9:119:10
_temp1 = CALL (org.ek9.lang::String)org.ek9.lang::String.<init>() [pure=true, complexity=1, effects=RETURN_MUTATION]  // ./tryWithMultipleResources.ek9:119:25
RETAIN _temp1  // ./tryWithMultipleResources.ek9:119:25
SCOPE_REGISTER _temp1, _scope_1  // ./tryWithMultipleResources.ek9:119:25
STORE rtn, _temp1  // ./tryWithMultipleResources.ek9:119:25
RETAIN rtn  // ./tryWithMultipleResources.ek9:119:25
SCOPE_ENTER _scope_2  // ./tryWithMultipleResources.ek9:121:7
SCOPE_ENTER _scope_3  // ./tryWithMultipleResources.ek9:121:7
REFERENCE resource1, exceptionHandling::SimpleResource1  // ./tryWithMultipleResources.ek9:123:11
_temp3 = LOAD_LITERAL first, org.ek9.lang::String  // ./tryWithMultipleResources.ek9:123:40
_temp2 = CALL (exceptionHandling::SimpleResource1)exceptionHandling::SimpleResource1.<init>(_temp3) [pure=false, complexity=2, effects=RETURN_MUTATION]  // ./tryWithMultipleResources.ek9:123:24
STORE resource1, _temp2  // ./tryWithMultipleResources.ek9:123:11
SCOPE_REGISTER resource1, _scope_3  // ./tryWithMultipleResources.ek9:123:11
RETAIN resource1  // ./tryWithMultipleResources.ek9:123:11
REFERENCE resource2, exceptionHandling::SimpleResource1  // ./tryWithMultipleResources.ek9:124:11
_temp5 = LOAD_LITERAL second, org.ek9.lang::String  // ./tryWithMultipleResources.ek9:124:40
_temp4 = CALL (exceptionHandling::SimpleResource1)exceptionHandling::SimpleResource1.<init>(_temp5) [pure=false, complexity=2, effects=RETURN_MUTATION]  // ./tryWithMultipleResources.ek9:124:24
STORE resource2, _temp4  // ./tryWithMultipleResources.ek9:124:11
SCOPE_REGISTER resource2, _scope_3  // ./tryWithMultipleResources.ek9:124:11
RETAIN resource2  // ./tryWithMultipleResources.ek9:124:11
SCOPE_ENTER _scope_4  // ./tryWithMultipleResources.ek9:121:7
CONTROL_FLOW_CHAIN  // ./tryWithMultipleResources.ek9:121:7
[
chain_type: "TRY_CATCH_FINALLY"
try_block_details:
[
try_scope_id: _scope_5
try_body_evaluation:
[
SCOPE_ENTER _scope_5  // ./tryWithMultipleResources.ek9:121:7
_temp6 = LOAD_LITERAL OK, org.ek9.lang::String  // ./tryWithMultipleResources.ek9:125:14
RETAIN _temp6  // ./tryWithMultipleResources.ek9:125:14
SCOPE_REGISTER _temp6, _scope_5  // ./tryWithMultipleResources.ek9:125:14
RELEASE rtn  // ./tryWithMultipleResources.ek9:125:14
STORE rtn, _temp6  // ./tryWithMultipleResources.ek9:125:14
RETAIN rtn  // ./tryWithMultipleResources.ek9:125:14
SCOPE_EXIT _scope_5  // ./tryWithMultipleResources.ek9:121:7
]
]
condition_chain:
[
[
case_scope_id: _scope_6
case_type: "EXCEPTION_HANDLER"
condition_evaluation:
[
]
body_evaluation:
[
SCOPE_ENTER _scope_6  // ./tryWithMultipleResources.ek9:126:7
REFERENCE ex, org.ek9.lang::Exception  // ./tryWithMultipleResources.ek9:126:7
SCOPE_REGISTER ex, _scope_6  // ./tryWithMultipleResources.ek9:126:7
_temp7 = LOAD_LITERAL ERROR, org.ek9.lang::String  // ./tryWithMultipleResources.ek9:128:14
RETAIN _temp7  // ./tryWithMultipleResources.ek9:128:14
SCOPE_REGISTER _temp7, _scope_6  // ./tryWithMultipleResources.ek9:128:14
RELEASE rtn  // ./tryWithMultipleResources.ek9:128:14
STORE rtn, _temp7  // ./tryWithMultipleResources.ek9:128:14
RETAIN rtn  // ./tryWithMultipleResources.ek9:128:14
SCOPE_EXIT _scope_6  // ./tryWithMultipleResources.ek9:126:7
]
exception_type: "org.ek9.lang::Exception"
exception_variable: ex
]
]
finally_block_evaluation:
[
SCOPE_ENTER _scope_7  // ./tryWithMultipleResources.ek9:121:7
CALL (exceptionHandling::SimpleResource1)resource2._close() [pure=true, complexity=0]  // ./tryWithMultipleResources.ek9:124:11
CALL (exceptionHandling::SimpleResource1)resource1._close() [pure=true, complexity=0]  // ./tryWithMultipleResources.ek9:123:11
SCOPE_EXIT _scope_7  // ./tryWithMultipleResources.ek9:121:7
]
scope_id: _scope_4
]
SCOPE_EXIT _scope_4  // ./tryWithMultipleResources.ek9:121:7
SCOPE_EXIT _scope_3  // ./tryWithMultipleResources.ek9:121:7
SCOPE_EXIT _scope_2  // ./tryWithMultipleResources.ek9:121:7
SCOPE_EXIT _scope_1  // ./tryWithMultipleResources.ek9:121:7
RETURN rtn  // ./tryWithMultipleResources.ek9:119:10
OperationDfn: exceptionHandling::testMultipleResources.testMultipleResources()->exceptionHandling::testMultipleResources  // ./tryWithMultipleResources.ek9:118:5
BasicBlock: _entry_1
CALL (exceptionHandling::testMultipleResources)this.i_init() [pure=false, complexity=0]  // ./tryWithMultipleResources.ek9:118:5
RETURN this  // ./tryWithMultipleResources.ek9:118:5
OperationDfn: exceptionHandling::testMultipleResources.c_init()->org.ek9.lang::Void  
BasicBlock: _entry_1
RETURN
OperationDfn: exceptionHandling::testMultipleResources.i_init()->org.ek9.lang::Void  
BasicBlock: _entry_1
RETURN
---IR_CONTENT_END---
===IR_UPDATE_END===
[ERROR] Tests run: 1, Failures: 0, Errors: 1, Skipped: 0, Time elapsed: 3.683 s <<< FAILURE! -- in org.ek9lang.compiler.ir.AssignmentOperatorIRTest
[ERROR] org.ek9lang.compiler.ir.AssignmentOperatorIRTest.testPhaseDevelopment -- Time elapsed: 3.675 s <<< ERROR!
org.ek9lang.core.CompilerException: Unable to locate IRConstruct: anaddass.test::testAddAssignment
	at org.ek9lang.compiler.directives.IRDirectiveListener.lambda$symbolMatch$3(IRDirectiveListener.java:59)
	at java.base/java.util.Optional.orElseThrow(Optional.java:403)
	at org.ek9lang.compiler.directives.IRDirectiveListener.symbolMatch(IRDirectiveListener.java:58)
	at org.ek9lang.compiler.directives.ResolutionDirectiveListener.lambda$processDirectives$0(ResolutionDirectiveListener.java:41)
	at java.base/java.util.Optional.ifPresentOrElse(Optional.java:196)
	at org.ek9lang.compiler.directives.ResolutionDirectiveListener.processDirectives(ResolutionDirectiveListener.java:41)
	at org.ek9lang.compiler.directives.IRDirectiveListener.accept(IRDirectiveListener.java:31)
	at org.ek9lang.compiler.directives.IRDirectiveListener.accept(IRDirectiveListener.java:18)
	at java.base/java.util.function.Consumer.lambda$andThen$0(Consumer.java:65)
	at java.base/java.util.function.Consumer.lambda$andThen$0(Consumer.java:65)
	at java.base/java.util.function.Consumer.lambda$andThen$0(Consumer.java:65)
	at org.ek9lang.compiler.phase7.IRGenerator.defineIR(IRGenerator.java:89)
	at org.ek9lang.compiler.phase7.IRGenerator.lambda$defineIRMultiThreaded$0(IRGenerator.java:61)
	at java.base/java.util.stream.ForEachOps$ForEachOp$OfRef.accept(ForEachOps.java:186)
	at java.base/java.util.ArrayList$ArrayListSpliterator.forEachRemaining(ArrayList.java:1716)
	at java.base/java.util.stream.AbstractPipeline.copyInto(AbstractPipeline.java:570)
	at java.base/java.util.stream.ForEachOps$ForEachTask.compute(ForEachOps.java:293)
	at java.base/java.util.concurrent.CountedCompleter.exec(CountedCompleter.java:759)
	at java.base/java.util.concurrent.ForkJoinTask.doExec(ForkJoinTask.java:511)
	at java.base/java.util.concurrent.ForkJoinPool$WorkQueue.helpComplete(ForkJoinPool.java:1537)
	at java.base/java.util.concurrent.ForkJoinPool.helpComplete(ForkJoinPool.java:2332)
	at java.base/java.util.concurrent.ForkJoinTask.awaitDone(ForkJoinTask.java:497)
	at java.base/java.util.concurrent.ForkJoinTask.join(ForkJoinTask.java:666)
	at java.base/java.util.concurrent.ForkJoinTask.invoke(ForkJoinTask.java:681)
	at java.base/java.util.stream.ForEachOps$ForEachOp.evaluateParallel(ForEachOps.java:162)
	at java.base/java.util.stream.ForEachOps$ForEachOp$OfRef.evaluateParallel(ForEachOps.java:176)
	at java.base/java.util.stream.AbstractPipeline.evaluate(AbstractPipeline.java:264)
	at java.base/java.util.stream.ReferencePipeline.forEach(ReferencePipeline.java:632)
	at java.base/java.util.stream.ReferencePipeline$Head.forEach(ReferencePipeline.java:806)
	at org.ek9lang.compiler.phase7.IRGenerator.defineIRMultiThreaded(IRGenerator.java:61)
	at org.ek9lang.compiler.phase7.IRGenerator.underTakeIRDefinition(IRGenerator.java:50)
	at org.ek9lang.compiler.phase7.IRGenerator.doApply(IRGenerator.java:45)
	at org.ek9lang.compiler.CompilerPhase.apply(CompilerPhase.java:42)
	at org.ek9lang.compiler.CompilerPhase.apply(CompilerPhase.java:15)
	at org.ek9lang.compiler.Ek9Compiler.compile(Ek9Compiler.java:59)
	at org.ek9lang.compiler.common.PhasesTest.testToPhase(PhasesTest.java:214)
	at org.ek9lang.compiler.ir.AbstractIRGenerationTest.testPhaseDevelopment(AbstractIRGenerationTest.java:49)
	at java.base/jdk.internal.reflect.DirectMethodHandleAccessor.invoke(DirectMethodHandleAccessor.java:104)
	at java.base/java.lang.reflect.Method.invoke(Method.java:565)
	at org.junit.platform.commons.util.ReflectionUtils.invokeMethod(ReflectionUtils.java:725)
	at org.junit.jupiter.engine.execution.MethodInvocation.proceed(MethodInvocation.java:60)
	at org.junit.jupiter.engine.execution.InvocationInterceptorChain$ValidatingInvocation.proceed(InvocationInterceptorChain.java:131)
	at org.junit.jupiter.engine.extension.TimeoutExtension.intercept(TimeoutExtension.java:149)
	at org.junit.jupiter.engine.extension.TimeoutExtension.interceptTestableMethod(TimeoutExtension.java:140)
	at org.junit.jupiter.engine.extension.TimeoutExtension.interceptTestMethod(TimeoutExtension.java:84)
	at org.junit.jupiter.engine.execution.ExecutableInvoker$ReflectiveInterceptorCall.lambda$ofVoidMethod$0(ExecutableInvoker.java:115)
	at org.junit.jupiter.engine.execution.ExecutableInvoker.lambda$invoke$0(ExecutableInvoker.java:105)
	at org.junit.jupiter.engine.execution.InvocationInterceptorChain$InterceptedInvocation.proceed(InvocationInterceptorChain.java:106)
	at org.junit.jupiter.engine.execution.InvocationInterceptorChain.proceed(InvocationInterceptorChain.java:64)
	at org.junit.jupiter.engine.execution.InvocationInterceptorChain.chainAndInvoke(InvocationInterceptorChain.java:45)
	at org.junit.jupiter.engine.execution.InvocationInterceptorChain.invoke(InvocationInterceptorChain.java:37)
	at org.junit.jupiter.engine.execution.ExecutableInvoker.invoke(ExecutableInvoker.java:104)
	at org.junit.jupiter.engine.execution.ExecutableInvoker.invoke(ExecutableInvoker.java:98)
	at org.junit.jupiter.engine.descriptor.TestMethodTestDescriptor.lambda$invokeTestMethod$7(TestMethodTestDescriptor.java:214)
	at org.junit.platform.engine.support.hierarchical.ThrowableCollector.execute(ThrowableCollector.java:73)
	at org.junit.jupiter.engine.descriptor.TestMethodTestDescriptor.invokeTestMethod(TestMethodTestDescriptor.java:210)
	at org.junit.jupiter.engine.descriptor.TestMethodTestDescriptor.execute(TestMethodTestDescriptor.java:135)
	at org.junit.jupiter.engine.descriptor.TestMethodTestDescriptor.execute(TestMethodTestDescriptor.java:66)
	at org.junit.platform.engine.support.hierarchical.NodeTestTask.lambda$executeRecursively$6(NodeTestTask.java:151)
	at org.junit.platform.engine.support.hierarchical.ThrowableCollector.execute(ThrowableCollector.java:73)
	at org.junit.platform.engine.support.hierarchical.NodeTestTask.lambda$executeRecursively$8(NodeTestTask.java:141)
	at org.junit.platform.engine.support.hierarchical.Node.around(Node.java:137)
	at org.junit.platform.engine.support.hierarchical.NodeTestTask.lambda$executeRecursively$9(NodeTestTask.java:139)
	at org.junit.platform.engine.support.hierarchical.ThrowableCollector.execute(ThrowableCollector.java:73)
	at org.junit.platform.engine.support.hierarchical.NodeTestTask.executeRecursively(NodeTestTask.java:138)
	at org.junit.platform.engine.support.hierarchical.NodeTestTask.execute(NodeTestTask.java:95)
	at org.junit.platform.engine.support.hierarchical.ForkJoinPoolHierarchicalTestExecutorService$ExclusiveTask.compute(ForkJoinPoolHierarchicalTestExecutorService.java:185)
	at org.junit.platform.engine.support.hierarchical.ForkJoinPoolHierarchicalTestExecutorService.invokeAll(ForkJoinPoolHierarchicalTestExecutorService.java:129)
	at org.junit.platform.engine.support.hierarchical.NodeTestTask.lambda$executeRecursively$6(NodeTestTask.java:155)
	at org.junit.platform.engine.support.hierarchical.ThrowableCollector.execute(ThrowableCollector.java:73)
	at org.junit.platform.engine.support.hierarchical.NodeTestTask.lambda$executeRecursively$8(NodeTestTask.java:141)
	at org.junit.platform.engine.support.hierarchical.Node.around(Node.java:137)
	at org.junit.platform.engine.support.hierarchical.NodeTestTask.lambda$executeRecursively$9(NodeTestTask.java:139)
	at org.junit.platform.engine.support.hierarchical.ThrowableCollector.execute(ThrowableCollector.java:73)
	at org.junit.platform.engine.support.hierarchical.NodeTestTask.executeRecursively(NodeTestTask.java:138)
	at org.junit.platform.engine.support.hierarchical.NodeTestTask.execute(NodeTestTask.java:95)
	at org.junit.platform.engine.support.hierarchical.ForkJoinPoolHierarchicalTestExecutorService$ExclusiveTask.compute(ForkJoinPoolHierarchicalTestExecutorService.java:185)
	at java.base/java.util.concurrent.RecursiveAction.exec(RecursiveAction.java:194)
	at java.base/java.util.concurrent.ForkJoinTask.doExec(ForkJoinTask.java:511)
	at java.base/java.util.concurrent.ForkJoinPool$WorkQueue.topLevelExec(ForkJoinPool.java:1450)
	at java.base/java.util.concurrent.ForkJoinPool.runWorker(ForkJoinPool.java:2019)
	at java.base/java.util.concurrent.ForkJoinWorkerThread.run(ForkJoinWorkerThread.java:187)

Line 2 differs
Expected: [OperationDfn: switches.guardedAssign::getValue.c_init()->org.ek9.lang::Void]
Actual:   [OperationDfn: switches.guardedAssign::getValue._call()->org.ek9.lang::Integer]
===IR_UPDATE_START===
FILE: /Users/stevelimb/IdeaProjects/ek9llvm/compiler-main/target/test-classes/examples/irGeneration/switches/switchGuardedAssignment.ek9
SYMBOL: switches.guardedAssign::getValue
CATEGORY: FUNCTION
---IR_CONTENT_START---

ConstructDfn: switches.guardedAssign::getValue()->org.ek9.lang::Integer
OperationDfn: switches.guardedAssign::getValue._call()->org.ek9.lang::Integer  
BasicBlock: _entry_1
SCOPE_ENTER _scope_1
REFERENCE rtn, org.ek9.lang::Integer
_temp1 = LOAD_LITERAL 2, org.ek9.lang::Integer
RETAIN _temp1
SCOPE_REGISTER _temp1, _scope_1
RELEASE rtn
STORE rtn, _temp1
RETAIN rtn
SCOPE_EXIT _scope_1
RETURN rtn
OperationDfn: switches.guardedAssign::getValue.getValue()->switches.guardedAssign::getValue  
BasicBlock: _entry_1
CALL (switches.guardedAssign::getValue)this.i_init() [pure=false, complexity=0]
RETURN this
OperationDfn: switches.guardedAssign::getValue.c_init()->org.ek9.lang::Void  
BasicBlock: _entry_1
RETURN
OperationDfn: switches.guardedAssign::getValue.i_init()->org.ek9.lang::Void  
BasicBlock: _entry_1
RETURN
---IR_CONTENT_END---
===IR_UPDATE_END===
[ERROR] Tests run: 1, Failures: 0, Errors: 1, Skipped: 0, Time elapsed: 0.539 s <<< FAILURE! -- in org.ek9lang.compiler.ir.SwitchIRTest
[ERROR] org.ek9lang.compiler.ir.SwitchIRTest.testPhaseDevelopment -- Time elapsed: 0.534 s <<< ERROR!
org.ek9lang.core.CompilerException: Expected IR and Generated IR line difference
	at org.ek9lang.compiler.directives.IRDirectiveListener.symbolMatch(IRDirectiveListener.java:80)
	at org.ek9lang.compiler.directives.ResolutionDirectiveListener.lambda$processDirectives$0(ResolutionDirectiveListener.java:41)
	at java.base/java.util.Optional.ifPresentOrElse(Optional.java:196)
	at org.ek9lang.compiler.directives.ResolutionDirectiveListener.processDirectives(ResolutionDirectiveListener.java:41)
	at org.ek9lang.compiler.directives.IRDirectiveListener.accept(IRDirectiveListener.java:31)
	at org.ek9lang.compiler.directives.IRDirectiveListener.accept(IRDirectiveListener.java:18)
	at java.base/java.util.function.Consumer.lambda$andThen$0(Consumer.java:65)
	at java.base/java.util.function.Consumer.lambda$andThen$0(Consumer.java:65)
	at java.base/java.util.function.Consumer.lambda$andThen$0(Consumer.java:65)
	at org.ek9lang.compiler.phase7.IRGenerator.defineIR(IRGenerator.java:89)
	at org.ek9lang.compiler.phase7.IRGenerator.lambda$defineIRMultiThreaded$0(IRGenerator.java:61)
	at java.base/java.util.stream.ForEachOps$ForEachOp$OfRef.accept(ForEachOps.java:186)
	at java.base/java.util.ArrayList$ArrayListSpliterator.forEachRemaining(ArrayList.java:1716)
	at java.base/java.util.stream.AbstractPipeline.copyInto(AbstractPipeline.java:570)
	at java.base/java.util.stream.ForEachOps$ForEachTask.compute(ForEachOps.java:293)
	at java.base/java.util.concurrent.CountedCompleter.exec(CountedCompleter.java:759)
	at java.base/java.util.concurrent.ForkJoinTask.doExec(ForkJoinTask.java:511)
	at java.base/java.util.concurrent.ForkJoinPool$WorkQueue.helpComplete(ForkJoinPool.java:1537)
	at java.base/java.util.concurrent.ForkJoinPool.helpComplete(ForkJoinPool.java:2332)
	at java.base/java.util.concurrent.ForkJoinTask.awaitDone(ForkJoinTask.java:497)
	at java.base/java.util.concurrent.ForkJoinTask.join(ForkJoinTask.java:666)
	at java.base/java.util.concurrent.ForkJoinTask.invoke(ForkJoinTask.java:681)
	at java.base/java.util.stream.ForEachOps$ForEachOp.evaluateParallel(ForEachOps.java:162)
	at java.base/java.util.stream.ForEachOps$ForEachOp$OfRef.evaluateParallel(ForEachOps.java:176)
	at java.base/java.util.stream.AbstractPipeline.evaluate(AbstractPipeline.java:264)
	at java.base/java.util.stream.ReferencePipeline.forEach(ReferencePipeline.java:632)
	at java.base/java.util.stream.ReferencePipeline$Head.forEach(ReferencePipeline.java:806)
	at org.ek9lang.compiler.phase7.IRGenerator.defineIRMultiThreaded(IRGenerator.java:61)
	at org.ek9lang.compiler.phase7.IRGenerator.underTakeIRDefinition(IRGenerator.java:50)
	at org.ek9lang.compiler.phase7.IRGenerator.doApply(IRGenerator.java:45)
	at org.ek9lang.compiler.CompilerPhase.apply(CompilerPhase.java:42)
	at org.ek9lang.compiler.CompilerPhase.apply(CompilerPhase.java:15)
	at org.ek9lang.compiler.Ek9Compiler.compile(Ek9Compiler.java:59)
	at org.ek9lang.compiler.common.PhasesTest.testToPhase(PhasesTest.java:214)
	at org.ek9lang.compiler.ir.AbstractIRGenerationTest.testPhaseDevelopment(AbstractIRGenerationTest.java:49)
	at java.base/jdk.internal.reflect.DirectMethodHandleAccessor.invoke(DirectMethodHandleAccessor.java:104)
	at java.base/java.lang.reflect.Method.invoke(Method.java:565)
	at org.junit.platform.commons.util.ReflectionUtils.invokeMethod(ReflectionUtils.java:725)
	at org.junit.jupiter.engine.execution.MethodInvocation.proceed(MethodInvocation.java:60)
	at org.junit.jupiter.engine.execution.InvocationInterceptorChain$ValidatingInvocation.proceed(InvocationInterceptorChain.java:131)
	at org.junit.jupiter.engine.extension.TimeoutExtension.intercept(TimeoutExtension.java:149)
	at org.junit.jupiter.engine.extension.TimeoutExtension.interceptTestableMethod(TimeoutExtension.java:140)
	at org.junit.jupiter.engine.extension.TimeoutExtension.interceptTestMethod(TimeoutExtension.java:84)
	at org.junit.jupiter.engine.execution.ExecutableInvoker$ReflectiveInterceptorCall.lambda$ofVoidMethod$0(ExecutableInvoker.java:115)
	at org.junit.jupiter.engine.execution.ExecutableInvoker.lambda$invoke$0(ExecutableInvoker.java:105)
	at org.junit.jupiter.engine.execution.InvocationInterceptorChain$InterceptedInvocation.proceed(InvocationInterceptorChain.java:106)
	at org.junit.jupiter.engine.execution.InvocationInterceptorChain.proceed(InvocationInterceptorChain.java:64)
	at org.junit.jupiter.engine.execution.InvocationInterceptorChain.chainAndInvoke(InvocationInterceptorChain.java:45)
	at org.junit.jupiter.engine.execution.InvocationInterceptorChain.invoke(InvocationInterceptorChain.java:37)
	at org.junit.jupiter.engine.execution.ExecutableInvoker.invoke(ExecutableInvoker.java:104)
	at org.junit.jupiter.engine.execution.ExecutableInvoker.invoke(ExecutableInvoker.java:98)
	at org.junit.jupiter.engine.descriptor.TestMethodTestDescriptor.lambda$invokeTestMethod$7(TestMethodTestDescriptor.java:214)
	at org.junit.platform.engine.support.hierarchical.ThrowableCollector.execute(ThrowableCollector.java:73)
	at org.junit.jupiter.engine.descriptor.TestMethodTestDescriptor.invokeTestMethod(TestMethodTestDescriptor.java:210)
	at org.junit.jupiter.engine.descriptor.TestMethodTestDescriptor.execute(TestMethodTestDescriptor.java:135)
	at org.junit.jupiter.engine.descriptor.TestMethodTestDescriptor.execute(TestMethodTestDescriptor.java:66)
	at org.junit.platform.engine.support.hierarchical.NodeTestTask.lambda$executeRecursively$6(NodeTestTask.java:151)
	at org.junit.platform.engine.support.hierarchical.ThrowableCollector.execute(ThrowableCollector.java:73)
	at org.junit.platform.engine.support.hierarchical.NodeTestTask.lambda$executeRecursively$8(NodeTestTask.java:141)
	at org.junit.platform.engine.support.hierarchical.Node.around(Node.java:137)
	at org.junit.platform.engine.support.hierarchical.NodeTestTask.lambda$executeRecursively$9(NodeTestTask.java:139)
	at org.junit.platform.engine.support.hierarchical.ThrowableCollector.execute(ThrowableCollector.java:73)
	at org.junit.platform.engine.support.hierarchical.NodeTestTask.executeRecursively(NodeTestTask.java:138)
	at org.junit.platform.engine.support.hierarchical.NodeTestTask.execute(NodeTestTask.java:95)
	at org.junit.platform.engine.support.hierarchical.ForkJoinPoolHierarchicalTestExecutorService$ExclusiveTask.compute(ForkJoinPoolHierarchicalTestExecutorService.java:185)
	at org.junit.platform.engine.support.hierarchical.ForkJoinPoolHierarchicalTestExecutorService.invokeAll(ForkJoinPoolHierarchicalTestExecutorService.java:129)
	at org.junit.platform.engine.support.hierarchical.NodeTestTask.lambda$executeRecursively$6(NodeTestTask.java:155)
	at org.junit.platform.engine.support.hierarchical.ThrowableCollector.execute(ThrowableCollector.java:73)
	at org.junit.platform.engine.support.hierarchical.NodeTestTask.lambda$executeRecursively$8(NodeTestTask.java:141)
	at org.junit.platform.engine.support.hierarchical.Node.around(Node.java:137)
	at org.junit.platform.engine.support.hierarchical.NodeTestTask.lambda$executeRecursively$9(NodeTestTask.java:139)
	at org.junit.platform.engine.support.hierarchical.ThrowableCollector.execute(ThrowableCollector.java:73)
	at org.junit.platform.engine.support.hierarchical.NodeTestTask.executeRecursively(NodeTestTask.java:138)
	at org.junit.platform.engine.support.hierarchical.NodeTestTask.execute(NodeTestTask.java:95)
	at org.junit.platform.engine.support.hierarchical.ForkJoinPoolHierarchicalTestExecutorService$ExclusiveTask.compute(ForkJoinPoolHierarchicalTestExecutorService.java:185)
	at java.base/java.util.concurrent.RecursiveAction.exec(RecursiveAction.java:194)
	at java.base/java.util.concurrent.ForkJoinTask.doExec(ForkJoinTask.java:511)
	at java.base/java.util.concurrent.ForkJoinPool$WorkQueue.topLevelExec(ForkJoinPool.java:1450)
	at java.base/java.util.concurrent.ForkJoinPool.runWorker(ForkJoinPool.java:2019)
	at java.base/java.util.concurrent.ForkJoinWorkerThread.run(ForkJoinWorkerThread.java:187)

Line 2 differs
Expected: [OperationDfn: controlFlow.string::simpleSwitchString.c_init()->org.ek9.lang::Void]
Actual:   [OperationDfn: controlFlow.string::simpleSwitchString._call(org.ek9.lang::String)->org.ek9.lang::String]
===IR_UPDATE_START===
FILE: /Users/stevelimb/IdeaProjects/ek9llvm/compiler-main/target/test-classes/examples/irGeneration/switches/simpleSwitchString.ek9
SYMBOL: controlFlow.string::simpleSwitchString
CATEGORY: FUNCTION
---IR_CONTENT_START---

ConstructDfn: controlFlow.string::simpleSwitchString(org.ek9.lang::String)->org.ek9.lang::String
OperationDfn: controlFlow.string::simpleSwitchString._call(org.ek9.lang::String)->org.ek9.lang::String  
BasicBlock: _entry_1
SCOPE_ENTER _scope_1
REFERENCE text, org.ek9.lang::String
REFERENCE result, org.ek9.lang::String
_temp1 = CALL (org.ek9.lang::String)org.ek9.lang::String.<init>() [pure=true, complexity=1, effects=RETURN_MUTATION]
RETAIN _temp1
SCOPE_REGISTER _temp1, _scope_1
STORE result, _temp1
RETAIN result
SCOPE_ENTER _scope_2
_temp2 = LOAD text
RETAIN _temp2
SCOPE_REGISTER _temp2, _scope_2
CONTROL_FLOW_CHAIN
[
chain_type: "SWITCH"
evaluation_variable: _temp2
evaluation_variable_type: "org.ek9.lang::String"
condition_chain:
[
[
case_scope_id: _scope_4
case_type: "LITERAL"
condition_evaluation:
[
SCOPE_ENTER _scope_3
_temp3 = LOAD _temp2
RETAIN _temp3
SCOPE_REGISTER _temp3, _scope_3
_temp4 = LOAD_LITERAL hello, org.ek9.lang::String
RETAIN _temp4
SCOPE_REGISTER _temp4, _scope_3
_temp5 = CALL (org.ek9.lang::String)_temp3._contains(_temp4) [pure=true, complexity=2, effects=RETURN_MUTATION]
RETAIN _temp5
SCOPE_REGISTER _temp5, _scope_3
_temp6 = CALL (org.ek9.lang::Boolean)_temp5._true() [pure=true, complexity=0]
SCOPE_EXIT _scope_3
]
condition_result: _temp5
primitive_condition: _temp6
body_evaluation:
[
SCOPE_ENTER _scope_4
_temp7 = LOAD_LITERAL Contains hello, org.ek9.lang::String
RETAIN _temp7
SCOPE_REGISTER _temp7, _scope_4
RELEASE result
STORE result, _temp7
RETAIN result
SCOPE_EXIT _scope_4
]
],
[
case_scope_id: _scope_6
case_type: "LITERAL"
condition_evaluation:
[
SCOPE_ENTER _scope_5
_temp8 = LOAD _temp2
RETAIN _temp8
SCOPE_REGISTER _temp8, _scope_5
_temp9 = LOAD_LITERAL /[0-9]+/, org.ek9.lang::RegEx
RETAIN _temp9
SCOPE_REGISTER _temp9, _scope_5
_temp10 = CALL (org.ek9.lang::String)_temp8._matches(_temp9) [pure=true, complexity=2, effects=RETURN_MUTATION]
RETAIN _temp10
SCOPE_REGISTER _temp10, _scope_5
_temp11 = CALL (org.ek9.lang::Boolean)_temp10._true() [pure=true, complexity=0]
SCOPE_EXIT _scope_5
]
condition_result: _temp10
primitive_condition: _temp11
body_evaluation:
[
SCOPE_ENTER _scope_6
_temp12 = LOAD_LITERAL Is numeric, org.ek9.lang::String
RETAIN _temp12
SCOPE_REGISTER _temp12, _scope_6
RELEASE result
STORE result, _temp12
RETAIN result
SCOPE_EXIT _scope_6
]
]
]
default_body_evaluation:
[
SCOPE_ENTER _scope_7
_temp13 = LOAD_LITERAL Other, org.ek9.lang::String
RETAIN _temp13
SCOPE_REGISTER _temp13, _scope_7
RELEASE result
STORE result, _temp13
RETAIN result
SCOPE_EXIT _scope_7
]
scope_id: _scope_2
]
SCOPE_EXIT _scope_2
SCOPE_EXIT _scope_1
RETURN result
OperationDfn: controlFlow.string::simpleSwitchString.simpleSwitchString()->controlFlow.string::simpleSwitchString  
BasicBlock: _entry_1
CALL (controlFlow.string::simpleSwitchString)this.i_init() [pure=false, complexity=0]
RETURN this
OperationDfn: controlFlow.string::simpleSwitchString.c_init()->org.ek9.lang::Void  
BasicBlock: _entry_1
RETURN
OperationDfn: controlFlow.string::simpleSwitchString.i_init()->org.ek9.lang::Void  
BasicBlock: _entry_1
RETURN
---IR_CONTENT_END---
===IR_UPDATE_END===
Line 2 differs
Expected: [OperationDfn: switches.assignIfUnset::switchAssignmentIfUnset.c_init()->org.ek9.lang::Void]
Actual:   [OperationDfn: switches.assignIfUnset::switchAssignmentIfUnset._call()->org.ek9.lang::String]
===IR_UPDATE_START===
FILE: /Users/stevelimb/IdeaProjects/ek9llvm/compiler-main/target/test-classes/examples/irGeneration/switches/switchAssignmentIfUnset.ek9
SYMBOL: switches.assignIfUnset::switchAssignmentIfUnset
CATEGORY: FUNCTION
---IR_CONTENT_START---

ConstructDfn: switches.assignIfUnset::switchAssignmentIfUnset()->org.ek9.lang::String
OperationDfn: switches.assignIfUnset::switchAssignmentIfUnset._call()->org.ek9.lang::String  
BasicBlock: _entry_1
SCOPE_ENTER _scope_1
REFERENCE result, org.ek9.lang::String
_temp1 = CALL (org.ek9.lang::String)org.ek9.lang::String.<init>() [pure=true, complexity=1, effects=RETURN_MUTATION]
RETAIN _temp1
SCOPE_REGISTER _temp1, _scope_1
STORE result, _temp1
RETAIN result
REFERENCE value, org.ek9.lang::Integer
_temp2 = CALL (org.ek9.lang::Integer)org.ek9.lang::Integer.<init>() [pure=true, complexity=1, effects=RETURN_MUTATION]
RETAIN _temp2
SCOPE_REGISTER _temp2, _scope_1
STORE value, _temp2
RETAIN value
SCOPE_REGISTER value, _scope_1
SCOPE_ENTER _scope_2
CONTROL_FLOW_CHAIN
[
chain_type: "GUARDED_ASSIGNMENT"
condition_chain:
[
[
case_scope_id: _scope_2
case_type: "EXPRESSION"
condition_evaluation:
[
_temp6 = CONTROL_FLOW_CHAIN
[
chain_type: "QUESTION_OPERATOR"
condition_chain:
[
[
case_scope_id: _scope_2
case_type: "NULL_CHECK"
condition_evaluation:
[
_temp7 = IS_NULL value
]
primitive_condition: _temp7
body_evaluation:
[
_temp8 = CALL_STATIC (org.ek9.lang::Boolean)org.ek9.lang::Boolean._ofFalse() [pure=true, complexity=0]
RETAIN _temp8
SCOPE_REGISTER _temp8, _scope_2
]
body_result: _temp8
]
]
default_body_evaluation:
[
_temp9 = LOAD value
_temp10 = CALL (org.ek9.lang::Integer)_temp9._isSet() [pure=true, complexity=0]
RETAIN _temp10
SCOPE_REGISTER _temp10, _scope_2
]
default_result: _temp10
scope_id: _scope_2
]
_temp11 = CALL (org.ek9.lang::Boolean)_temp6._negate() [pure=true, complexity=0]
RETAIN _temp11
SCOPE_REGISTER _temp11, _scope_2
_temp12 = CALL (org.ek9.lang::Boolean)_temp11._true() [pure=true, complexity=0]
]
condition_result: _temp11
primitive_condition: _temp12
body_evaluation:
[
_temp5 = FUNCTION_INSTANCE switches.assignIfUnset::getValue
_temp3 = CALL (switches.assignIfUnset::getValue)_temp5._call() [pure=false, complexity=2, effects=RETURN_MUTATION]
RETAIN _temp3
SCOPE_REGISTER _temp3, _scope_2
RELEASE value
STORE value, _temp3
RETAIN value
]
]
]
scope_id: _scope_2
]
_temp13 = CONTROL_FLOW_CHAIN
[
chain_type: "QUESTION_OPERATOR"
condition_chain:
[
[
case_scope_id: _scope_2
case_type: "NULL_CHECK"
condition_evaluation:
[
_temp14 = IS_NULL value
]
primitive_condition: _temp14
body_evaluation:
[
_temp15 = CALL_STATIC (org.ek9.lang::Boolean)org.ek9.lang::Boolean._ofFalse() [pure=true, complexity=0]
RETAIN _temp15
SCOPE_REGISTER _temp15, _scope_2
]
body_result: _temp15
]
]
default_body_evaluation:
[
_temp16 = LOAD value
_temp17 = CALL (org.ek9.lang::Integer)_temp16._isSet() [pure=true, complexity=0]
RETAIN _temp17
SCOPE_REGISTER _temp17, _scope_2
]
default_result: _temp17
scope_id: _scope_2
]
_temp18 = CALL (org.ek9.lang::Boolean)_temp13._true() [pure=true, complexity=0]
CONTROL_FLOW_CHAIN
[
chain_type: "IF_ELSE_IF"
condition_chain:
[
[
case_scope_id: _scope_2
case_type: "EXPRESSION"
condition_evaluation:
[
]
condition_result: _temp13
primitive_condition: _temp18
body_evaluation:
[
SCOPE_ENTER _scope_3
_temp19 = LOAD value
RETAIN _temp19
SCOPE_REGISTER _temp19, _scope_3
CONTROL_FLOW_CHAIN
[
chain_type: "SWITCH_WITH_GUARDS"
evaluation_variable: _temp19
evaluation_variable_type: "org.ek9.lang::Integer"
condition_chain:
[
[
case_scope_id: _scope_5
case_type: "LITERAL"
condition_evaluation:
[
SCOPE_ENTER _scope_4
_temp20 = LOAD _temp19
RETAIN _temp20
SCOPE_REGISTER _temp20, _scope_4
_temp21 = LOAD_LITERAL 1, org.ek9.lang::Integer
RETAIN _temp21
SCOPE_REGISTER _temp21, _scope_4
_temp22 = CALL (org.ek9.lang::Integer)_temp20._eq(_temp21) [pure=true, complexity=2, effects=RETURN_MUTATION]
RETAIN _temp22
SCOPE_REGISTER _temp22, _scope_4
_temp23 = CALL (org.ek9.lang::Boolean)_temp22._true() [pure=true, complexity=0]
SCOPE_EXIT _scope_4
]
condition_result: _temp22
primitive_condition: _temp23
body_evaluation:
[
SCOPE_ENTER _scope_5
_temp24 = LOAD_LITERAL One, org.ek9.lang::String
RETAIN _temp24
SCOPE_REGISTER _temp24, _scope_5
RELEASE result
STORE result, _temp24
RETAIN result
SCOPE_EXIT _scope_5
]
],
[
case_scope_id: _scope_7
case_type: "LITERAL"
condition_evaluation:
[
SCOPE_ENTER _scope_6
_temp25 = LOAD _temp19
RETAIN _temp25
SCOPE_REGISTER _temp25, _scope_6
_temp26 = LOAD_LITERAL 2, org.ek9.lang::Integer
RETAIN _temp26
SCOPE_REGISTER _temp26, _scope_6
_temp27 = CALL (org.ek9.lang::Integer)_temp25._eq(_temp26) [pure=true, complexity=2, effects=RETURN_MUTATION]
RETAIN _temp27
SCOPE_REGISTER _temp27, _scope_6
_temp28 = CALL (org.ek9.lang::Boolean)_temp27._true() [pure=true, complexity=0]
SCOPE_EXIT _scope_6
]
condition_result: _temp27
primitive_condition: _temp28
body_evaluation:
[
SCOPE_ENTER _scope_7
_temp29 = LOAD_LITERAL Two, org.ek9.lang::String
RETAIN _temp29
SCOPE_REGISTER _temp29, _scope_7
RELEASE result
STORE result, _temp29
RETAIN result
SCOPE_EXIT _scope_7
]
]
]
default_body_evaluation:
[
SCOPE_ENTER _scope_8
_temp30 = LOAD_LITERAL Other, org.ek9.lang::String
RETAIN _temp30
SCOPE_REGISTER _temp30, _scope_8
RELEASE result
STORE result, _temp30
RETAIN result
SCOPE_EXIT _scope_8
]
scope_id: _scope_3
]
SCOPE_EXIT _scope_3
]
]
]
scope_id: _scope_2
]
SCOPE_EXIT _scope_2
_temp31 = CONTROL_FLOW_CHAIN
[
chain_type: "QUESTION_OPERATOR"
condition_chain:
[
[
case_scope_id: _scope_1
case_type: "NULL_CHECK"
condition_evaluation:
[
_temp32 = LOAD value
_temp33 = IS_NULL _temp32
]
primitive_condition: _temp33
body_evaluation:
[
_temp34 = CALL_STATIC (org.ek9.lang::Boolean)org.ek9.lang::Boolean._ofFalse() [pure=true, complexity=0]
RETAIN _temp34
SCOPE_REGISTER _temp34, _scope_1
]
body_result: _temp34
]
]
default_body_evaluation:
[
_temp35 = CALL (org.ek9.lang::Integer)_temp32._isSet() [pure=true, complexity=0]
RETAIN _temp35
SCOPE_REGISTER _temp35, _scope_1
]
default_result: _temp35
scope_id: _scope_1
]
RETAIN _temp31
SCOPE_REGISTER _temp31, _scope_1
_temp36 = CALL (org.ek9.lang::Boolean)_temp31._true() [pure=true, complexity=0]
ASSERT _temp36
SCOPE_EXIT _scope_1
RETURN result
OperationDfn: switches.assignIfUnset::switchAssignmentIfUnset.switchAssignmentIfUnset()->switches.assignIfUnset::switchAssignmentIfUnset  
BasicBlock: _entry_1
CALL (switches.assignIfUnset::switchAssignmentIfUnset)this.i_init() [pure=false, complexity=0]
RETURN this
OperationDfn: switches.assignIfUnset::switchAssignmentIfUnset.c_init()->org.ek9.lang::Void  
BasicBlock: _entry_1
RETURN
OperationDfn: switches.assignIfUnset::switchAssignmentIfUnset.i_init()->org.ek9.lang::Void  
BasicBlock: _entry_1
RETURN
---IR_CONTENT_END---
===IR_UPDATE_END===
Line 2 differs
Expected: [OperationDfn: switches.assignGuard::switchAssignmentGuard.c_init()->org.ek9.lang::Void]
Actual:   [OperationDfn: switches.assignGuard::switchAssignmentGuard._call()->org.ek9.lang::String]
===IR_UPDATE_START===
FILE: /Users/stevelimb/IdeaProjects/ek9llvm/compiler-main/target/test-classes/examples/irGeneration/switches/switchAssignmentGuard.ek9
SYMBOL: switches.assignGuard::switchAssignmentGuard
CATEGORY: FUNCTION
---IR_CONTENT_START---

ConstructDfn: switches.assignGuard::switchAssignmentGuard()->org.ek9.lang::String
OperationDfn: switches.assignGuard::switchAssignmentGuard._call()->org.ek9.lang::String  
BasicBlock: _entry_1
SCOPE_ENTER _scope_1
REFERENCE result, org.ek9.lang::String
_temp1 = CALL (org.ek9.lang::String)org.ek9.lang::String.<init>() [pure=true, complexity=1, effects=RETURN_MUTATION]
RETAIN _temp1
SCOPE_REGISTER _temp1, _scope_1
STORE result, _temp1
RETAIN result
REFERENCE value, org.ek9.lang::Integer
_temp2 = CALL (org.ek9.lang::Integer)org.ek9.lang::Integer.<init>() [pure=true, complexity=1, effects=RETURN_MUTATION]
RETAIN _temp2
SCOPE_REGISTER _temp2, _scope_1
STORE value, _temp2
RETAIN value
SCOPE_REGISTER value, _scope_1
SCOPE_ENTER _scope_2
_temp5 = FUNCTION_INSTANCE switches.assignGuard::getValue
_temp3 = CALL (switches.assignGuard::getValue)_temp5._call() [pure=false, complexity=2, effects=RETURN_MUTATION]
RETAIN _temp3
SCOPE_REGISTER _temp3, _scope_2
RELEASE value
STORE value, _temp3
RETAIN value
SCOPE_ENTER _scope_3
_temp6 = LOAD value
RETAIN _temp6
SCOPE_REGISTER _temp6, _scope_3
CONTROL_FLOW_CHAIN
[
chain_type: "SWITCH"
evaluation_variable: _temp6
evaluation_variable_type: "org.ek9.lang::Integer"
condition_chain:
[
[
case_scope_id: _scope_5
case_type: "LITERAL"
condition_evaluation:
[
SCOPE_ENTER _scope_4
_temp7 = LOAD _temp6
RETAIN _temp7
SCOPE_REGISTER _temp7, _scope_4
_temp8 = LOAD_LITERAL 1, org.ek9.lang::Integer
RETAIN _temp8
SCOPE_REGISTER _temp8, _scope_4
_temp9 = CALL (org.ek9.lang::Integer)_temp7._eq(_temp8) [pure=true, complexity=2, effects=RETURN_MUTATION]
RETAIN _temp9
SCOPE_REGISTER _temp9, _scope_4
_temp10 = CALL (org.ek9.lang::Boolean)_temp9._true() [pure=true, complexity=0]
SCOPE_EXIT _scope_4
]
condition_result: _temp9
primitive_condition: _temp10
body_evaluation:
[
SCOPE_ENTER _scope_5
_temp11 = LOAD_LITERAL One, org.ek9.lang::String
RETAIN _temp11
SCOPE_REGISTER _temp11, _scope_5
RELEASE result
STORE result, _temp11
RETAIN result
SCOPE_EXIT _scope_5
]
],
[
case_scope_id: _scope_7
case_type: "LITERAL"
condition_evaluation:
[
SCOPE_ENTER _scope_6
_temp12 = LOAD _temp6
RETAIN _temp12
SCOPE_REGISTER _temp12, _scope_6
_temp13 = LOAD_LITERAL 2, org.ek9.lang::Integer
RETAIN _temp13
SCOPE_REGISTER _temp13, _scope_6
_temp14 = CALL (org.ek9.lang::Integer)_temp12._eq(_temp13) [pure=true, complexity=2, effects=RETURN_MUTATION]
RETAIN _temp14
SCOPE_REGISTER _temp14, _scope_6
_temp15 = CALL (org.ek9.lang::Boolean)_temp14._true() [pure=true, complexity=0]
SCOPE_EXIT _scope_6
]
condition_result: _temp14
primitive_condition: _temp15
body_evaluation:
[
SCOPE_ENTER _scope_7
_temp16 = LOAD_LITERAL Two, org.ek9.lang::String
RETAIN _temp16
SCOPE_REGISTER _temp16, _scope_7
RELEASE result
STORE result, _temp16
RETAIN result
SCOPE_EXIT _scope_7
]
]
]
default_body_evaluation:
[
SCOPE_ENTER _scope_8
_temp17 = LOAD_LITERAL Other, org.ek9.lang::String
RETAIN _temp17
SCOPE_REGISTER _temp17, _scope_8
RELEASE result
STORE result, _temp17
RETAIN result
SCOPE_EXIT _scope_8
]
scope_id: _scope_3
]
SCOPE_EXIT _scope_3
SCOPE_EXIT _scope_2
_temp18 = CONTROL_FLOW_CHAIN
[
chain_type: "QUESTION_OPERATOR"
condition_chain:
[
[
case_scope_id: _scope_1
case_type: "NULL_CHECK"
condition_evaluation:
[
_temp19 = LOAD value
_temp20 = IS_NULL _temp19
]
primitive_condition: _temp20
body_evaluation:
[
_temp21 = CALL_STATIC (org.ek9.lang::Boolean)org.ek9.lang::Boolean._ofFalse() [pure=true, complexity=0]
RETAIN _temp21
SCOPE_REGISTER _temp21, _scope_1
]
body_result: _temp21
]
]
default_body_evaluation:
[
_temp22 = CALL (org.ek9.lang::Integer)_temp19._isSet() [pure=true, complexity=0]
RETAIN _temp22
SCOPE_REGISTER _temp22, _scope_1
]
default_result: _temp22
scope_id: _scope_1
]
RETAIN _temp18
SCOPE_REGISTER _temp18, _scope_1
_temp23 = CALL (org.ek9.lang::Boolean)_temp18._true() [pure=true, complexity=0]
ASSERT _temp23
SCOPE_EXIT _scope_1
RETURN result
OperationDfn: switches.assignGuard::switchAssignmentGuard.switchAssignmentGuard()->switches.assignGuard::switchAssignmentGuard  
BasicBlock: _entry_1
CALL (switches.assignGuard::switchAssignmentGuard)this.i_init() [pure=false, complexity=0]
RETURN this
OperationDfn: switches.assignGuard::switchAssignmentGuard.c_init()->org.ek9.lang::Void  
BasicBlock: _entry_1
RETURN
OperationDfn: switches.assignGuard::switchAssignmentGuard.i_init()->org.ek9.lang::Void  
BasicBlock: _entry_1
RETURN
---IR_CONTENT_END---
===IR_UPDATE_END===
Line 2 differs
Expected: [OperationDfn: loops.doGuardedAssign::doWhileGuardedAssignment.c_init()->org.ek9.lang::Void]
Actual:   [OperationDfn: loops.doGuardedAssign::doWhileGuardedAssignment._call()->org.ek9.lang::Integer]
===IR_UPDATE_START===
FILE: /Users/stevelimb/IdeaProjects/ek9llvm/compiler-main/target/test-classes/examples/irGeneration/loops/doWhileGuardedAssignment.ek9
SYMBOL: loops.doGuardedAssign::doWhileGuardedAssignment
CATEGORY: FUNCTION
---IR_CONTENT_START---

ConstructDfn: loops.doGuardedAssign::doWhileGuardedAssignment()->org.ek9.lang::Integer
OperationDfn: loops.doGuardedAssign::doWhileGuardedAssignment._call()->org.ek9.lang::Integer  
BasicBlock: _entry_1
SCOPE_ENTER _scope_1
REFERENCE counter, org.ek9.lang::Integer
_temp1 = CALL (org.ek9.lang::Integer)org.ek9.lang::Integer.<init>() [pure=true, complexity=1, effects=RETURN_MUTATION]
RETAIN _temp1
SCOPE_REGISTER _temp1, _scope_1
STORE counter, _temp1
RETAIN counter
REFERENCE value, org.ek9.lang::Integer
_temp2 = CALL (org.ek9.lang::Integer)org.ek9.lang::Integer.<init>() [pure=true, complexity=1, effects=RETURN_MUTATION]
RETAIN _temp2
SCOPE_REGISTER _temp2, _scope_1
STORE value, _temp2
RETAIN value
SCOPE_REGISTER value, _scope_1
SCOPE_ENTER _scope_2
_temp5 = FUNCTION_INSTANCE loops.doGuardedAssign::getValue
_temp3 = CALL (loops.doGuardedAssign::getValue)_temp5._call() [pure=false, complexity=2, effects=RETURN_MUTATION]
RETAIN _temp3
SCOPE_REGISTER _temp3, _scope_2
RELEASE value
STORE value, _temp3
RETAIN value
_temp6 = CONTROL_FLOW_CHAIN
[
chain_type: "QUESTION_OPERATOR"
condition_chain:
[
[
case_scope_id: _scope_2
case_type: "NULL_CHECK"
condition_evaluation:
[
_temp7 = IS_NULL value
]
primitive_condition: _temp7
body_evaluation:
[
_temp8 = CALL_STATIC (org.ek9.lang::Boolean)org.ek9.lang::Boolean._ofFalse() [pure=true, complexity=0]
RETAIN _temp8
SCOPE_REGISTER _temp8, _scope_2
]
body_result: _temp8
]
]
default_body_evaluation:
[
_temp9 = LOAD value
_temp10 = CALL (org.ek9.lang::Integer)_temp9._isSet() [pure=true, complexity=0]
RETAIN _temp10
SCOPE_REGISTER _temp10, _scope_2
]
default_result: _temp10
scope_id: _scope_2
]
_temp11 = CALL (org.ek9.lang::Boolean)_temp6._true() [pure=true, complexity=0]
CONTROL_FLOW_CHAIN
[
chain_type: "IF_ELSE_IF"
condition_chain:
[
[
case_scope_id: _scope_2
case_type: "EXPRESSION"
condition_evaluation:
[
]
condition_result: _temp6
primitive_condition: _temp11
body_evaluation:
[
CONTROL_FLOW_CHAIN
[
chain_type: "DO_WHILE_LOOP_WITH_GUARDS"
condition_chain:
[
[
case_scope_id: _scope_3
case_type: "EXPRESSION"
condition_evaluation:
[
SCOPE_ENTER _scope_4
_temp16 = LOAD value
RETAIN _temp16
SCOPE_REGISTER _temp16, _scope_4
_temp17 = LOAD counter
RETAIN _temp17
SCOPE_REGISTER _temp17, _scope_4
_temp15 = CALL (org.ek9.lang::Integer)_temp16._gt(_temp17) [pure=true, complexity=2, effects=RETURN_MUTATION]
RETAIN _temp15
SCOPE_REGISTER _temp15, _scope_4
_temp18 = CALL (org.ek9.lang::Boolean)_temp15._true() [pure=true, complexity=0]
SCOPE_EXIT _scope_4
]
condition_result: _temp15
primitive_condition: _temp18
body_evaluation:
[
SCOPE_ENTER _scope_3
_temp13 = LOAD counter
RETAIN _temp13
SCOPE_REGISTER _temp13, _scope_3
_temp14 = LOAD_LITERAL 1, org.ek9.lang::Integer
RETAIN _temp14
SCOPE_REGISTER _temp14, _scope_3
_temp12 = CALL (org.ek9.lang::Integer)_temp13._add(_temp14) [pure=true, complexity=2, effects=RETURN_MUTATION]
RETAIN _temp12
SCOPE_REGISTER _temp12, _scope_3
RELEASE counter
STORE counter, _temp12
RETAIN counter
SCOPE_EXIT _scope_3
]
]
]
scope_id: _scope_2
]
]
]
]
scope_id: _scope_2
]
SCOPE_EXIT _scope_2
SCOPE_EXIT _scope_1
RETURN counter
OperationDfn: loops.doGuardedAssign::doWhileGuardedAssignment.doWhileGuardedAssignment()->loops.doGuardedAssign::doWhileGuardedAssignment  
BasicBlock: _entry_1
CALL (loops.doGuardedAssign::doWhileGuardedAssignment)this.i_init() [pure=false, complexity=0]
RETURN this
OperationDfn: loops.doGuardedAssign::doWhileGuardedAssignment.c_init()->org.ek9.lang::Void  
BasicBlock: _entry_1
RETURN
OperationDfn: loops.doGuardedAssign::doWhileGuardedAssignment.i_init()->org.ek9.lang::Void  
BasicBlock: _entry_1
RETURN
---IR_CONTENT_END---
===IR_UPDATE_END===
[ERROR] Tests run: 1, Failures: 0, Errors: 1, Skipped: 0, Time elapsed: 0.794 s <<< FAILURE! -- in org.ek9lang.compiler.ir.LoopIRTest
[ERROR] org.ek9lang.compiler.ir.LoopIRTest.testPhaseDevelopment -- Time elapsed: 0.788 s <<< ERROR!
org.ek9lang.core.CompilerException: Expected IR and Generated IR line difference
	at org.ek9lang.compiler.directives.IRDirectiveListener.symbolMatch(IRDirectiveListener.java:80)
	at org.ek9lang.compiler.directives.ResolutionDirectiveListener.lambda$processDirectives$0(ResolutionDirectiveListener.java:41)
	at java.base/java.util.Optional.ifPresentOrElse(Optional.java:196)
	at org.ek9lang.compiler.directives.ResolutionDirectiveListener.processDirectives(ResolutionDirectiveListener.java:41)
	at org.ek9lang.compiler.directives.IRDirectiveListener.accept(IRDirectiveListener.java:31)
	at org.ek9lang.compiler.directives.IRDirectiveListener.accept(IRDirectiveListener.java:18)
	at java.base/java.util.function.Consumer.lambda$andThen$0(Consumer.java:65)
	at java.base/java.util.function.Consumer.lambda$andThen$0(Consumer.java:65)
	at java.base/java.util.function.Consumer.lambda$andThen$0(Consumer.java:65)
	at org.ek9lang.compiler.phase7.IRGenerator.defineIR(IRGenerator.java:89)
	at org.ek9lang.compiler.phase7.IRGenerator.lambda$defineIRMultiThreaded$0(IRGenerator.java:61)
	at java.base/java.util.stream.ForEachOps$ForEachOp$OfRef.accept(ForEachOps.java:186)
	at java.base/java.util.ArrayList$ArrayListSpliterator.forEachRemaining(ArrayList.java:1716)
	at java.base/java.util.stream.AbstractPipeline.copyInto(AbstractPipeline.java:570)
	at java.base/java.util.stream.ForEachOps$ForEachTask.compute(ForEachOps.java:293)
	at java.base/java.util.concurrent.CountedCompleter.exec(CountedCompleter.java:759)
	at java.base/java.util.concurrent.ForkJoinTask.doExec(ForkJoinTask.java:511)
	at java.base/java.util.concurrent.ForkJoinPool$WorkQueue.helpComplete(ForkJoinPool.java:1537)
	at java.base/java.util.concurrent.ForkJoinPool.helpComplete(ForkJoinPool.java:2332)
	at java.base/java.util.concurrent.ForkJoinTask.awaitDone(ForkJoinTask.java:497)
	at java.base/java.util.concurrent.ForkJoinTask.join(ForkJoinTask.java:666)
	at java.base/java.util.concurrent.ForkJoinTask.invoke(ForkJoinTask.java:681)
	at java.base/java.util.stream.ForEachOps$ForEachOp.evaluateParallel(ForEachOps.java:162)
	at java.base/java.util.stream.ForEachOps$ForEachOp$OfRef.evaluateParallel(ForEachOps.java:176)
	at java.base/java.util.stream.AbstractPipeline.evaluate(AbstractPipeline.java:264)
	at java.base/java.util.stream.ReferencePipeline.forEach(ReferencePipeline.java:632)
	at java.base/java.util.stream.ReferencePipeline$Head.forEach(ReferencePipeline.java:806)
	at org.ek9lang.compiler.phase7.IRGenerator.defineIRMultiThreaded(IRGenerator.java:61)
	at org.ek9lang.compiler.phase7.IRGenerator.underTakeIRDefinition(IRGenerator.java:50)
	at org.ek9lang.compiler.phase7.IRGenerator.doApply(IRGenerator.java:45)
	at org.ek9lang.compiler.CompilerPhase.apply(CompilerPhase.java:42)
	at org.ek9lang.compiler.CompilerPhase.apply(CompilerPhase.java:15)
	at org.ek9lang.compiler.Ek9Compiler.compile(Ek9Compiler.java:59)
	at org.ek9lang.compiler.common.PhasesTest.testToPhase(PhasesTest.java:214)
	at org.ek9lang.compiler.ir.AbstractIRGenerationTest.testPhaseDevelopment(AbstractIRGenerationTest.java:49)
	at java.base/jdk.internal.reflect.DirectMethodHandleAccessor.invoke(DirectMethodHandleAccessor.java:104)
	at java.base/java.lang.reflect.Method.invoke(Method.java:565)
	at org.junit.platform.commons.util.ReflectionUtils.invokeMethod(ReflectionUtils.java:725)
	at org.junit.jupiter.engine.execution.MethodInvocation.proceed(MethodInvocation.java:60)
	at org.junit.jupiter.engine.execution.InvocationInterceptorChain$ValidatingInvocation.proceed(InvocationInterceptorChain.java:131)
	at org.junit.jupiter.engine.extension.TimeoutExtension.intercept(TimeoutExtension.java:149)
	at org.junit.jupiter.engine.extension.TimeoutExtension.interceptTestableMethod(TimeoutExtension.java:140)
	at org.junit.jupiter.engine.extension.TimeoutExtension.interceptTestMethod(TimeoutExtension.java:84)
	at org.junit.jupiter.engine.execution.ExecutableInvoker$ReflectiveInterceptorCall.lambda$ofVoidMethod$0(ExecutableInvoker.java:115)
	at org.junit.jupiter.engine.execution.ExecutableInvoker.lambda$invoke$0(ExecutableInvoker.java:105)
	at org.junit.jupiter.engine.execution.InvocationInterceptorChain$InterceptedInvocation.proceed(InvocationInterceptorChain.java:106)
	at org.junit.jupiter.engine.execution.InvocationInterceptorChain.proceed(InvocationInterceptorChain.java:64)
	at org.junit.jupiter.engine.execution.InvocationInterceptorChain.chainAndInvoke(InvocationInterceptorChain.java:45)
	at org.junit.jupiter.engine.execution.InvocationInterceptorChain.invoke(InvocationInterceptorChain.java:37)
	at org.junit.jupiter.engine.execution.ExecutableInvoker.invoke(ExecutableInvoker.java:104)
	at org.junit.jupiter.engine.execution.ExecutableInvoker.invoke(ExecutableInvoker.java:98)
	at org.junit.jupiter.engine.descriptor.TestMethodTestDescriptor.lambda$invokeTestMethod$7(TestMethodTestDescriptor.java:214)
	at org.junit.platform.engine.support.hierarchical.ThrowableCollector.execute(ThrowableCollector.java:73)
	at org.junit.jupiter.engine.descriptor.TestMethodTestDescriptor.invokeTestMethod(TestMethodTestDescriptor.java:210)
	at org.junit.jupiter.engine.descriptor.TestMethodTestDescriptor.execute(TestMethodTestDescriptor.java:135)
	at org.junit.jupiter.engine.descriptor.TestMethodTestDescriptor.execute(TestMethodTestDescriptor.java:66)
	at org.junit.platform.engine.support.hierarchical.NodeTestTask.lambda$executeRecursively$6(NodeTestTask.java:151)
	at org.junit.platform.engine.support.hierarchical.ThrowableCollector.execute(ThrowableCollector.java:73)
	at org.junit.platform.engine.support.hierarchical.NodeTestTask.lambda$executeRecursively$8(NodeTestTask.java:141)
	at org.junit.platform.engine.support.hierarchical.Node.around(Node.java:137)
	at org.junit.platform.engine.support.hierarchical.NodeTestTask.lambda$executeRecursively$9(NodeTestTask.java:139)
	at org.junit.platform.engine.support.hierarchical.ThrowableCollector.execute(ThrowableCollector.java:73)
	at org.junit.platform.engine.support.hierarchical.NodeTestTask.executeRecursively(NodeTestTask.java:138)
	at org.junit.platform.engine.support.hierarchical.NodeTestTask.execute(NodeTestTask.java:95)
	at org.junit.platform.engine.support.hierarchical.ForkJoinPoolHierarchicalTestExecutorService$ExclusiveTask.compute(ForkJoinPoolHierarchicalTestExecutorService.java:185)
	at org.junit.platform.engine.support.hierarchical.ForkJoinPoolHierarchicalTestExecutorService.invokeAll(ForkJoinPoolHierarchicalTestExecutorService.java:129)
	at org.junit.platform.engine.support.hierarchical.NodeTestTask.lambda$executeRecursively$6(NodeTestTask.java:155)
	at org.junit.platform.engine.support.hierarchical.ThrowableCollector.execute(ThrowableCollector.java:73)
	at org.junit.platform.engine.support.hierarchical.NodeTestTask.lambda$executeRecursively$8(NodeTestTask.java:141)
	at org.junit.platform.engine.support.hierarchical.Node.around(Node.java:137)
	at org.junit.platform.engine.support.hierarchical.NodeTestTask.lambda$executeRecursively$9(NodeTestTask.java:139)
	at org.junit.platform.engine.support.hierarchical.ThrowableCollector.execute(ThrowableCollector.java:73)
	at org.junit.platform.engine.support.hierarchical.NodeTestTask.executeRecursively(NodeTestTask.java:138)
	at org.junit.platform.engine.support.hierarchical.NodeTestTask.execute(NodeTestTask.java:95)
	at org.junit.platform.engine.support.hierarchical.ForkJoinPoolHierarchicalTestExecutorService$ExclusiveTask.compute(ForkJoinPoolHierarchicalTestExecutorService.java:185)
	at java.base/java.util.concurrent.RecursiveAction.exec(RecursiveAction.java:194)
	at java.base/java.util.concurrent.ForkJoinTask.doExec(ForkJoinTask.java:511)
	at java.base/java.util.concurrent.ForkJoinPool$WorkQueue.topLevelExec(ForkJoinPool.java:1450)
	at java.base/java.util.concurrent.ForkJoinPool.runWorker(ForkJoinPool.java:2019)
	at java.base/java.util.concurrent.ForkJoinWorkerThread.run(ForkJoinWorkerThread.java:187)

Line 2 differs
Expected: [OperationDfn: loops.forrange.assignGuard::getLimit.c_init()->org.ek9.lang::Void]
Actual:   [OperationDfn: loops.forrange.assignGuard::getLimit._call()->org.ek9.lang::Integer]
===IR_UPDATE_START===
FILE: /Users/stevelimb/IdeaProjects/ek9llvm/compiler-main/target/test-classes/examples/irGeneration/loops/forRangeAssignmentGuard.ek9
SYMBOL: loops.forrange.assignGuard::getLimit
CATEGORY: FUNCTION
---IR_CONTENT_START---

ConstructDfn: loops.forrange.assignGuard::getLimit()->org.ek9.lang::Integer
OperationDfn: loops.forrange.assignGuard::getLimit._call()->org.ek9.lang::Integer  
BasicBlock: _entry_1
SCOPE_ENTER _scope_1
REFERENCE rtn, org.ek9.lang::Integer
_temp1 = LOAD_LITERAL 5, org.ek9.lang::Integer
RETAIN _temp1
SCOPE_REGISTER _temp1, _scope_1
RELEASE rtn
STORE rtn, _temp1
RETAIN rtn
SCOPE_EXIT _scope_1
RETURN rtn
OperationDfn: loops.forrange.assignGuard::getLimit.getLimit()->loops.forrange.assignGuard::getLimit  
BasicBlock: _entry_1
CALL (loops.forrange.assignGuard::getLimit)this.i_init() [pure=false, complexity=0]
RETURN this
OperationDfn: loops.forrange.assignGuard::getLimit.c_init()->org.ek9.lang::Void  
BasicBlock: _entry_1
RETURN
OperationDfn: loops.forrange.assignGuard::getLimit.i_init()->org.ek9.lang::Void  
BasicBlock: _entry_1
RETURN
---IR_CONTENT_END---
===IR_UPDATE_END===
Line 2 differs
Expected: [OperationDfn: loops.forrange.assignIfUnset::forRangeAssignmentIfUnset.c_init()->org.ek9.lang::Void]
Actual:   [OperationDfn: loops.forrange.assignIfUnset::forRangeAssignmentIfUnset._call()->org.ek9.lang::Integer]
===IR_UPDATE_START===
FILE: /Users/stevelimb/IdeaProjects/ek9llvm/compiler-main/target/test-classes/examples/irGeneration/loops/forRangeAssignmentIfUnset.ek9
SYMBOL: loops.forrange.assignIfUnset::forRangeAssignmentIfUnset
CATEGORY: FUNCTION
---IR_CONTENT_START---

ConstructDfn: loops.forrange.assignIfUnset::forRangeAssignmentIfUnset()->org.ek9.lang::Integer
OperationDfn: loops.forrange.assignIfUnset::forRangeAssignmentIfUnset._call()->org.ek9.lang::Integer  
BasicBlock: _entry_1
SCOPE_ENTER _scope_1
REFERENCE sum, org.ek9.lang::Integer
_temp1 = CALL (org.ek9.lang::Integer)org.ek9.lang::Integer.<init>() [pure=true, complexity=1, effects=RETURN_MUTATION]
RETAIN _temp1
SCOPE_REGISTER _temp1, _scope_1
STORE sum, _temp1
RETAIN sum
REFERENCE limit, org.ek9.lang::Integer
_temp2 = CALL (org.ek9.lang::Integer)org.ek9.lang::Integer.<init>() [pure=true, complexity=1, effects=RETURN_MUTATION]
RETAIN _temp2
SCOPE_REGISTER _temp2, _scope_1
STORE limit, _temp2
RETAIN limit
SCOPE_REGISTER limit, _scope_1
SCOPE_ENTER _scope_2
CONTROL_FLOW_CHAIN
[
chain_type: "GUARDED_ASSIGNMENT"
condition_chain:
[
[
case_scope_id: _scope_2
case_type: "EXPRESSION"
condition_evaluation:
[
_temp6 = CONTROL_FLOW_CHAIN
[
chain_type: "QUESTION_OPERATOR"
condition_chain:
[
[
case_scope_id: _scope_2
case_type: "NULL_CHECK"
condition_evaluation:
[
_temp7 = IS_NULL limit
]
primitive_condition: _temp7
body_evaluation:
[
_temp8 = CALL_STATIC (org.ek9.lang::Boolean)org.ek9.lang::Boolean._ofFalse() [pure=true, complexity=0]
RETAIN _temp8
SCOPE_REGISTER _temp8, _scope_2
]
body_result: _temp8
]
]
default_body_evaluation:
[
_temp9 = LOAD limit
_temp10 = CALL (org.ek9.lang::Integer)_temp9._isSet() [pure=true, complexity=0]
RETAIN _temp10
SCOPE_REGISTER _temp10, _scope_2
]
default_result: _temp10
scope_id: _scope_2
]
_temp11 = CALL (org.ek9.lang::Boolean)_temp6._negate() [pure=true, complexity=0]
RETAIN _temp11
SCOPE_REGISTER _temp11, _scope_2
_temp12 = CALL (org.ek9.lang::Boolean)_temp11._true() [pure=true, complexity=0]
]
condition_result: _temp11
primitive_condition: _temp12
body_evaluation:
[
_temp5 = FUNCTION_INSTANCE loops.forrange.assignIfUnset::getLimit
_temp3 = CALL (loops.forrange.assignIfUnset::getLimit)_temp5._call() [pure=false, complexity=2, effects=RETURN_MUTATION]
RETAIN _temp3
SCOPE_REGISTER _temp3, _scope_2
RELEASE limit
STORE limit, _temp3
RETAIN limit
]
]
]
scope_id: _scope_2
]
_temp13 = CONTROL_FLOW_CHAIN
[
chain_type: "QUESTION_OPERATOR"
condition_chain:
[
[
case_scope_id: _scope_2
case_type: "NULL_CHECK"
condition_evaluation:
[
_temp14 = IS_NULL limit
]
primitive_condition: _temp14
body_evaluation:
[
_temp15 = CALL_STATIC (org.ek9.lang::Boolean)org.ek9.lang::Boolean._ofFalse() [pure=true, complexity=0]
RETAIN _temp15
SCOPE_REGISTER _temp15, _scope_2
]
body_result: _temp15
]
]
default_body_evaluation:
[
_temp16 = LOAD limit
_temp17 = CALL (org.ek9.lang::Integer)_temp16._isSet() [pure=true, complexity=0]
RETAIN _temp17
SCOPE_REGISTER _temp17, _scope_2
]
default_result: _temp17
scope_id: _scope_2
]
_temp18 = CALL (org.ek9.lang::Boolean)_temp13._true() [pure=true, complexity=0]
CONTROL_FLOW_CHAIN
[
chain_type: "IF_ELSE_IF"
condition_chain:
[
[
case_scope_id: _scope_2
case_type: "EXPRESSION"
condition_evaluation:
[
]
condition_result: _temp13
primitive_condition: _temp18
body_evaluation:
[
SCOPE_ENTER _scope_3
REFERENCE i, org.ek9.lang::Integer
SCOPE_REGISTER i, _scope_3
FOR_RANGE_POLYMORPHIC
[
initialization:
[
_temp20 = LOAD_LITERAL 1, org.ek9.lang::Integer
RETAIN _temp20
SCOPE_REGISTER _temp20, _scope_3
_temp19 = LOAD _temp20
RETAIN _temp19
SCOPE_REGISTER _temp19, _scope_3
_temp22 = LOAD limit
RETAIN _temp22
SCOPE_REGISTER _temp22, _scope_3
_temp21 = LOAD _temp22
RETAIN _temp21
SCOPE_REGISTER _temp21, _scope_3
_temp23 = CALL (org.ek9.lang::Integer)_temp19._isSet() [pure=true, complexity=1, effects=RETURN_MUTATION]
RETAIN _temp23
SCOPE_REGISTER _temp23, _scope_3
_temp24 = CALL (org.ek9.lang::Boolean)_temp23._true() [pure=true, complexity=0]
ASSERT _temp24, For-range 'start' value must be set
_temp25 = CALL (org.ek9.lang::Integer)_temp21._isSet() [pure=true, complexity=1, effects=RETURN_MUTATION]
RETAIN _temp25
SCOPE_REGISTER _temp25, _scope_3
_temp26 = CALL (org.ek9.lang::Boolean)_temp25._true() [pure=true, complexity=0]
ASSERT _temp26, For-range 'end' value must be set
_temp27 = CALL (org.ek9.lang::Integer)_temp19._cmp(_temp21) [pure=true, complexity=1, effects=RETURN_MUTATION]
RETAIN _temp27
SCOPE_REGISTER _temp27, _scope_3
_temp28 = LOAD _temp19
RETAIN _temp28
SCOPE_REGISTER _temp28, _scope_3
]
dispatch_cases:
[
ascending:
[
direction_check:
[
SCOPE_ENTER _scope_5
_temp32 = LOAD_LITERAL 0, org.ek9.lang::Integer
RETAIN _temp32
SCOPE_REGISTER _temp32, _scope_5
_temp33 = CALL (org.ek9.lang::Integer)_temp27._lt(_temp32) [pure=true, complexity=1, effects=RETURN_MUTATION]
RETAIN _temp33
SCOPE_REGISTER _temp33, _scope_5
_temp34 = CALL (org.ek9.lang::Boolean)_temp33._true() [pure=true, complexity=0]
SCOPE_EXIT _scope_5
]
direction_primitive: _temp34
loop_condition_template:
[
SCOPE_ENTER _scope_6
_temp35 = CALL (org.ek9.lang::Integer)_temp28._cmp(_temp21) [pure=true, complexity=1, effects=RETURN_MUTATION]
RETAIN _temp35
SCOPE_REGISTER _temp35, _scope_6
_temp36 = LOAD_LITERAL 0, org.ek9.lang::Integer
RETAIN _temp36
SCOPE_REGISTER _temp36, _scope_6
_temp37 = CALL (org.ek9.lang::Integer)_temp35._lteq(_temp36) [pure=true, complexity=1, effects=RETURN_MUTATION]
RETAIN _temp37
SCOPE_REGISTER _temp37, _scope_6
_temp38 = CALL (org.ek9.lang::Boolean)_temp37._true() [pure=true, complexity=0]
SCOPE_EXIT _scope_6
]
loop_condition_primitive: _temp38
loop_body_setup:
[
RELEASE i
STORE i, _temp28
RETAIN i
]
loop_increment:
[
SCOPE_ENTER _scope_7
_temp39 = CALL (org.ek9.lang::Integer)_temp28._inc() [pure=false, complexity=0, effects=RETURN_MUTATION,THIS_MUTATION]
RETAIN _temp39
SCOPE_REGISTER _temp39, _scope_7
STORE _temp28, _temp39
SCOPE_EXIT _scope_7
]
]
descending:
[
direction_check:
[
SCOPE_ENTER _scope_8
_temp40 = LOAD_LITERAL 0, org.ek9.lang::Integer
RETAIN _temp40
SCOPE_REGISTER _temp40, _scope_8
_temp41 = CALL (org.ek9.lang::Integer)_temp27._gt(_temp40) [pure=true, complexity=1, effects=RETURN_MUTATION]
RETAIN _temp41
SCOPE_REGISTER _temp41, _scope_8
_temp42 = CALL (org.ek9.lang::Boolean)_temp41._true() [pure=true, complexity=0]
SCOPE_EXIT _scope_8
]
direction_primitive: _temp42
loop_condition_template:
[
SCOPE_ENTER _scope_9
_temp43 = CALL (org.ek9.lang::Integer)_temp28._cmp(_temp21) [pure=true, complexity=1, effects=RETURN_MUTATION]
RETAIN _temp43
SCOPE_REGISTER _temp43, _scope_9
_temp44 = LOAD_LITERAL 0, org.ek9.lang::Integer
RETAIN _temp44
SCOPE_REGISTER _temp44, _scope_9
_temp45 = CALL (org.ek9.lang::Integer)_temp43._gteq(_temp44) [pure=true, complexity=1, effects=RETURN_MUTATION]
RETAIN _temp45
SCOPE_REGISTER _temp45, _scope_9
_temp46 = CALL (org.ek9.lang::Boolean)_temp45._true() [pure=true, complexity=0]
SCOPE_EXIT _scope_9
]
loop_condition_primitive: _temp46
loop_body_setup:
[
RELEASE i
STORE i, _temp28
RETAIN i
]
loop_increment:
[
SCOPE_ENTER _scope_10
_temp47 = CALL (org.ek9.lang::Integer)_temp28._dec() [pure=false, complexity=0, effects=RETURN_MUTATION,THIS_MUTATION]
RETAIN _temp47
SCOPE_REGISTER _temp47, _scope_10
STORE _temp28, _temp47
SCOPE_EXIT _scope_10
]
]
equal:
[
loop_body_setup:
[
RELEASE i
STORE i, _temp28
RETAIN i
]
single_iteration: true
]
]
body:
[
SCOPE_ENTER _scope_4
_temp30 = LOAD sum
RETAIN _temp30
SCOPE_REGISTER _temp30, _scope_4
_temp31 = LOAD i
RETAIN _temp31
SCOPE_REGISTER _temp31, _scope_4
_temp29 = CALL (org.ek9.lang::Integer)_temp30._add(_temp31) [pure=true, complexity=2, effects=RETURN_MUTATION]
RETAIN _temp29
SCOPE_REGISTER _temp29, _scope_4
RELEASE sum
STORE sum, _temp29
RETAIN sum
SCOPE_EXIT _scope_4
]
metadata:
[
direction_variable: "_temp27"
current_variable: "_temp28"
loop_variable: "i"
end_variable: "_temp21"
range_type: "org.ek9.lang::Integer"
]
scope_metadata:
[
outer_scope: "_scope_2"
loop_scope: "_scope_3"
body_scope: "_scope_4"
]
]
SCOPE_EXIT _scope_3
]
]
]
scope_id: _scope_2
]
SCOPE_EXIT _scope_2
SCOPE_EXIT _scope_1
RETURN sum
OperationDfn: loops.forrange.assignIfUnset::forRangeAssignmentIfUnset.forRangeAssignmentIfUnset()->loops.forrange.assignIfUnset::forRangeAssignmentIfUnset  
BasicBlock: _entry_1
CALL (loops.forrange.assignIfUnset::forRangeAssignmentIfUnset)this.i_init() [pure=false, complexity=0]
RETURN this
OperationDfn: loops.forrange.assignIfUnset::forRangeAssignmentIfUnset.c_init()->org.ek9.lang::Void  
BasicBlock: _entry_1
RETURN
OperationDfn: loops.forrange.assignIfUnset::forRangeAssignmentIfUnset.i_init()->org.ek9.lang::Void  
BasicBlock: _entry_1
RETURN
---IR_CONTENT_END---
===IR_UPDATE_END===
Line 2 differs
Expected: [OperationDfn: loops.forin.assignIfUnset::forInAssignmentIfUnset.c_init()->org.ek9.lang::Void]
Actual:   [OperationDfn: loops.forin.assignIfUnset::forInAssignmentIfUnset._call()->org.ek9.lang::Void]
===IR_UPDATE_START===
FILE: /Users/stevelimb/IdeaProjects/ek9llvm/compiler-main/target/test-classes/examples/irGeneration/loops/forInAssignmentIfUnset.ek9
SYMBOL: loops.forin.assignIfUnset::forInAssignmentIfUnset
CATEGORY: FUNCTION
---IR_CONTENT_START---

ConstructDfn: loops.forin.assignIfUnset::forInAssignmentIfUnset()->org.ek9.lang::Void
OperationDfn: loops.forin.assignIfUnset::forInAssignmentIfUnset._call()->org.ek9.lang::Void  
BasicBlock: _entry_1
SCOPE_ENTER _scope_1
REFERENCE stdout, org.ek9.lang::Stdout
_temp1 = CALL (org.ek9.lang::Stdout)org.ek9.lang::Stdout.<init>() [pure=true, complexity=1, effects=IO,RETURN_MUTATION]
RETAIN _temp1
SCOPE_REGISTER _temp1, _scope_1
STORE stdout, _temp1
RETAIN stdout
SCOPE_REGISTER stdout, _scope_1
REFERENCE items, org.ek9.lang::_List_8F118296CF271EAEB58F9D4B4FDDDB2DA7B80C13BF342D8C4A916D54EBB208E1
_temp2 = CALL (org.ek9.lang::_List_8F118296CF271EAEB58F9D4B4FDDDB2DA7B80C13BF342D8C4A916D54EBB208E1)org.ek9.lang::_List_8F118296CF271EAEB58F9D4B4FDDDB2DA7B80C13BF342D8C4A916D54EBB208E1.<init>() [pure=true, complexity=0, effects=RETURN_MUTATION]
RETAIN _temp2
SCOPE_REGISTER _temp2, _scope_1
STORE items, _temp2
RETAIN items
SCOPE_REGISTER items, _scope_1
SCOPE_ENTER _scope_2
CONTROL_FLOW_CHAIN
[
chain_type: "GUARDED_ASSIGNMENT"
condition_chain:
[
[
case_scope_id: _scope_2
case_type: "EXPRESSION"
condition_evaluation:
[
_temp6 = CONTROL_FLOW_CHAIN
[
chain_type: "QUESTION_OPERATOR"
condition_chain:
[
[
case_scope_id: _scope_2
case_type: "NULL_CHECK"
condition_evaluation:
[
_temp7 = IS_NULL items
]
primitive_condition: _temp7
body_evaluation:
[
_temp8 = CALL_STATIC (org.ek9.lang::Boolean)org.ek9.lang::Boolean._ofFalse() [pure=true, complexity=0]
RETAIN _temp8
SCOPE_REGISTER _temp8, _scope_2
]
body_result: _temp8
]
]
default_body_evaluation:
[
_temp9 = LOAD items
_temp10 = CALL (org.ek9.lang::_List_8F118296CF271EAEB58F9D4B4FDDDB2DA7B80C13BF342D8C4A916D54EBB208E1)_temp9._isSet() [pure=true, complexity=0]
RETAIN _temp10
SCOPE_REGISTER _temp10, _scope_2
]
default_result: _temp10
scope_id: _scope_2
]
_temp11 = CALL (org.ek9.lang::Boolean)_temp6._negate() [pure=true, complexity=0]
RETAIN _temp11
SCOPE_REGISTER _temp11, _scope_2
_temp12 = CALL (org.ek9.lang::Boolean)_temp11._true() [pure=true, complexity=0]
]
condition_result: _temp11
primitive_condition: _temp12
body_evaluation:
[
_temp5 = FUNCTION_INSTANCE loops.forin.assignIfUnset::getItems
_temp3 = CALL (loops.forin.assignIfUnset::getItems)_temp5._call() [pure=false, complexity=2, effects=RETURN_MUTATION]
RETAIN _temp3
SCOPE_REGISTER _temp3, _scope_2
RELEASE items
STORE items, _temp3
RETAIN items
]
]
]
scope_id: _scope_2
]
_temp13 = CONTROL_FLOW_CHAIN
[
chain_type: "QUESTION_OPERATOR"
condition_chain:
[
[
case_scope_id: _scope_2
case_type: "NULL_CHECK"
condition_evaluation:
[
_temp14 = IS_NULL items
]
primitive_condition: _temp14
body_evaluation:
[
_temp15 = CALL_STATIC (org.ek9.lang::Boolean)org.ek9.lang::Boolean._ofFalse() [pure=true, complexity=0]
RETAIN _temp15
SCOPE_REGISTER _temp15, _scope_2
]
body_result: _temp15
]
]
default_body_evaluation:
[
_temp16 = LOAD items
_temp17 = CALL (org.ek9.lang::_List_8F118296CF271EAEB58F9D4B4FDDDB2DA7B80C13BF342D8C4A916D54EBB208E1)_temp16._isSet() [pure=true, complexity=0]
RETAIN _temp17
SCOPE_REGISTER _temp17, _scope_2
]
default_result: _temp17
scope_id: _scope_2
]
_temp18 = CALL (org.ek9.lang::Boolean)_temp13._true() [pure=true, complexity=0]
CONTROL_FLOW_CHAIN
[
chain_type: "IF_ELSE_IF"
condition_chain:
[
[
case_scope_id: _scope_2
case_type: "EXPRESSION"
condition_evaluation:
[
]
condition_result: _temp13
primitive_condition: _temp18
body_evaluation:
[
_temp19 = LOAD items
RETAIN _temp19
SCOPE_REGISTER _temp19, _scope_2
_temp20 = CALL (org.ek9.lang::_List_8F118296CF271EAEB58F9D4B4FDDDB2DA7B80C13BF342D8C4A916D54EBB208E1)_temp19.iterator() [pure=false, complexity=0]
RETAIN _temp20
SCOPE_REGISTER _temp20, _scope_2
SCOPE_ENTER _scope_3
REFERENCE item, org.ek9.lang::String
SCOPE_REGISTER item, _scope_3
CONTROL_FLOW_CHAIN
[
chain_type: "WHILE_LOOP"
condition_chain:
[
[
case_scope_id: _scope_4
case_type: "EXPRESSION"
condition_evaluation:
[
SCOPE_ENTER _scope_4
_temp21 = CALL (org.ek9.lang::_Iterator_852BE8F78E9C7E622E0E2BDC5523BEFF664305AD702B04CE0463ED42C1FE2CA2)_temp20.hasNext() [pure=false, complexity=0]
RETAIN _temp21
SCOPE_REGISTER _temp21, _scope_4
_temp22 = CALL (org.ek9.lang::Boolean)_temp21._true() [pure=true, complexity=0]
SCOPE_EXIT _scope_4
]
condition_result: _temp21
primitive_condition: _temp22
body_evaluation:
[
SCOPE_ENTER _scope_5
_temp23 = CALL (org.ek9.lang::_Iterator_852BE8F78E9C7E622E0E2BDC5523BEFF664305AD702B04CE0463ED42C1FE2CA2)_temp20.next() [pure=false, complexity=0]
RETAIN _temp23
SCOPE_REGISTER _temp23, _scope_5
RELEASE item
STORE item, _temp23
RETAIN item
_temp25 = LOAD stdout
RETAIN _temp25
SCOPE_REGISTER _temp25, _scope_5
_temp26 = LOAD item
RETAIN _temp26
SCOPE_REGISTER _temp26, _scope_5
CALL (org.ek9.lang::Stdout)_temp25.println(_temp26) [pure=true, complexity=1]
SCOPE_EXIT _scope_5
]
]
]
scope_id: _scope_3
]
SCOPE_EXIT _scope_3
]
]
]
scope_id: _scope_2
]
SCOPE_EXIT _scope_2
SCOPE_EXIT _scope_1
RETURN
OperationDfn: loops.forin.assignIfUnset::forInAssignmentIfUnset.c_init()->org.ek9.lang::Void  
BasicBlock: _entry_1
RETURN
OperationDfn: loops.forin.assignIfUnset::forInAssignmentIfUnset.forInAssignmentIfUnset()->loops.forin.assignIfUnset::forInAssignmentIfUnset  
BasicBlock: _entry_1
CALL (loops.forin.assignIfUnset::forInAssignmentIfUnset)this.i_init() [pure=false, complexity=0]
RETURN this
OperationDfn: loops.forin.assignIfUnset::forInAssignmentIfUnset.i_init()->org.ek9.lang::Void  
BasicBlock: _entry_1
RETURN
---IR_CONTENT_END---
===IR_UPDATE_END===
Line 2 differs
Expected: [OperationDfn: loops.doWhileGuard::simpleDoWhileWithGuard.c_init()->org.ek9.lang::Void]
Actual:   [OperationDfn: loops.doWhileGuard::simpleDoWhileWithGuard._call()->org.ek9.lang::Void]
===IR_UPDATE_START===
FILE: /Users/stevelimb/IdeaProjects/ek9llvm/compiler-main/target/test-classes/examples/irGeneration/loops/simpleDoWhileWithGuard.ek9
SYMBOL: loops.doWhileGuard::simpleDoWhileWithGuard
CATEGORY: FUNCTION
---IR_CONTENT_START---

ConstructDfn: loops.doWhileGuard::simpleDoWhileWithGuard()->org.ek9.lang::Void
OperationDfn: loops.doWhileGuard::simpleDoWhileWithGuard._call()->org.ek9.lang::Void  
BasicBlock: _entry_1
SCOPE_ENTER _scope_1
REFERENCE counter, org.ek9.lang::Integer
_temp1 = LOAD_LITERAL 0, org.ek9.lang::Integer
RETAIN _temp1
SCOPE_REGISTER _temp1, _scope_1
STORE counter, _temp1
RETAIN counter
SCOPE_REGISTER counter, _scope_1
SCOPE_ENTER _scope_2
REFERENCE value, org.ek9.lang::Integer
_temp4 = FUNCTION_INSTANCE loops.doWhileGuard::getValue
_temp2 = CALL (loops.doWhileGuard::getValue)_temp4._call() [pure=false, complexity=2, effects=RETURN_MUTATION]
RETAIN _temp2
SCOPE_REGISTER _temp2, _scope_2
STORE value, _temp2
RETAIN value
SCOPE_REGISTER value, _scope_2
_temp5 = CONTROL_FLOW_CHAIN
[
chain_type: "QUESTION_OPERATOR"
condition_chain:
[
[
case_scope_id: _scope_2
case_type: "NULL_CHECK"
condition_evaluation:
[
_temp6 = IS_NULL value
]
primitive_condition: _temp6
body_evaluation:
[
_temp7 = CALL_STATIC (org.ek9.lang::Boolean)org.ek9.lang::Boolean._ofFalse() [pure=true, complexity=0]
RETAIN _temp7
SCOPE_REGISTER _temp7, _scope_2
]
body_result: _temp7
]
]
default_body_evaluation:
[
_temp8 = LOAD value
_temp9 = CALL (org.ek9.lang::Integer)_temp8._isSet() [pure=true, complexity=0]
RETAIN _temp9
SCOPE_REGISTER _temp9, _scope_2
]
default_result: _temp9
scope_id: _scope_2
]
_temp10 = CALL (org.ek9.lang::Boolean)_temp5._true() [pure=true, complexity=0]
CONTROL_FLOW_CHAIN
[
chain_type: "IF_ELSE_IF"
condition_chain:
[
[
case_scope_id: _scope_2
case_type: "EXPRESSION"
condition_evaluation:
[
]
condition_result: _temp5
primitive_condition: _temp10
body_evaluation:
[
CONTROL_FLOW_CHAIN
[
chain_type: "DO_WHILE_LOOP_WITH_GUARDS"
condition_chain:
[
[
case_scope_id: _scope_3
case_type: "EXPRESSION"
condition_evaluation:
[
SCOPE_ENTER _scope_4
_temp15 = LOAD value
RETAIN _temp15
SCOPE_REGISTER _temp15, _scope_4
_temp16 = LOAD counter
RETAIN _temp16
SCOPE_REGISTER _temp16, _scope_4
_temp14 = CALL (org.ek9.lang::Integer)_temp15._gt(_temp16) [pure=true, complexity=2, effects=RETURN_MUTATION]
RETAIN _temp14
SCOPE_REGISTER _temp14, _scope_4
_temp17 = CALL (org.ek9.lang::Boolean)_temp14._true() [pure=true, complexity=0]
SCOPE_EXIT _scope_4
]
condition_result: _temp14
primitive_condition: _temp17
body_evaluation:
[
SCOPE_ENTER _scope_3
_temp12 = LOAD counter
RETAIN _temp12
SCOPE_REGISTER _temp12, _scope_3
_temp13 = LOAD_LITERAL 1, org.ek9.lang::Integer
RETAIN _temp13
SCOPE_REGISTER _temp13, _scope_3
_temp11 = CALL (org.ek9.lang::Integer)_temp12._add(_temp13) [pure=true, complexity=2, effects=RETURN_MUTATION]
RETAIN _temp11
SCOPE_REGISTER _temp11, _scope_3
RELEASE counter
STORE counter, _temp11
RETAIN counter
SCOPE_EXIT _scope_3
]
]
]
scope_id: _scope_2
]
]
]
]
scope_id: _scope_2
]
SCOPE_EXIT _scope_2
_temp18 = CONTROL_FLOW_CHAIN
[
chain_type: "QUESTION_OPERATOR"
condition_chain:
[
[
case_scope_id: _scope_1
case_type: "NULL_CHECK"
condition_evaluation:
[
_temp19 = LOAD counter
_temp20 = IS_NULL _temp19
]
primitive_condition: _temp20
body_evaluation:
[
_temp21 = CALL_STATIC (org.ek9.lang::Boolean)org.ek9.lang::Boolean._ofFalse() [pure=true, complexity=0]
RETAIN _temp21
SCOPE_REGISTER _temp21, _scope_1
]
body_result: _temp21
]
]
default_body_evaluation:
[
_temp22 = CALL (org.ek9.lang::Integer)_temp19._isSet() [pure=true, complexity=0]
RETAIN _temp22
SCOPE_REGISTER _temp22, _scope_1
]
default_result: _temp22
scope_id: _scope_1
]
RETAIN _temp18
SCOPE_REGISTER _temp18, _scope_1
_temp23 = CALL (org.ek9.lang::Boolean)_temp18._true() [pure=true, complexity=0]
ASSERT _temp23
SCOPE_EXIT _scope_1
RETURN
OperationDfn: loops.doWhileGuard::simpleDoWhileWithGuard.c_init()->org.ek9.lang::Void  
BasicBlock: _entry_1
RETURN
OperationDfn: loops.doWhileGuard::simpleDoWhileWithGuard.i_init()->org.ek9.lang::Void  
BasicBlock: _entry_1
RETURN
OperationDfn: loops.doWhileGuard::simpleDoWhileWithGuard.simpleDoWhileWithGuard()->loops.doWhileGuard::simpleDoWhileWithGuard  
BasicBlock: _entry_1
CALL (loops.doWhileGuard::simpleDoWhileWithGuard)this.i_init() [pure=false, complexity=0]
RETURN this
---IR_CONTENT_END---
===IR_UPDATE_END===
Line 2 differs
Expected: [OperationDfn: loops.forin.guard::getItems.c_init()->org.ek9.lang::Void]
Actual:   [OperationDfn: loops.forin.guard::getItems._call()->org.ek9.lang::_List_8F118296CF271EAEB58F9D4B4FDDDB2DA7B80C13BF342D8C4A916D54EBB208E1]
===IR_UPDATE_START===
FILE: /Users/stevelimb/IdeaProjects/ek9llvm/compiler-main/target/test-classes/examples/irGeneration/loops/forInWithGuard.ek9
SYMBOL: loops.forin.guard::getItems
CATEGORY: FUNCTION
---IR_CONTENT_START---

ConstructDfn: loops.forin.guard::getItems()->org.ek9.lang::_List_8F118296CF271EAEB58F9D4B4FDDDB2DA7B80C13BF342D8C4A916D54EBB208E1
OperationDfn: loops.forin.guard::getItems._call()->org.ek9.lang::_List_8F118296CF271EAEB58F9D4B4FDDDB2DA7B80C13BF342D8C4A916D54EBB208E1  
BasicBlock: _entry_1
SCOPE_ENTER _scope_1
REFERENCE rtn, org.ek9.lang::_List_8F118296CF271EAEB58F9D4B4FDDDB2DA7B80C13BF342D8C4A916D54EBB208E1
_temp1 = CALL (org.ek9.lang::_List_8F118296CF271EAEB58F9D4B4FDDDB2DA7B80C13BF342D8C4A916D54EBB208E1)org.ek9.lang::_List_8F118296CF271EAEB58F9D4B4FDDDB2DA7B80C13BF342D8C4A916D54EBB208E1.<init>() [pure=true, complexity=0, effects=RETURN_MUTATION]
RETAIN _temp1
SCOPE_REGISTER _temp1, _scope_1
RELEASE rtn
STORE rtn, _temp1
RETAIN rtn
_temp2 = LOAD rtn
RETAIN _temp2
SCOPE_REGISTER _temp2, _scope_1
_temp3 = LOAD_LITERAL one, org.ek9.lang::String
RETAIN _temp3
SCOPE_REGISTER _temp3, _scope_1
CALL (org.ek9.lang::_List_8F118296CF271EAEB58F9D4B4FDDDB2DA7B80C13BF342D8C4A916D54EBB208E1)_temp2._addAss(_temp3) [pure=false, complexity=0, effects=THIS_MUTATION]
_temp4 = LOAD rtn
RETAIN _temp4
SCOPE_REGISTER _temp4, _scope_1
_temp5 = LOAD_LITERAL two, org.ek9.lang::String
RETAIN _temp5
SCOPE_REGISTER _temp5, _scope_1
CALL (org.ek9.lang::_List_8F118296CF271EAEB58F9D4B4FDDDB2DA7B80C13BF342D8C4A916D54EBB208E1)_temp4._addAss(_temp5) [pure=false, complexity=0, effects=THIS_MUTATION]
_temp6 = LOAD rtn
RETAIN _temp6
SCOPE_REGISTER _temp6, _scope_1
_temp7 = LOAD_LITERAL three, org.ek9.lang::String
RETAIN _temp7
SCOPE_REGISTER _temp7, _scope_1
CALL (org.ek9.lang::_List_8F118296CF271EAEB58F9D4B4FDDDB2DA7B80C13BF342D8C4A916D54EBB208E1)_temp6._addAss(_temp7) [pure=false, complexity=0, effects=THIS_MUTATION]
SCOPE_EXIT _scope_1
RETURN rtn
OperationDfn: loops.forin.guard::getItems.getItems()->loops.forin.guard::getItems  
BasicBlock: _entry_1
CALL (loops.forin.guard::getItems)this.i_init() [pure=false, complexity=0]
RETURN this
OperationDfn: loops.forin.guard::getItems.c_init()->org.ek9.lang::Void  
BasicBlock: _entry_1
RETURN
OperationDfn: loops.forin.guard::getItems.i_init()->org.ek9.lang::Void  
BasicBlock: _entry_1
RETURN
---IR_CONTENT_END---
===IR_UPDATE_END===
Line 2 differs
Expected: [OperationDfn: controlFlow::ifAssignmentGuard.c_init()->org.ek9.lang::Void]
Actual:   [OperationDfn: controlFlow::ifAssignmentGuard._call()->org.ek9.lang::String]
===IR_UPDATE_START===
FILE: /Users/stevelimb/IdeaProjects/ek9llvm/compiler-main/target/test-classes/examples/irGeneration/controlFlow/ifAssignmentGuard.ek9
SYMBOL: controlFlow::ifAssignmentGuard
CATEGORY: FUNCTION
---IR_CONTENT_START---

ConstructDfn: controlFlow::ifAssignmentGuard()->org.ek9.lang::String
OperationDfn: controlFlow::ifAssignmentGuard._call()->org.ek9.lang::String  
BasicBlock: _entry_1
SCOPE_ENTER _scope_1
REFERENCE result, org.ek9.lang::String
_temp1 = CALL (org.ek9.lang::String)org.ek9.lang::String.<init>() [pure=true, complexity=1, effects=RETURN_MUTATION]
RETAIN _temp1
SCOPE_REGISTER _temp1, _scope_1
STORE result, _temp1
RETAIN result
REFERENCE value, org.ek9.lang::Integer
_temp2 = CALL (org.ek9.lang::Integer)org.ek9.lang::Integer.<init>() [pure=true, complexity=1, effects=RETURN_MUTATION]
RETAIN _temp2
SCOPE_REGISTER _temp2, _scope_1
STORE value, _temp2
RETAIN value
SCOPE_REGISTER value, _scope_1
SCOPE_ENTER _scope_2
_temp5 = FUNCTION_INSTANCE controlFlow::provideValue
_temp3 = CALL (controlFlow::provideValue)_temp5._call() [pure=false, complexity=2, effects=RETURN_MUTATION]
RETAIN _temp3
SCOPE_REGISTER _temp3, _scope_2
RELEASE value
STORE value, _temp3
RETAIN value
CONTROL_FLOW_CHAIN
[
chain_type: "IF_ELSE_IF"
condition_chain:
[
[
case_scope_id: _scope_4
case_type: "EXPRESSION"
condition_evaluation:
[
SCOPE_ENTER _scope_3
_temp7 = LOAD value
RETAIN _temp7
SCOPE_REGISTER _temp7, _scope_3
_temp8 = LOAD_LITERAL 10, org.ek9.lang::Integer
RETAIN _temp8
SCOPE_REGISTER _temp8, _scope_3
_temp6 = CALL (org.ek9.lang::Integer)_temp7._gt(_temp8) [pure=true, complexity=2, effects=RETURN_MUTATION]
RETAIN _temp6
SCOPE_REGISTER _temp6, _scope_3
_temp9 = CALL (org.ek9.lang::Boolean)_temp6._true() [pure=true, complexity=0]
SCOPE_EXIT _scope_3
]
condition_result: _temp6
primitive_condition: _temp9
body_evaluation:
[
SCOPE_ENTER _scope_4
_temp10 = LOAD_LITERAL High, org.ek9.lang::String
RETAIN _temp10
SCOPE_REGISTER _temp10, _scope_4
RELEASE result
STORE result, _temp10
RETAIN result
SCOPE_EXIT _scope_4
]
]
]
default_body_evaluation:
[
SCOPE_ENTER _scope_5
_temp11 = LOAD_LITERAL Low, org.ek9.lang::String
RETAIN _temp11
SCOPE_REGISTER _temp11, _scope_5
RELEASE result
STORE result, _temp11
RETAIN result
SCOPE_EXIT _scope_5
]
scope_id: _scope_2
]
SCOPE_EXIT _scope_2
SCOPE_EXIT _scope_1
RETURN result
OperationDfn: controlFlow::ifAssignmentGuard.ifAssignmentGuard()->controlFlow::ifAssignmentGuard  
BasicBlock: _entry_1
CALL (controlFlow::ifAssignmentGuard)this.i_init() [pure=false, complexity=0]
RETURN this
OperationDfn: controlFlow::ifAssignmentGuard.c_init()->org.ek9.lang::Void  
BasicBlock: _entry_1
RETURN
OperationDfn: controlFlow::ifAssignmentGuard.i_init()->org.ek9.lang::Void  
BasicBlock: _entry_1
RETURN
---IR_CONTENT_END---
===IR_UPDATE_END===
[ERROR] Tests run: 2, Failures: 0, Errors: 1, Skipped: 0, Time elapsed: 0.367 s <<< FAILURE! -- in org.ek9lang.compiler.ir.SimpleClassesIRTest
[ERROR] org.ek9lang.compiler.ir.ControlFlowIRTest.testPhaseDevelopment -- Time elapsed: 0.566 s <<< ERROR!
org.ek9lang.core.CompilerException: Expected IR and Generated IR line difference
	at org.ek9lang.compiler.directives.IRDirectiveListener.symbolMatch(IRDirectiveListener.java:80)
	at org.ek9lang.compiler.directives.ResolutionDirectiveListener.lambda$processDirectives$0(ResolutionDirectiveListener.java:41)
	at java.base/java.util.Optional.ifPresentOrElse(Optional.java:196)
	at org.ek9lang.compiler.directives.ResolutionDirectiveListener.processDirectives(ResolutionDirectiveListener.java:41)
	at org.ek9lang.compiler.directives.IRDirectiveListener.accept(IRDirectiveListener.java:31)
	at org.ek9lang.compiler.directives.IRDirectiveListener.accept(IRDirectiveListener.java:18)
	at java.base/java.util.function.Consumer.lambda$andThen$0(Consumer.java:65)
	at java.base/java.util.function.Consumer.lambda$andThen$0(Consumer.java:65)
	at java.base/java.util.function.Consumer.lambda$andThen$0(Consumer.java:65)
	at org.ek9lang.compiler.phase7.IRGenerator.defineIR(IRGenerator.java:89)
	at org.ek9lang.compiler.phase7.IRGenerator.lambda$defineIRMultiThreaded$0(IRGenerator.java:61)
	at java.base/java.util.stream.ForEachOps$ForEachOp$OfRef.accept(ForEachOps.java:186)
	at java.base/java.util.ArrayList$ArrayListSpliterator.forEachRemaining(ArrayList.java:1716)
	at java.base/java.util.stream.AbstractPipeline.copyInto(AbstractPipeline.java:570)
	at java.base/java.util.stream.ForEachOps$ForEachTask.compute(ForEachOps.java:293)
	at java.base/java.util.concurrent.CountedCompleter.exec(CountedCompleter.java:759)
	at java.base/java.util.concurrent.ForkJoinTask.doExec(ForkJoinTask.java:511)
	at java.base/java.util.concurrent.ForkJoinPool$WorkQueue.helpComplete(ForkJoinPool.java:1537)
	at java.base/java.util.concurrent.ForkJoinPool.helpComplete(ForkJoinPool.java:2332)
	at java.base/java.util.concurrent.ForkJoinTask.awaitDone(ForkJoinTask.java:497)
	at java.base/java.util.concurrent.ForkJoinTask.join(ForkJoinTask.java:666)
	at java.base/java.util.concurrent.ForkJoinTask.invoke(ForkJoinTask.java:681)
	at java.base/java.util.stream.ForEachOps$ForEachOp.evaluateParallel(ForEachOps.java:162)
	at java.base/java.util.stream.ForEachOps$ForEachOp$OfRef.evaluateParallel(ForEachOps.java:176)
	at java.base/java.util.stream.AbstractPipeline.evaluate(AbstractPipeline.java:264)
	at java.base/java.util.stream.ReferencePipeline.forEach(ReferencePipeline.java:632)
	at java.base/java.util.stream.ReferencePipeline$Head.forEach(ReferencePipeline.java:806)
	at org.ek9lang.compiler.phase7.IRGenerator.defineIRMultiThreaded(IRGenerator.java:61)
	at org.ek9lang.compiler.phase7.IRGenerator.underTakeIRDefinition(IRGenerator.java:50)
	at org.ek9lang.compiler.phase7.IRGenerator.doApply(IRGenerator.java:45)
	at org.ek9lang.compiler.CompilerPhase.apply(CompilerPhase.java:42)
	at org.ek9lang.compiler.CompilerPhase.apply(CompilerPhase.java:15)
	at org.ek9lang.compiler.Ek9Compiler.compile(Ek9Compiler.java:59)
	at org.ek9lang.compiler.common.PhasesTest.testToPhase(PhasesTest.java:214)
	at org.ek9lang.compiler.ir.AbstractIRGenerationTest.testPhaseDevelopment(AbstractIRGenerationTest.java:49)
	at java.base/jdk.internal.reflect.DirectMethodHandleAccessor.invoke(DirectMethodHandleAccessor.java:104)
	at java.base/java.lang.reflect.Method.invoke(Method.java:565)
	at org.junit.platform.commons.util.ReflectionUtils.invokeMethod(ReflectionUtils.java:725)
	at org.junit.jupiter.engine.execution.MethodInvocation.proceed(MethodInvocation.java:60)
	at org.junit.jupiter.engine.execution.InvocationInterceptorChain$ValidatingInvocation.proceed(InvocationInterceptorChain.java:131)
	at org.junit.jupiter.engine.extension.TimeoutExtension.intercept(TimeoutExtension.java:149)
	at org.junit.jupiter.engine.extension.TimeoutExtension.interceptTestableMethod(TimeoutExtension.java:140)
	at org.junit.jupiter.engine.extension.TimeoutExtension.interceptTestMethod(TimeoutExtension.java:84)
	at org.junit.jupiter.engine.execution.ExecutableInvoker$ReflectiveInterceptorCall.lambda$ofVoidMethod$0(ExecutableInvoker.java:115)
	at org.junit.jupiter.engine.execution.ExecutableInvoker.lambda$invoke$0(ExecutableInvoker.java:105)
	at org.junit.jupiter.engine.execution.InvocationInterceptorChain$InterceptedInvocation.proceed(InvocationInterceptorChain.java:106)
	at org.junit.jupiter.engine.execution.InvocationInterceptorChain.proceed(InvocationInterceptorChain.java:64)
	at org.junit.jupiter.engine.execution.InvocationInterceptorChain.chainAndInvoke(InvocationInterceptorChain.java:45)
	at org.junit.jupiter.engine.execution.InvocationInterceptorChain.invoke(InvocationInterceptorChain.java:37)
	at org.junit.jupiter.engine.execution.ExecutableInvoker.invoke(ExecutableInvoker.java:104)
	at org.junit.jupiter.engine.execution.ExecutableInvoker.invoke(ExecutableInvoker.java:98)
	at org.junit.jupiter.engine.descriptor.TestMethodTestDescriptor.lambda$invokeTestMethod$7(TestMethodTestDescriptor.java:214)
	at org.junit.platform.engine.support.hierarchical.ThrowableCollector.execute(ThrowableCollector.java:73)
	at org.junit.jupiter.engine.descriptor.TestMethodTestDescriptor.invokeTestMethod(TestMethodTestDescriptor.java:210)
	at org.junit.jupiter.engine.descriptor.TestMethodTestDescriptor.execute(TestMethodTestDescriptor.java:135)
	at org.junit.jupiter.engine.descriptor.TestMethodTestDescriptor.execute(TestMethodTestDescriptor.java:66)
	at org.junit.platform.engine.support.hierarchical.NodeTestTask.lambda$executeRecursively$6(NodeTestTask.java:151)
	at org.junit.platform.engine.support.hierarchical.ThrowableCollector.execute(ThrowableCollector.java:73)
	at org.junit.platform.engine.support.hierarchical.NodeTestTask.lambda$executeRecursively$8(NodeTestTask.java:141)
	at org.junit.platform.engine.support.hierarchical.Node.around(Node.java:137)
	at org.junit.platform.engine.support.hierarchical.NodeTestTask.lambda$executeRecursively$9(NodeTestTask.java:139)
	at org.junit.platform.engine.support.hierarchical.ThrowableCollector.execute(ThrowableCollector.java:73)
	at org.junit.platform.engine.support.hierarchical.NodeTestTask.executeRecursively(NodeTestTask.java:138)
	at org.junit.platform.engine.support.hierarchical.NodeTestTask.execute(NodeTestTask.java:95)
	at org.junit.platform.engine.support.hierarchical.ForkJoinPoolHierarchicalTestExecutorService$ExclusiveTask.compute(ForkJoinPoolHierarchicalTestExecutorService.java:185)
	at org.junit.platform.engine.support.hierarchical.ForkJoinPoolHierarchicalTestExecutorService.invokeAll(ForkJoinPoolHierarchicalTestExecutorService.java:129)
	at org.junit.platform.engine.support.hierarchical.NodeTestTask.lambda$executeRecursively$6(NodeTestTask.java:155)
	at org.junit.platform.engine.support.hierarchical.ThrowableCollector.execute(ThrowableCollector.java:73)
	at org.junit.platform.engine.support.hierarchical.NodeTestTask.lambda$executeRecursively$8(NodeTestTask.java:141)
	at org.junit.platform.engine.support.hierarchical.Node.around(Node.java:137)
	at org.junit.platform.engine.support.hierarchical.NodeTestTask.lambda$executeRecursively$9(NodeTestTask.java:139)
	at org.junit.platform.engine.support.hierarchical.ThrowableCollector.execute(ThrowableCollector.java:73)
	at org.junit.platform.engine.support.hierarchical.NodeTestTask.executeRecursively(NodeTestTask.java:138)
	at org.junit.platform.engine.support.hierarchical.NodeTestTask.execute(NodeTestTask.java:95)
	at org.junit.platform.engine.support.hierarchical.ForkJoinPoolHierarchicalTestExecutorService$ExclusiveTask.compute(ForkJoinPoolHierarchicalTestExecutorService.java:185)
	at java.base/java.util.concurrent.RecursiveAction.exec(RecursiveAction.java:194)
	at java.base/java.util.concurrent.ForkJoinTask.doExec(ForkJoinTask.java:511)
	at java.base/java.util.concurrent.ForkJoinPool$WorkQueue.topLevelExec(ForkJoinPool.java:1450)
	at java.base/java.util.concurrent.ForkJoinPool.runWorker(ForkJoinPool.java:2019)
	at java.base/java.util.concurrent.ForkJoinWorkerThread.run(ForkJoinWorkerThread.java:187)

Line 2 differs
Expected: [OperationDfn: ir.test.functions.returnvalue::getGreeting._call(org.ek9.lang::String)->org.ek9.lang::String  // ./functionWithReturnValue.ek9:47:5]
Actual:   [OperationDfn: ir.test.functions.returnvalue::getGreeting._call(org.ek9.lang::String)->org.ek9.lang::String  // ./functionWithReturnValue.ek9:42:5]
===IR_UPDATE_START===
FILE: /Users/stevelimb/IdeaProjects/ek9llvm/compiler-main/target/test-classes/examples/irGeneration/functions/functionWithReturnValue.ek9
SYMBOL: ir.test.functions.returnvalue::getGreeting
CATEGORY: FUNCTION
---IR_CONTENT_START---

ConstructDfn: ir.test.functions.returnvalue::getGreeting(org.ek9.lang::String)->org.ek9.lang::String
OperationDfn: ir.test.functions.returnvalue::getGreeting._call(org.ek9.lang::String)->org.ek9.lang::String  // ./functionWithReturnValue.ek9:42:5
BasicBlock: _entry_1
SCOPE_ENTER _scope_1  // ./functionWithReturnValue.ek9:43:7
REFERENCE name, org.ek9.lang::String  // ./functionWithReturnValue.ek9:43:10
REFERENCE greeting, org.ek9.lang::String  // ./functionWithReturnValue.ek9:44:10
_temp2 = LOAD_LITERAL Hello, , org.ek9.lang::String  // ./functionWithReturnValue.ek9:44:30
RETAIN _temp2  // ./functionWithReturnValue.ek9:44:30
SCOPE_REGISTER _temp2, _scope_1  // ./functionWithReturnValue.ek9:44:30
_temp3 = LOAD name  // ./functionWithReturnValue.ek9:44:42
RETAIN _temp3  // ./functionWithReturnValue.ek9:44:42
SCOPE_REGISTER _temp3, _scope_1  // ./functionWithReturnValue.ek9:44:42
_temp1 = CALL (org.ek9.lang::String)_temp2._add(_temp3) [pure=true, complexity=2, effects=RETURN_MUTATION]  // ./functionWithReturnValue.ek9:44:40
RETAIN _temp1  // ./functionWithReturnValue.ek9:44:30
SCOPE_REGISTER _temp1, _scope_1  // ./functionWithReturnValue.ek9:44:30
STORE greeting, _temp1  // ./functionWithReturnValue.ek9:44:30
RETAIN greeting  // ./functionWithReturnValue.ek9:44:30
SCOPE_EXIT _scope_1  // ./functionWithReturnValue.ek9:43:7
RETURN greeting  // ./functionWithReturnValue.ek9:44:10
OperationDfn: ir.test.functions.returnvalue::getGreeting.getGreeting()->ir.test.functions.returnvalue::getGreeting  // ./functionWithReturnValue.ek9:42:5
BasicBlock: _entry_1
CALL (ir.test.functions.returnvalue::getGreeting)this.i_init() [pure=false, complexity=0]  // ./functionWithReturnValue.ek9:42:5
RETURN this  // ./functionWithReturnValue.ek9:42:5
OperationDfn: ir.test.functions.returnvalue::getGreeting.c_init()->org.ek9.lang::Void  
BasicBlock: _entry_1
RETURN
OperationDfn: ir.test.functions.returnvalue::getGreeting.i_init()->org.ek9.lang::Void  
BasicBlock: _entry_1
RETURN
---IR_CONTENT_END---
===IR_UPDATE_END===
[ERROR] Tests run: 2, Failures: 0, Errors: 1, Skipped: 0, Time elapsed: 0.461 s <<< FAILURE! -- in org.ek9lang.compiler.ir.CoalescingOperatorIRTest
[ERROR] org.ek9lang.compiler.ir.FunctionsIRTest.testPhaseDevelopment -- Time elapsed: 0.405 s <<< ERROR!
org.ek9lang.core.CompilerException: Expected IR and Generated IR line difference
	at org.ek9lang.compiler.directives.IRDirectiveListener.symbolMatch(IRDirectiveListener.java:80)
	at org.ek9lang.compiler.directives.ResolutionDirectiveListener.lambda$processDirectives$0(ResolutionDirectiveListener.java:41)
	at java.base/java.util.Optional.ifPresentOrElse(Optional.java:196)
	at org.ek9lang.compiler.directives.ResolutionDirectiveListener.processDirectives(ResolutionDirectiveListener.java:41)
	at org.ek9lang.compiler.directives.IRDirectiveListener.accept(IRDirectiveListener.java:31)
	at org.ek9lang.compiler.directives.IRDirectiveListener.accept(IRDirectiveListener.java:18)
	at java.base/java.util.function.Consumer.lambda$andThen$0(Consumer.java:65)
	at java.base/java.util.function.Consumer.lambda$andThen$0(Consumer.java:65)
	at java.base/java.util.function.Consumer.lambda$andThen$0(Consumer.java:65)
	at org.ek9lang.compiler.phase7.IRGenerator.defineIR(IRGenerator.java:89)
	at org.ek9lang.compiler.phase7.IRGenerator.lambda$defineIRMultiThreaded$0(IRGenerator.java:61)
	at java.base/java.util.stream.ForEachOps$ForEachOp$OfRef.accept(ForEachOps.java:186)
	at java.base/java.util.ArrayList$ArrayListSpliterator.forEachRemaining(ArrayList.java:1716)
	at java.base/java.util.stream.AbstractPipeline.copyInto(AbstractPipeline.java:570)
	at java.base/java.util.stream.ForEachOps$ForEachTask.compute(ForEachOps.java:293)
	at java.base/java.util.concurrent.CountedCompleter.exec(CountedCompleter.java:759)
	at java.base/java.util.concurrent.ForkJoinTask.doExec(ForkJoinTask.java:511)
	at java.base/java.util.concurrent.ForkJoinPool$WorkQueue.helpComplete(ForkJoinPool.java:1537)
	at java.base/java.util.concurrent.ForkJoinPool.helpComplete(ForkJoinPool.java:2332)
	at java.base/java.util.concurrent.ForkJoinTask.awaitDone(ForkJoinTask.java:497)
	at java.base/java.util.concurrent.ForkJoinTask.join(ForkJoinTask.java:666)
	at java.base/java.util.concurrent.ForkJoinTask.invoke(ForkJoinTask.java:681)
	at java.base/java.util.stream.ForEachOps$ForEachOp.evaluateParallel(ForEachOps.java:162)
	at java.base/java.util.stream.ForEachOps$ForEachOp$OfRef.evaluateParallel(ForEachOps.java:176)
	at java.base/java.util.stream.AbstractPipeline.evaluate(AbstractPipeline.java:264)
	at java.base/java.util.stream.ReferencePipeline.forEach(ReferencePipeline.java:632)
	at java.base/java.util.stream.ReferencePipeline$Head.forEach(ReferencePipeline.java:806)
	at org.ek9lang.compiler.phase7.IRGenerator.defineIRMultiThreaded(IRGenerator.java:61)
	at org.ek9lang.compiler.phase7.IRGenerator.underTakeIRDefinition(IRGenerator.java:50)
	at org.ek9lang.compiler.phase7.IRGenerator.doApply(IRGenerator.java:45)
	at org.ek9lang.compiler.CompilerPhase.apply(CompilerPhase.java:42)
	at org.ek9lang.compiler.CompilerPhase.apply(CompilerPhase.java:15)
	at org.ek9lang.compiler.Ek9Compiler.compile(Ek9Compiler.java:59)
	at org.ek9lang.compiler.common.PhasesTest.testToPhase(PhasesTest.java:214)
	at org.ek9lang.compiler.ir.AbstractIRGenerationTest.testPhaseDevelopment(AbstractIRGenerationTest.java:49)
	at java.base/jdk.internal.reflect.DirectMethodHandleAccessor.invoke(DirectMethodHandleAccessor.java:104)
	at java.base/java.lang.reflect.Method.invoke(Method.java:565)
	at org.junit.platform.commons.util.ReflectionUtils.invokeMethod(ReflectionUtils.java:725)
	at org.junit.jupiter.engine.execution.MethodInvocation.proceed(MethodInvocation.java:60)
	at org.junit.jupiter.engine.execution.InvocationInterceptorChain$ValidatingInvocation.proceed(InvocationInterceptorChain.java:131)
	at org.junit.jupiter.engine.extension.TimeoutExtension.intercept(TimeoutExtension.java:149)
	at org.junit.jupiter.engine.extension.TimeoutExtension.interceptTestableMethod(TimeoutExtension.java:140)
	at org.junit.jupiter.engine.extension.TimeoutExtension.interceptTestMethod(TimeoutExtension.java:84)
	at org.junit.jupiter.engine.execution.ExecutableInvoker$ReflectiveInterceptorCall.lambda$ofVoidMethod$0(ExecutableInvoker.java:115)
	at org.junit.jupiter.engine.execution.ExecutableInvoker.lambda$invoke$0(ExecutableInvoker.java:105)
	at org.junit.jupiter.engine.execution.InvocationInterceptorChain$InterceptedInvocation.proceed(InvocationInterceptorChain.java:106)
	at org.junit.jupiter.engine.execution.InvocationInterceptorChain.proceed(InvocationInterceptorChain.java:64)
	at org.junit.jupiter.engine.execution.InvocationInterceptorChain.chainAndInvoke(InvocationInterceptorChain.java:45)
	at org.junit.jupiter.engine.execution.InvocationInterceptorChain.invoke(InvocationInterceptorChain.java:37)
	at org.junit.jupiter.engine.execution.ExecutableInvoker.invoke(ExecutableInvoker.java:104)
	at org.junit.jupiter.engine.execution.ExecutableInvoker.invoke(ExecutableInvoker.java:98)
	at org.junit.jupiter.engine.descriptor.TestMethodTestDescriptor.lambda$invokeTestMethod$7(TestMethodTestDescriptor.java:214)
	at org.junit.platform.engine.support.hierarchical.ThrowableCollector.execute(ThrowableCollector.java:73)
	at org.junit.jupiter.engine.descriptor.TestMethodTestDescriptor.invokeTestMethod(TestMethodTestDescriptor.java:210)
	at org.junit.jupiter.engine.descriptor.TestMethodTestDescriptor.execute(TestMethodTestDescriptor.java:135)
	at org.junit.jupiter.engine.descriptor.TestMethodTestDescriptor.execute(TestMethodTestDescriptor.java:66)
	at org.junit.platform.engine.support.hierarchical.NodeTestTask.lambda$executeRecursively$6(NodeTestTask.java:151)
	at org.junit.platform.engine.support.hierarchical.ThrowableCollector.execute(ThrowableCollector.java:73)
	at org.junit.platform.engine.support.hierarchical.NodeTestTask.lambda$executeRecursively$8(NodeTestTask.java:141)
	at org.junit.platform.engine.support.hierarchical.Node.around(Node.java:137)
	at org.junit.platform.engine.support.hierarchical.NodeTestTask.lambda$executeRecursively$9(NodeTestTask.java:139)
	at org.junit.platform.engine.support.hierarchical.ThrowableCollector.execute(ThrowableCollector.java:73)
	at org.junit.platform.engine.support.hierarchical.NodeTestTask.executeRecursively(NodeTestTask.java:138)
	at org.junit.platform.engine.support.hierarchical.NodeTestTask.execute(NodeTestTask.java:95)
	at org.junit.platform.engine.support.hierarchical.ForkJoinPoolHierarchicalTestExecutorService$ExclusiveTask.compute(ForkJoinPoolHierarchicalTestExecutorService.java:185)
	at org.junit.platform.engine.support.hierarchical.ForkJoinPoolHierarchicalTestExecutorService.invokeAll(ForkJoinPoolHierarchicalTestExecutorService.java:129)
	at org.junit.platform.engine.support.hierarchical.NodeTestTask.lambda$executeRecursively$6(NodeTestTask.java:155)
	at org.junit.platform.engine.support.hierarchical.ThrowableCollector.execute(ThrowableCollector.java:73)
	at org.junit.platform.engine.support.hierarchical.NodeTestTask.lambda$executeRecursively$8(NodeTestTask.java:141)
	at org.junit.platform.engine.support.hierarchical.Node.around(Node.java:137)
	at org.junit.platform.engine.support.hierarchical.NodeTestTask.lambda$executeRecursively$9(NodeTestTask.java:139)
	at org.junit.platform.engine.support.hierarchical.ThrowableCollector.execute(ThrowableCollector.java:73)
	at org.junit.platform.engine.support.hierarchical.NodeTestTask.executeRecursively(NodeTestTask.java:138)
	at org.junit.platform.engine.support.hierarchical.NodeTestTask.execute(NodeTestTask.java:95)
	at org.junit.platform.engine.support.hierarchical.ForkJoinPoolHierarchicalTestExecutorService$ExclusiveTask.compute(ForkJoinPoolHierarchicalTestExecutorService.java:185)
	at java.base/java.util.concurrent.RecursiveAction.exec(RecursiveAction.java:194)
	at java.base/java.util.concurrent.ForkJoinTask.doExec(ForkJoinTask.java:511)
	at java.base/java.util.concurrent.ForkJoinPool$WorkQueue.topLevelExec(ForkJoinPool.java:1450)
	at java.base/java.util.concurrent.ForkJoinPool.runWorker(ForkJoinPool.java:2019)
	at java.base/java.util.concurrent.ForkJoinWorkerThread.run(ForkJoinWorkerThread.java:187)

Line 2 differs
Expected: [OperationDfn: assignments::basicAssignment3._call()->org.ek9.lang::Void]
Actual:   [OperationDfn: assignments::basicAssignment3._call()->org.ek9.lang::Void  // ./basicAssignment.ek9:199:5]
===IR_UPDATE_START===
FILE: /Users/stevelimb/IdeaProjects/ek9llvm/compiler-main/target/test-classes/examples/irGeneration/assignmentStatements/basicAssignment.ek9
SYMBOL: assignments::basicAssignment3
CATEGORY: FUNCTION
---IR_CONTENT_START---

ConstructDfn: assignments::basicAssignment3()->org.ek9.lang::Void
OperationDfn: assignments::basicAssignment3._call()->org.ek9.lang::Void  // ./basicAssignment.ek9:199:5
BasicBlock: _entry_1
SCOPE_ENTER _scope_1  // ./basicAssignment.ek9:200:7
REFERENCE value, org.ek9.lang::Integer  // ./basicAssignment.ek9:200:7
_temp1 = LOAD_LITERAL 1, org.ek9.lang::Integer  // ./basicAssignment.ek9:201:15
RETAIN _temp1  // ./basicAssignment.ek9:201:15
SCOPE_REGISTER _temp1, _scope_1  // ./basicAssignment.ek9:201:15
RELEASE value  // ./basicAssignment.ek9:201:15
STORE value, _temp1  // ./basicAssignment.ek9:201:15
RETAIN value  // ./basicAssignment.ek9:201:15
_temp2 = CONTROL_FLOW_CHAIN  // ./basicAssignment.ek9:202:19
[
chain_type: "QUESTION_OPERATOR"
condition_chain:
[
[
case_scope_id: _scope_1
case_type: "NULL_CHECK"
condition_evaluation:
[
_temp3 = LOAD value  // ./basicAssignment.ek9:202:19
_temp4 = IS_NULL _temp3  // ./basicAssignment.ek9:202:19
]
primitive_condition: _temp4
body_evaluation:
[
_temp5 = CALL_STATIC (org.ek9.lang::Boolean)org.ek9.lang::Boolean._ofFalse() [pure=true, complexity=0]  // ./basicAssignment.ek9:202:19
RETAIN _temp5  // ./basicAssignment.ek9:202:19
SCOPE_REGISTER _temp5, _scope_1  // ./basicAssignment.ek9:202:19
]
body_result: _temp5
]
]
default_body_evaluation:
[
_temp6 = CALL (org.ek9.lang::Integer)_temp3._isSet() [pure=true, complexity=0]  // ./basicAssignment.ek9:202:19
RETAIN _temp6  // ./basicAssignment.ek9:202:19
SCOPE_REGISTER _temp6, _scope_1  // ./basicAssignment.ek9:202:19
]
default_result: _temp6
scope_id: _scope_1
]
RETAIN _temp2  // ./basicAssignment.ek9:202:7
SCOPE_REGISTER _temp2, _scope_1  // ./basicAssignment.ek9:202:7
_temp7 = CALL (org.ek9.lang::Boolean)_temp2._true() [pure=true, complexity=0]  // ./basicAssignment.ek9:202:7
ASSERT _temp7  // ./basicAssignment.ek9:202:7
SCOPE_EXIT _scope_1  // ./basicAssignment.ek9:200:7
RETURN  // ./basicAssignment.ek9:199:5
OperationDfn: assignments::basicAssignment3.basicAssignment3()->assignments::basicAssignment3  // ./basicAssignment.ek9:199:5
BasicBlock: _entry_1
CALL (assignments::basicAssignment3)this.i_init() [pure=false, complexity=0]  // ./basicAssignment.ek9:199:5
RETURN this  // ./basicAssignment.ek9:199:5
OperationDfn: assignments::basicAssignment3.c_init()->org.ek9.lang::Void  
BasicBlock: _entry_1
RETURN
OperationDfn: assignments::basicAssignment3.i_init()->org.ek9.lang::Void  
BasicBlock: _entry_1
RETURN
---IR_CONTENT_END---
===IR_UPDATE_END===
[ERROR] Tests run: 1, Failures: 0, Errors: 1, Skipped: 0, Time elapsed: 0.391 s <<< FAILURE! -- in org.ek9lang.compiler.ir.AssignmentStatementIRTest
[ERROR] org.ek9lang.compiler.ir.AssignmentStatementIRTest.testPhaseDevelopment -- Time elapsed: 0.390 s <<< ERROR!
org.ek9lang.core.CompilerException: Expected IR and Generated IR line difference
	at org.ek9lang.compiler.directives.IRDirectiveListener.symbolMatch(IRDirectiveListener.java:80)
	at org.ek9lang.compiler.directives.ResolutionDirectiveListener.lambda$processDirectives$0(ResolutionDirectiveListener.java:41)
	at java.base/java.util.Optional.ifPresentOrElse(Optional.java:196)
	at org.ek9lang.compiler.directives.ResolutionDirectiveListener.processDirectives(ResolutionDirectiveListener.java:41)
	at org.ek9lang.compiler.directives.IRDirectiveListener.accept(IRDirectiveListener.java:31)
	at org.ek9lang.compiler.directives.IRDirectiveListener.accept(IRDirectiveListener.java:18)
	at java.base/java.util.function.Consumer.lambda$andThen$0(Consumer.java:65)
	at java.base/java.util.function.Consumer.lambda$andThen$0(Consumer.java:65)
	at java.base/java.util.function.Consumer.lambda$andThen$0(Consumer.java:65)
	at org.ek9lang.compiler.phase7.IRGenerator.defineIR(IRGenerator.java:89)
	at org.ek9lang.compiler.phase7.IRGenerator.lambda$defineIRMultiThreaded$0(IRGenerator.java:61)
	at java.base/java.util.stream.ForEachOps$ForEachOp$OfRef.accept(ForEachOps.java:186)
	at java.base/java.util.ArrayList$ArrayListSpliterator.forEachRemaining(ArrayList.java:1716)
	at java.base/java.util.stream.AbstractPipeline.copyInto(AbstractPipeline.java:570)
	at java.base/java.util.stream.ForEachOps$ForEachTask.compute(ForEachOps.java:293)
	at java.base/java.util.concurrent.CountedCompleter.exec(CountedCompleter.java:759)
	at java.base/java.util.concurrent.ForkJoinTask.doExec(ForkJoinTask.java:511)
	at java.base/java.util.concurrent.ForkJoinTask.invoke(ForkJoinTask.java:680)
	at java.base/java.util.stream.ForEachOps$ForEachOp.evaluateParallel(ForEachOps.java:162)
	at java.base/java.util.stream.ForEachOps$ForEachOp$OfRef.evaluateParallel(ForEachOps.java:176)
	at java.base/java.util.stream.AbstractPipeline.evaluate(AbstractPipeline.java:264)
	at java.base/java.util.stream.ReferencePipeline.forEach(ReferencePipeline.java:632)
	at java.base/java.util.stream.ReferencePipeline$Head.forEach(ReferencePipeline.java:806)
	at org.ek9lang.compiler.phase7.IRGenerator.defineIRMultiThreaded(IRGenerator.java:61)
	at org.ek9lang.compiler.phase7.IRGenerator.underTakeIRDefinition(IRGenerator.java:50)
	at org.ek9lang.compiler.phase7.IRGenerator.doApply(IRGenerator.java:45)
	at org.ek9lang.compiler.CompilerPhase.apply(CompilerPhase.java:42)
	at org.ek9lang.compiler.CompilerPhase.apply(CompilerPhase.java:15)
	at org.ek9lang.compiler.Ek9Compiler.compile(Ek9Compiler.java:59)
	at org.ek9lang.compiler.common.PhasesTest.testToPhase(PhasesTest.java:214)
	at org.ek9lang.compiler.ir.AbstractIRGenerationTest.testPhaseDevelopment(AbstractIRGenerationTest.java:49)
	at java.base/jdk.internal.reflect.DirectMethodHandleAccessor.invoke(DirectMethodHandleAccessor.java:104)
	at java.base/java.lang.reflect.Method.invoke(Method.java:565)
	at org.junit.platform.commons.util.ReflectionUtils.invokeMethod(ReflectionUtils.java:725)
	at org.junit.jupiter.engine.execution.MethodInvocation.proceed(MethodInvocation.java:60)
	at org.junit.jupiter.engine.execution.InvocationInterceptorChain$ValidatingInvocation.proceed(InvocationInterceptorChain.java:131)
	at org.junit.jupiter.engine.extension.TimeoutExtension.intercept(TimeoutExtension.java:149)
	at org.junit.jupiter.engine.extension.TimeoutExtension.interceptTestableMethod(TimeoutExtension.java:140)
	at org.junit.jupiter.engine.extension.TimeoutExtension.interceptTestMethod(TimeoutExtension.java:84)
	at org.junit.jupiter.engine.execution.ExecutableInvoker$ReflectiveInterceptorCall.lambda$ofVoidMethod$0(ExecutableInvoker.java:115)
	at org.junit.jupiter.engine.execution.ExecutableInvoker.lambda$invoke$0(ExecutableInvoker.java:105)
	at org.junit.jupiter.engine.execution.InvocationInterceptorChain$InterceptedInvocation.proceed(InvocationInterceptorChain.java:106)
	at org.junit.jupiter.engine.execution.InvocationInterceptorChain.proceed(InvocationInterceptorChain.java:64)
	at org.junit.jupiter.engine.execution.InvocationInterceptorChain.chainAndInvoke(InvocationInterceptorChain.java:45)
	at org.junit.jupiter.engine.execution.InvocationInterceptorChain.invoke(InvocationInterceptorChain.java:37)
	at org.junit.jupiter.engine.execution.ExecutableInvoker.invoke(ExecutableInvoker.java:104)
	at org.junit.jupiter.engine.execution.ExecutableInvoker.invoke(ExecutableInvoker.java:98)
	at org.junit.jupiter.engine.descriptor.TestMethodTestDescriptor.lambda$invokeTestMethod$7(TestMethodTestDescriptor.java:214)
	at org.junit.platform.engine.support.hierarchical.ThrowableCollector.execute(ThrowableCollector.java:73)
	at org.junit.jupiter.engine.descriptor.TestMethodTestDescriptor.invokeTestMethod(TestMethodTestDescriptor.java:210)
	at org.junit.jupiter.engine.descriptor.TestMethodTestDescriptor.execute(TestMethodTestDescriptor.java:135)
	at org.junit.jupiter.engine.descriptor.TestMethodTestDescriptor.execute(TestMethodTestDescriptor.java:66)
	at org.junit.platform.engine.support.hierarchical.NodeTestTask.lambda$executeRecursively$6(NodeTestTask.java:151)
	at org.junit.platform.engine.support.hierarchical.ThrowableCollector.execute(ThrowableCollector.java:73)
	at org.junit.platform.engine.support.hierarchical.NodeTestTask.lambda$executeRecursively$8(NodeTestTask.java:141)
	at org.junit.platform.engine.support.hierarchical.Node.around(Node.java:137)
	at org.junit.platform.engine.support.hierarchical.NodeTestTask.lambda$executeRecursively$9(NodeTestTask.java:139)
	at org.junit.platform.engine.support.hierarchical.ThrowableCollector.execute(ThrowableCollector.java:73)
	at org.junit.platform.engine.support.hierarchical.NodeTestTask.executeRecursively(NodeTestTask.java:138)
	at org.junit.platform.engine.support.hierarchical.NodeTestTask.execute(NodeTestTask.java:95)
	at org.junit.platform.engine.support.hierarchical.ForkJoinPoolHierarchicalTestExecutorService$ExclusiveTask.compute(ForkJoinPoolHierarchicalTestExecutorService.java:185)
	at org.junit.platform.engine.support.hierarchical.ForkJoinPoolHierarchicalTestExecutorService.invokeAll(ForkJoinPoolHierarchicalTestExecutorService.java:129)
	at org.junit.platform.engine.support.hierarchical.NodeTestTask.lambda$executeRecursively$6(NodeTestTask.java:155)
	at org.junit.platform.engine.support.hierarchical.ThrowableCollector.execute(ThrowableCollector.java:73)
	at org.junit.platform.engine.support.hierarchical.NodeTestTask.lambda$executeRecursively$8(NodeTestTask.java:141)
	at org.junit.platform.engine.support.hierarchical.Node.around(Node.java:137)
	at org.junit.platform.engine.support.hierarchical.NodeTestTask.lambda$executeRecursively$9(NodeTestTask.java:139)
	at org.junit.platform.engine.support.hierarchical.ThrowableCollector.execute(ThrowableCollector.java:73)
	at org.junit.platform.engine.support.hierarchical.NodeTestTask.executeRecursively(NodeTestTask.java:138)
	at org.junit.platform.engine.support.hierarchical.NodeTestTask.execute(NodeTestTask.java:95)
	at org.junit.platform.engine.support.hierarchical.ForkJoinPoolHierarchicalTestExecutorService$ExclusiveTask.compute(ForkJoinPoolHierarchicalTestExecutorService.java:185)
	at java.base/java.util.concurrent.RecursiveAction.exec(RecursiveAction.java:194)
	at java.base/java.util.concurrent.ForkJoinTask.doExec(ForkJoinTask.java:511)
	at java.base/java.util.concurrent.ForkJoinPool$WorkQueue.topLevelExec(ForkJoinPool.java:1450)
	at java.base/java.util.concurrent.ForkJoinPool.runWorker(ForkJoinPool.java:2019)
	at java.base/java.util.concurrent.ForkJoinWorkerThread.run(ForkJoinWorkerThread.java:187)

[ERROR] Errors: 
[ERROR]   AssignmentOperatorIRTest>AbstractIRGenerationTest.testPhaseDevelopment:49->PhasesTest.testToPhase:214  Compiler Unable to locate IRConstruct: anaddass.test::testAddAssignment
[ERROR]   AssignmentStatementIRTest>AbstractIRGenerationTest.testPhaseDevelopment:49->PhasesTest.testToPhase:214  Compiler Expected IR and Generated IR line difference
[ERROR]   ControlFlowIRTest>AbstractIRGenerationTest.testPhaseDevelopment:49->PhasesTest.testToPhase:214  Compiler Expected IR and Generated IR line difference
[ERROR]   ExceptionHandlingIRTest>AbstractIRGenerationTest.testPhaseDevelopment:49->PhasesTest.testToPhase:214  Compiler Expected IR and Generated IR line difference
[ERROR]   FunctionsIRTest>AbstractIRGenerationTest.testPhaseDevelopment:49->PhasesTest.testToPhase:214  Compiler Expected IR and Generated IR line difference
[ERROR]   LoopIRTest>AbstractIRGenerationTest.testPhaseDevelopment:49->PhasesTest.testToPhase:214  Compiler Expected IR and Generated IR line difference
[ERROR]   NegativeVsUnaryIRTest>AbstractIRGenerationTest.testPhaseDevelopment:49->PhasesTest.testToPhase:214  Compiler Expected IR and Generated IR line difference
[ERROR]   SwitchIRTest>AbstractIRGenerationTest.testPhaseDevelopment:49->PhasesTest.testToPhase:214  Compiler Expected IR and Generated IR line difference
[ERROR]   TryGuardVariantIRTest>AbstractIRGenerationTest.testPhaseDevelopment:49->PhasesTest.testToPhase:214  Compiler Expected IR and Generated IR line difference
[ERROR] Tests run: 42, Failures: 0, Errors: 9, Skipped: 0
[ERROR] Failed to execute goal org.apache.maven.plugins:maven-surefire-plugin:3.2.5:test (default-test) on project compiler-main: 
[ERROR] 
[ERROR] Please refer to /Users/stevelimb/IdeaProjects/ek9llvm/compiler-main/target/surefire-reports for the individual test results.
[ERROR] Please refer to dump files (if any exist) [date].dump, [date]-jvmRun[N].dump and [date].dumpstream.
[ERROR] -> [Help 1]
[ERROR] 
[ERROR] To see the full stack trace of the errors, re-run Maven with the -e switch.
[ERROR] Re-run Maven using the -X switch to enable full debug logging.
[ERROR] 
[ERROR] For more information about the errors and possible solutions, please read the following articles:
[ERROR] [Help 1] http://cwiki.apache.org/confluence/display/MAVEN/MojoFailureException
