WARNING: A restricted method in java.lang.System has been called
WARNING: java.lang.System::load has been called by org.fusesource.jansi.internal.JansiLoader in an unnamed module (file:/usr/local/Cellar/maven/3.9.9/libexec/lib/jansi-2.4.1.jar)
WARNING: Use --enable-native-access=ALL-UNNAMED to avoid a warning for callers in this module
WARNING: Restricted methods will be blocked in a future release unless native access is enabled

WARNING: A terminally deprecated method in sun.misc.Unsafe has been called
WARNING: sun.misc.Unsafe::objectFieldOffset has been called by com.google.common.util.concurrent.AbstractFuture$UnsafeAtomicHelper (file:/usr/local/Cellar/maven/3.9.9/libexec/lib/guava-33.2.1-jre.jar)
WARNING: Please consider reporting this to the maintainers of class com.google.common.util.concurrent.AbstractFuture$UnsafeAtomicHelper
WARNING: sun.misc.Unsafe::objectFieldOffset will be removed in a future release
Line 2 differs
Expected: [OperationDfn: exceptionHandling::simpleTryFinally._call()->org.ek9.lang::Void  // ./simpleTryFinally.ek9:137:5]
Actual:   [OperationDfn: exceptionHandling::simpleTryFinally._call()->org.ek9.lang::Void  // ./simpleTryFinally.ek9:88:5]
===IR_UPDATE_START===
FILE: /Users/stevelimb/IdeaProjects/ek9llvm/compiler-main/target/test-classes/examples/irGeneration/exceptionHandling/simpleTryFinally.ek9
SYMBOL: exceptionHandling::simpleTryFinally
CATEGORY: FUNCTION
---IR_CONTENT_START---

ConstructDfn: exceptionHandling::simpleTryFinally()->org.ek9.lang::Void
OperationDfn: exceptionHandling::simpleTryFinally._call()->org.ek9.lang::Void  // ./simpleTryFinally.ek9:88:5
BasicBlock: _entry_1
SCOPE_ENTER _scope_1  // ./simpleTryFinally.ek9:89:7
REFERENCE stdout, org.ek9.lang::Stdout  // ./simpleTryFinally.ek9:89:7
_temp1 = CALL (org.ek9.lang::Stdout)org.ek9.lang::Stdout.<init>() [pure=true, complexity=1, effects=IO,RETURN_MUTATION]  // ./simpleTryFinally.ek9:89:17
RETAIN _temp1  // ./simpleTryFinally.ek9:89:17
SCOPE_REGISTER _temp1, _scope_1  // ./simpleTryFinally.ek9:89:17
STORE stdout, _temp1  // ./simpleTryFinally.ek9:89:17
RETAIN stdout  // ./simpleTryFinally.ek9:89:17
SCOPE_REGISTER stdout, _scope_1  // ./simpleTryFinally.ek9:89:17
SCOPE_ENTER _scope_2  // ./simpleTryFinally.ek9:91:7
SCOPE_ENTER _scope_3  // ./simpleTryFinally.ek9:91:7
CONTROL_FLOW_CHAIN  // ./simpleTryFinally.ek9:91:7
[
chain_type: "TRY_CATCH_FINALLY"
try_block_details:
[
try_scope_id: _scope_4
try_body_evaluation:
[
SCOPE_ENTER _scope_4  // ./simpleTryFinally.ek9:91:7
_temp3 = LOAD stdout  // ./simpleTryFinally.ek9:92:9
RETAIN _temp3  // ./simpleTryFinally.ek9:92:9
SCOPE_REGISTER _temp3, _scope_4  // ./simpleTryFinally.ek9:92:9
_temp4 = LOAD_LITERAL Try block executing, org.ek9.lang::String  // ./simpleTryFinally.ek9:92:24
RETAIN _temp4  // ./simpleTryFinally.ek9:92:24
SCOPE_REGISTER _temp4, _scope_4  // ./simpleTryFinally.ek9:92:24
CALL (org.ek9.lang::Stdout)_temp3.println(_temp4) [pure=true, complexity=1]  // ./simpleTryFinally.ek9:92:16
REFERENCE value, org.ek9.lang::Integer  // ./simpleTryFinally.ek9:93:9
_temp5 = LOAD_LITERAL 42, org.ek9.lang::Integer  // ./simpleTryFinally.ek9:93:18
RETAIN _temp5  // ./simpleTryFinally.ek9:93:18
SCOPE_REGISTER _temp5, _scope_4  // ./simpleTryFinally.ek9:93:18
STORE value, _temp5  // ./simpleTryFinally.ek9:93:18
RETAIN value  // ./simpleTryFinally.ek9:93:18
SCOPE_REGISTER value, _scope_4  // ./simpleTryFinally.ek9:93:18
_temp7 = LOAD stdout  // ./simpleTryFinally.ek9:94:9
RETAIN _temp7  // ./simpleTryFinally.ek9:94:9
SCOPE_REGISTER _temp7, _scope_4  // ./simpleTryFinally.ek9:94:9
_temp8 = LOAD value  // ./simpleTryFinally.ek9:94:24
RETAIN _temp8  // ./simpleTryFinally.ek9:94:24
SCOPE_REGISTER _temp8, _scope_4  // ./simpleTryFinally.ek9:94:24
CALL (org.ek9.lang::StringOutput)_temp7.println(_temp8) [pure=true, complexity=1, trait=true]  // ./simpleTryFinally.ek9:94:16
SCOPE_EXIT _scope_4  // ./simpleTryFinally.ek9:91:7
]
]
condition_chain:
[
]
finally_block_evaluation:
[
SCOPE_ENTER _scope_5  // ./simpleTryFinally.ek9:95:7
_temp10 = LOAD stdout  // ./simpleTryFinally.ek9:96:9
RETAIN _temp10  // ./simpleTryFinally.ek9:96:9
SCOPE_REGISTER _temp10, _scope_5  // ./simpleTryFinally.ek9:96:9
_temp11 = LOAD_LITERAL Finally block executing, org.ek9.lang::String  // ./simpleTryFinally.ek9:96:24
RETAIN _temp11  // ./simpleTryFinally.ek9:96:24
SCOPE_REGISTER _temp11, _scope_5  // ./simpleTryFinally.ek9:96:24
CALL (org.ek9.lang::Stdout)_temp10.println(_temp11) [pure=true, complexity=1]  // ./simpleTryFinally.ek9:96:16
SCOPE_EXIT _scope_5  // ./simpleTryFinally.ek9:95:7
]
scope_id: _scope_3
]
SCOPE_EXIT _scope_3  // ./simpleTryFinally.ek9:91:7
SCOPE_EXIT _scope_2  // ./simpleTryFinally.ek9:91:7
SCOPE_EXIT _scope_1  // ./simpleTryFinally.ek9:89:7
RETURN  // ./simpleTryFinally.ek9:88:5
OperationDfn: exceptionHandling::simpleTryFinally.c_init()->org.ek9.lang::Void  
BasicBlock: _entry_1
RETURN
OperationDfn: exceptionHandling::simpleTryFinally.i_init()->org.ek9.lang::Void  
BasicBlock: _entry_1
RETURN
OperationDfn: exceptionHandling::simpleTryFinally.simpleTryFinally()->exceptionHandling::simpleTryFinally  // ./simpleTryFinally.ek9:88:5
BasicBlock: _entry_1
CALL (exceptionHandling::simpleTryFinally)this.i_init() [pure=false, complexity=0]  // ./simpleTryFinally.ek9:88:5
RETURN this  // ./simpleTryFinally.ek9:88:5
---IR_CONTENT_END---
===IR_UPDATE_END===
[ERROR] Tests run: 1, Failures: 0, Errors: 1, Skipped: 0, Time elapsed: 3.265 s <<< FAILURE! -- in org.ek9lang.compiler.ir.ExceptionHandlingIRTest
[ERROR] org.ek9lang.compiler.ir.ExceptionHandlingIRTest.testPhaseDevelopment -- Time elapsed: 3.188 s <<< ERROR!
org.ek9lang.core.CompilerException: Expected IR and Generated IR line difference
	at org.ek9lang.compiler.directives.IRDirectiveListener.symbolMatch(IRDirectiveListener.java:80)
	at org.ek9lang.compiler.directives.ResolutionDirectiveListener.lambda$processDirectives$0(ResolutionDirectiveListener.java:41)
	at java.base/java.util.Optional.ifPresentOrElse(Optional.java:196)
	at org.ek9lang.compiler.directives.ResolutionDirectiveListener.processDirectives(ResolutionDirectiveListener.java:41)
	at org.ek9lang.compiler.directives.IRDirectiveListener.accept(IRDirectiveListener.java:31)
	at org.ek9lang.compiler.directives.IRDirectiveListener.accept(IRDirectiveListener.java:18)
	at java.base/java.util.function.Consumer.lambda$andThen$0(Consumer.java:65)
	at java.base/java.util.function.Consumer.lambda$andThen$0(Consumer.java:65)
	at java.base/java.util.function.Consumer.lambda$andThen$0(Consumer.java:65)
	at org.ek9lang.compiler.phase7.IRGenerator.defineIR(IRGenerator.java:89)
	at org.ek9lang.compiler.phase7.IRGenerator.lambda$defineIRMultiThreaded$0(IRGenerator.java:61)
	at java.base/java.util.stream.ForEachOps$ForEachOp$OfRef.accept(ForEachOps.java:186)
	at java.base/java.util.ArrayList$ArrayListSpliterator.forEachRemaining(ArrayList.java:1716)
	at java.base/java.util.stream.AbstractPipeline.copyInto(AbstractPipeline.java:570)
	at java.base/java.util.stream.ForEachOps$ForEachTask.compute(ForEachOps.java:293)
	at java.base/java.util.concurrent.CountedCompleter.exec(CountedCompleter.java:759)
	at java.base/java.util.concurrent.ForkJoinTask.doExec(ForkJoinTask.java:511)
	at java.base/java.util.concurrent.ForkJoinPool$WorkQueue.helpComplete(ForkJoinPool.java:1537)
	at java.base/java.util.concurrent.ForkJoinPool.helpComplete(ForkJoinPool.java:2332)
	at java.base/java.util.concurrent.ForkJoinTask.awaitDone(ForkJoinTask.java:497)
	at java.base/java.util.concurrent.ForkJoinTask.join(ForkJoinTask.java:666)
	at java.base/java.util.concurrent.ForkJoinTask.invoke(ForkJoinTask.java:681)
	at java.base/java.util.stream.ForEachOps$ForEachOp.evaluateParallel(ForEachOps.java:162)
	at java.base/java.util.stream.ForEachOps$ForEachOp$OfRef.evaluateParallel(ForEachOps.java:176)
	at java.base/java.util.stream.AbstractPipeline.evaluate(AbstractPipeline.java:264)
	at java.base/java.util.stream.ReferencePipeline.forEach(ReferencePipeline.java:632)
	at java.base/java.util.stream.ReferencePipeline$Head.forEach(ReferencePipeline.java:806)
	at org.ek9lang.compiler.phase7.IRGenerator.defineIRMultiThreaded(IRGenerator.java:61)
	at org.ek9lang.compiler.phase7.IRGenerator.underTakeIRDefinition(IRGenerator.java:50)
	at org.ek9lang.compiler.phase7.IRGenerator.doApply(IRGenerator.java:45)
	at org.ek9lang.compiler.CompilerPhase.apply(CompilerPhase.java:42)
	at org.ek9lang.compiler.CompilerPhase.apply(CompilerPhase.java:15)
	at org.ek9lang.compiler.Ek9Compiler.compile(Ek9Compiler.java:59)
	at org.ek9lang.compiler.common.PhasesTest.testToPhase(PhasesTest.java:214)
	at org.ek9lang.compiler.ir.AbstractIRGenerationTest.testPhaseDevelopment(AbstractIRGenerationTest.java:49)
	at java.base/jdk.internal.reflect.DirectMethodHandleAccessor.invoke(DirectMethodHandleAccessor.java:104)
	at java.base/java.lang.reflect.Method.invoke(Method.java:565)
	at org.junit.platform.commons.util.ReflectionUtils.invokeMethod(ReflectionUtils.java:725)
	at org.junit.jupiter.engine.execution.MethodInvocation.proceed(MethodInvocation.java:60)
	at org.junit.jupiter.engine.execution.InvocationInterceptorChain$ValidatingInvocation.proceed(InvocationInterceptorChain.java:131)
	at org.junit.jupiter.engine.extension.TimeoutExtension.intercept(TimeoutExtension.java:149)
	at org.junit.jupiter.engine.extension.TimeoutExtension.interceptTestableMethod(TimeoutExtension.java:140)
	at org.junit.jupiter.engine.extension.TimeoutExtension.interceptTestMethod(TimeoutExtension.java:84)
	at org.junit.jupiter.engine.execution.ExecutableInvoker$ReflectiveInterceptorCall.lambda$ofVoidMethod$0(ExecutableInvoker.java:115)
	at org.junit.jupiter.engine.execution.ExecutableInvoker.lambda$invoke$0(ExecutableInvoker.java:105)
	at org.junit.jupiter.engine.execution.InvocationInterceptorChain$InterceptedInvocation.proceed(InvocationInterceptorChain.java:106)
	at org.junit.jupiter.engine.execution.InvocationInterceptorChain.proceed(InvocationInterceptorChain.java:64)
	at org.junit.jupiter.engine.execution.InvocationInterceptorChain.chainAndInvoke(InvocationInterceptorChain.java:45)
	at org.junit.jupiter.engine.execution.InvocationInterceptorChain.invoke(InvocationInterceptorChain.java:37)
	at org.junit.jupiter.engine.execution.ExecutableInvoker.invoke(ExecutableInvoker.java:104)
	at org.junit.jupiter.engine.execution.ExecutableInvoker.invoke(ExecutableInvoker.java:98)
	at org.junit.jupiter.engine.descriptor.TestMethodTestDescriptor.lambda$invokeTestMethod$7(TestMethodTestDescriptor.java:214)
	at org.junit.platform.engine.support.hierarchical.ThrowableCollector.execute(ThrowableCollector.java:73)
	at org.junit.jupiter.engine.descriptor.TestMethodTestDescriptor.invokeTestMethod(TestMethodTestDescriptor.java:210)
	at org.junit.jupiter.engine.descriptor.TestMethodTestDescriptor.execute(TestMethodTestDescriptor.java:135)
	at org.junit.jupiter.engine.descriptor.TestMethodTestDescriptor.execute(TestMethodTestDescriptor.java:66)
	at org.junit.platform.engine.support.hierarchical.NodeTestTask.lambda$executeRecursively$6(NodeTestTask.java:151)
	at org.junit.platform.engine.support.hierarchical.ThrowableCollector.execute(ThrowableCollector.java:73)
	at org.junit.platform.engine.support.hierarchical.NodeTestTask.lambda$executeRecursively$8(NodeTestTask.java:141)
	at org.junit.platform.engine.support.hierarchical.Node.around(Node.java:137)
	at org.junit.platform.engine.support.hierarchical.NodeTestTask.lambda$executeRecursively$9(NodeTestTask.java:139)
	at org.junit.platform.engine.support.hierarchical.ThrowableCollector.execute(ThrowableCollector.java:73)
	at org.junit.platform.engine.support.hierarchical.NodeTestTask.executeRecursively(NodeTestTask.java:138)
	at org.junit.platform.engine.support.hierarchical.NodeTestTask.execute(NodeTestTask.java:95)
	at org.junit.platform.engine.support.hierarchical.ForkJoinPoolHierarchicalTestExecutorService$ExclusiveTask.compute(ForkJoinPoolHierarchicalTestExecutorService.java:185)
	at org.junit.platform.engine.support.hierarchical.ForkJoinPoolHierarchicalTestExecutorService.invokeAll(ForkJoinPoolHierarchicalTestExecutorService.java:129)
	at org.junit.platform.engine.support.hierarchical.NodeTestTask.lambda$executeRecursively$6(NodeTestTask.java:155)
	at org.junit.platform.engine.support.hierarchical.ThrowableCollector.execute(ThrowableCollector.java:73)
	at org.junit.platform.engine.support.hierarchical.NodeTestTask.lambda$executeRecursively$8(NodeTestTask.java:141)
	at org.junit.platform.engine.support.hierarchical.Node.around(Node.java:137)
	at org.junit.platform.engine.support.hierarchical.NodeTestTask.lambda$executeRecursively$9(NodeTestTask.java:139)
	at org.junit.platform.engine.support.hierarchical.ThrowableCollector.execute(ThrowableCollector.java:73)
	at org.junit.platform.engine.support.hierarchical.NodeTestTask.executeRecursively(NodeTestTask.java:138)
	at org.junit.platform.engine.support.hierarchical.NodeTestTask.execute(NodeTestTask.java:95)
	at org.junit.platform.engine.support.hierarchical.ForkJoinPoolHierarchicalTestExecutorService$ExclusiveTask.compute(ForkJoinPoolHierarchicalTestExecutorService.java:185)
	at java.base/java.util.concurrent.RecursiveAction.exec(RecursiveAction.java:194)
	at java.base/java.util.concurrent.ForkJoinTask.doExec(ForkJoinTask.java:511)
	at java.base/java.util.concurrent.ForkJoinPool$WorkQueue.topLevelExec(ForkJoinPool.java:1450)
	at java.base/java.util.concurrent.ForkJoinPool.runWorker(ForkJoinPool.java:2019)
	at java.base/java.util.concurrent.ForkJoinWorkerThread.run(ForkJoinWorkerThread.java:187)

Line 2 differs
Expected: [OperationDfn: anaddass.test::testAddAssignment.c_init()->org.ek9.lang::Void]
Actual:   [OperationDfn: anaddass.test::testAddAssignment._call()->org.ek9.lang::Void  // ./add_assignment_operator.ek9:82:5]
===IR_UPDATE_START===
FILE: /Users/stevelimb/IdeaProjects/ek9llvm/compiler-main/target/test-classes/examples/irGeneration/operatorUse/assignment/add_assignment_operator.ek9
SYMBOL: anaddass.test::testAddAssignment
CATEGORY: FUNCTION
---IR_CONTENT_START---

ConstructDfn: anaddass.test::testAddAssignment()->org.ek9.lang::Void
OperationDfn: anaddass.test::testAddAssignment._call()->org.ek9.lang::Void  // ./add_assignment_operator.ek9:82:5
BasicBlock: _entry_1
SCOPE_ENTER _scope_1  // ./add_assignment_operator.ek9:83:7
REFERENCE value, org.ek9.lang::Integer  // ./add_assignment_operator.ek9:83:7
_temp1 = LOAD_LITERAL 5, org.ek9.lang::Integer  // ./add_assignment_operator.ek9:83:25
RETAIN _temp1  // ./add_assignment_operator.ek9:83:25
SCOPE_REGISTER _temp1, _scope_1  // ./add_assignment_operator.ek9:83:25
STORE value, _temp1  // ./add_assignment_operator.ek9:83:25
RETAIN value  // ./add_assignment_operator.ek9:83:25
SCOPE_REGISTER value, _scope_1  // ./add_assignment_operator.ek9:83:25
_temp2 = LOAD value  // ./add_assignment_operator.ek9:84:13
RETAIN _temp2  // ./add_assignment_operator.ek9:84:13
SCOPE_REGISTER _temp2, _scope_1  // ./add_assignment_operator.ek9:84:13
_temp3 = LOAD_LITERAL 10, org.ek9.lang::Integer  // ./add_assignment_operator.ek9:84:16
RETAIN _temp3  // ./add_assignment_operator.ek9:84:13
SCOPE_REGISTER _temp3, _scope_1  // ./add_assignment_operator.ek9:84:13
CALL (org.ek9.lang::Integer)_temp2._addAss(_temp3) [pure=false, complexity=0, effects=THIS_MUTATION]  // ./add_assignment_operator.ek9:84:13
_temp4 = CONTROL_FLOW_CHAIN  // ./add_assignment_operator.ek9:85:19
[
chain_type: "QUESTION_OPERATOR"
condition_chain:
[
[
case_scope_id: _scope_1
case_type: "NULL_CHECK"
condition_evaluation:
[
_temp5 = LOAD value  // ./add_assignment_operator.ek9:85:19
_temp6 = IS_NULL _temp5  // ./add_assignment_operator.ek9:85:19
]
primitive_condition: _temp6
body_evaluation:
[
_temp7 = CALL_STATIC (org.ek9.lang::Boolean)org.ek9.lang::Boolean._ofFalse() [pure=true, complexity=0]  // ./add_assignment_operator.ek9:85:19
RETAIN _temp7  // ./add_assignment_operator.ek9:85:19
SCOPE_REGISTER _temp7, _scope_1  // ./add_assignment_operator.ek9:85:19
]
body_result: _temp7
]
]
default_body_evaluation:
[
_temp8 = CALL (org.ek9.lang::Integer)_temp5._isSet() [pure=true, complexity=0]  // ./add_assignment_operator.ek9:85:19
RETAIN _temp8  // ./add_assignment_operator.ek9:85:19
SCOPE_REGISTER _temp8, _scope_1  // ./add_assignment_operator.ek9:85:19
]
default_result: _temp8
scope_id: _scope_1
]
RETAIN _temp4  // ./add_assignment_operator.ek9:85:7
SCOPE_REGISTER _temp4, _scope_1  // ./add_assignment_operator.ek9:85:7
_temp9 = CALL (org.ek9.lang::Boolean)_temp4._true() [pure=true, complexity=0]  // ./add_assignment_operator.ek9:85:7
ASSERT _temp9  // ./add_assignment_operator.ek9:85:7
SCOPE_EXIT _scope_1  // ./add_assignment_operator.ek9:83:7
RETURN  // ./add_assignment_operator.ek9:82:5
OperationDfn: anaddass.test::testAddAssignment.c_init()->org.ek9.lang::Void  
BasicBlock: _entry_1
RETURN
OperationDfn: anaddass.test::testAddAssignment.i_init()->org.ek9.lang::Void  
BasicBlock: _entry_1
RETURN
OperationDfn: anaddass.test::testAddAssignment.testAddAssignment()->anaddass.test::testAddAssignment  // ./add_assignment_operator.ek9:82:5
BasicBlock: _entry_1
CALL (anaddass.test::testAddAssignment)this.i_init() [pure=false, complexity=0]  // ./add_assignment_operator.ek9:82:5
RETURN this  // ./add_assignment_operator.ek9:82:5
---IR_CONTENT_END---
===IR_UPDATE_END===
[ERROR] Tests run: 1, Failures: 0, Errors: 1, Skipped: 0, Time elapsed: 3.244 s <<< FAILURE! -- in org.ek9lang.compiler.ir.AssignmentOperatorIRTest
[ERROR] org.ek9lang.compiler.ir.AssignmentOperatorIRTest.testPhaseDevelopment -- Time elapsed: 3.233 s <<< ERROR!
org.ek9lang.core.CompilerException: Expected IR and Generated IR line difference
	at org.ek9lang.compiler.directives.IRDirectiveListener.symbolMatch(IRDirectiveListener.java:80)
	at org.ek9lang.compiler.directives.ResolutionDirectiveListener.lambda$processDirectives$0(ResolutionDirectiveListener.java:41)
	at java.base/java.util.Optional.ifPresentOrElse(Optional.java:196)
	at org.ek9lang.compiler.directives.ResolutionDirectiveListener.processDirectives(ResolutionDirectiveListener.java:41)
	at org.ek9lang.compiler.directives.IRDirectiveListener.accept(IRDirectiveListener.java:31)
	at org.ek9lang.compiler.directives.IRDirectiveListener.accept(IRDirectiveListener.java:18)
	at java.base/java.util.function.Consumer.lambda$andThen$0(Consumer.java:65)
	at java.base/java.util.function.Consumer.lambda$andThen$0(Consumer.java:65)
	at java.base/java.util.function.Consumer.lambda$andThen$0(Consumer.java:65)
	at org.ek9lang.compiler.phase7.IRGenerator.defineIR(IRGenerator.java:89)
	at org.ek9lang.compiler.phase7.IRGenerator.lambda$defineIRMultiThreaded$0(IRGenerator.java:61)
	at java.base/java.util.stream.ForEachOps$ForEachOp$OfRef.accept(ForEachOps.java:186)
	at java.base/java.util.ArrayList$ArrayListSpliterator.forEachRemaining(ArrayList.java:1716)
	at java.base/java.util.stream.AbstractPipeline.copyInto(AbstractPipeline.java:570)
	at java.base/java.util.stream.ForEachOps$ForEachTask.compute(ForEachOps.java:293)
	at java.base/java.util.concurrent.CountedCompleter.exec(CountedCompleter.java:759)
	at java.base/java.util.concurrent.ForkJoinTask.doExec(ForkJoinTask.java:511)
	at java.base/java.util.concurrent.ForkJoinPool$WorkQueue.helpComplete(ForkJoinPool.java:1537)
	at java.base/java.util.concurrent.ForkJoinPool.helpComplete(ForkJoinPool.java:2332)
	at java.base/java.util.concurrent.ForkJoinTask.awaitDone(ForkJoinTask.java:497)
	at java.base/java.util.concurrent.ForkJoinTask.join(ForkJoinTask.java:666)
	at java.base/java.util.concurrent.ForkJoinTask.invoke(ForkJoinTask.java:681)
	at java.base/java.util.stream.ForEachOps$ForEachOp.evaluateParallel(ForEachOps.java:162)
	at java.base/java.util.stream.ForEachOps$ForEachOp$OfRef.evaluateParallel(ForEachOps.java:176)
	at java.base/java.util.stream.AbstractPipeline.evaluate(AbstractPipeline.java:264)
	at java.base/java.util.stream.ReferencePipeline.forEach(ReferencePipeline.java:632)
	at java.base/java.util.stream.ReferencePipeline$Head.forEach(ReferencePipeline.java:806)
	at org.ek9lang.compiler.phase7.IRGenerator.defineIRMultiThreaded(IRGenerator.java:61)
	at org.ek9lang.compiler.phase7.IRGenerator.underTakeIRDefinition(IRGenerator.java:50)
	at org.ek9lang.compiler.phase7.IRGenerator.doApply(IRGenerator.java:45)
	at org.ek9lang.compiler.CompilerPhase.apply(CompilerPhase.java:42)
	at org.ek9lang.compiler.CompilerPhase.apply(CompilerPhase.java:15)
	at org.ek9lang.compiler.Ek9Compiler.compile(Ek9Compiler.java:59)
	at org.ek9lang.compiler.common.PhasesTest.testToPhase(PhasesTest.java:214)
	at org.ek9lang.compiler.ir.AbstractIRGenerationTest.testPhaseDevelopment(AbstractIRGenerationTest.java:49)
	at java.base/jdk.internal.reflect.DirectMethodHandleAccessor.invoke(DirectMethodHandleAccessor.java:104)
	at java.base/java.lang.reflect.Method.invoke(Method.java:565)
	at org.junit.platform.commons.util.ReflectionUtils.invokeMethod(ReflectionUtils.java:725)
	at org.junit.jupiter.engine.execution.MethodInvocation.proceed(MethodInvocation.java:60)
	at org.junit.jupiter.engine.execution.InvocationInterceptorChain$ValidatingInvocation.proceed(InvocationInterceptorChain.java:131)
	at org.junit.jupiter.engine.extension.TimeoutExtension.intercept(TimeoutExtension.java:149)
	at org.junit.jupiter.engine.extension.TimeoutExtension.interceptTestableMethod(TimeoutExtension.java:140)
	at org.junit.jupiter.engine.extension.TimeoutExtension.interceptTestMethod(TimeoutExtension.java:84)
	at org.junit.jupiter.engine.execution.ExecutableInvoker$ReflectiveInterceptorCall.lambda$ofVoidMethod$0(ExecutableInvoker.java:115)
	at org.junit.jupiter.engine.execution.ExecutableInvoker.lambda$invoke$0(ExecutableInvoker.java:105)
	at org.junit.jupiter.engine.execution.InvocationInterceptorChain$InterceptedInvocation.proceed(InvocationInterceptorChain.java:106)
	at org.junit.jupiter.engine.execution.InvocationInterceptorChain.proceed(InvocationInterceptorChain.java:64)
	at org.junit.jupiter.engine.execution.InvocationInterceptorChain.chainAndInvoke(InvocationInterceptorChain.java:45)
	at org.junit.jupiter.engine.execution.InvocationInterceptorChain.invoke(InvocationInterceptorChain.java:37)
	at org.junit.jupiter.engine.execution.ExecutableInvoker.invoke(ExecutableInvoker.java:104)
	at org.junit.jupiter.engine.execution.ExecutableInvoker.invoke(ExecutableInvoker.java:98)
	at org.junit.jupiter.engine.descriptor.TestMethodTestDescriptor.lambda$invokeTestMethod$7(TestMethodTestDescriptor.java:214)
	at org.junit.platform.engine.support.hierarchical.ThrowableCollector.execute(ThrowableCollector.java:73)
	at org.junit.jupiter.engine.descriptor.TestMethodTestDescriptor.invokeTestMethod(TestMethodTestDescriptor.java:210)
	at org.junit.jupiter.engine.descriptor.TestMethodTestDescriptor.execute(TestMethodTestDescriptor.java:135)
	at org.junit.jupiter.engine.descriptor.TestMethodTestDescriptor.execute(TestMethodTestDescriptor.java:66)
	at org.junit.platform.engine.support.hierarchical.NodeTestTask.lambda$executeRecursively$6(NodeTestTask.java:151)
	at org.junit.platform.engine.support.hierarchical.ThrowableCollector.execute(ThrowableCollector.java:73)
	at org.junit.platform.engine.support.hierarchical.NodeTestTask.lambda$executeRecursively$8(NodeTestTask.java:141)
	at org.junit.platform.engine.support.hierarchical.Node.around(Node.java:137)
	at org.junit.platform.engine.support.hierarchical.NodeTestTask.lambda$executeRecursively$9(NodeTestTask.java:139)
	at org.junit.platform.engine.support.hierarchical.ThrowableCollector.execute(ThrowableCollector.java:73)
	at org.junit.platform.engine.support.hierarchical.NodeTestTask.executeRecursively(NodeTestTask.java:138)
	at org.junit.platform.engine.support.hierarchical.NodeTestTask.execute(NodeTestTask.java:95)
	at org.junit.platform.engine.support.hierarchical.ForkJoinPoolHierarchicalTestExecutorService$ExclusiveTask.compute(ForkJoinPoolHierarchicalTestExecutorService.java:185)
	at org.junit.platform.engine.support.hierarchical.ForkJoinPoolHierarchicalTestExecutorService.invokeAll(ForkJoinPoolHierarchicalTestExecutorService.java:129)
	at org.junit.platform.engine.support.hierarchical.NodeTestTask.lambda$executeRecursively$6(NodeTestTask.java:155)
	at org.junit.platform.engine.support.hierarchical.ThrowableCollector.execute(ThrowableCollector.java:73)
	at org.junit.platform.engine.support.hierarchical.NodeTestTask.lambda$executeRecursively$8(NodeTestTask.java:141)
	at org.junit.platform.engine.support.hierarchical.Node.around(Node.java:137)
	at org.junit.platform.engine.support.hierarchical.NodeTestTask.lambda$executeRecursively$9(NodeTestTask.java:139)
	at org.junit.platform.engine.support.hierarchical.ThrowableCollector.execute(ThrowableCollector.java:73)
	at org.junit.platform.engine.support.hierarchical.NodeTestTask.executeRecursively(NodeTestTask.java:138)
	at org.junit.platform.engine.support.hierarchical.NodeTestTask.execute(NodeTestTask.java:95)
	at org.junit.platform.engine.support.hierarchical.ForkJoinPoolHierarchicalTestExecutorService$ExclusiveTask.compute(ForkJoinPoolHierarchicalTestExecutorService.java:185)
	at java.base/java.util.concurrent.RecursiveAction.exec(RecursiveAction.java:194)
	at java.base/java.util.concurrent.ForkJoinTask.doExec(ForkJoinTask.java:511)
	at java.base/java.util.concurrent.ForkJoinPool$WorkQueue.topLevelExec(ForkJoinPool.java:1450)
	at java.base/java.util.concurrent.ForkJoinPool.runWorker(ForkJoinPool.java:2019)
	at java.base/java.util.concurrent.ForkJoinWorkerThread.run(ForkJoinWorkerThread.java:187)

Line 2 differs
Expected: [OperationDfn: controlFlow::simpleSwitchLiteral.c_init()->org.ek9.lang::Void]
Actual:   [OperationDfn: controlFlow::simpleSwitchLiteral._call(org.ek9.lang::Integer)->org.ek9.lang::String]
===IR_UPDATE_START===
FILE: /Users/stevelimb/IdeaProjects/ek9llvm/compiler-main/target/test-classes/examples/irGeneration/switches/simpleSwitchLiteral.ek9
SYMBOL: controlFlow::simpleSwitchLiteral
CATEGORY: FUNCTION
---IR_CONTENT_START---

ConstructDfn: controlFlow::simpleSwitchLiteral(org.ek9.lang::Integer)->org.ek9.lang::String
OperationDfn: controlFlow::simpleSwitchLiteral._call(org.ek9.lang::Integer)->org.ek9.lang::String  
BasicBlock: _entry_1
SCOPE_ENTER _scope_1
REFERENCE value, org.ek9.lang::Integer
REFERENCE result, org.ek9.lang::String
_temp1 = CALL (org.ek9.lang::String)org.ek9.lang::String.<init>() [pure=true, complexity=1, effects=RETURN_MUTATION]
RETAIN _temp1
SCOPE_REGISTER _temp1, _scope_1
STORE result, _temp1
RETAIN result
SCOPE_ENTER _scope_2
_temp2 = LOAD value
RETAIN _temp2
SCOPE_REGISTER _temp2, _scope_2
CONTROL_FLOW_CHAIN
[
chain_type: "SWITCH"
evaluation_variable: _temp2
evaluation_variable_type: "org.ek9.lang::Integer"
condition_chain:
[
[
case_scope_id: _scope_4
case_type: "LITERAL"
condition_evaluation:
[
SCOPE_ENTER _scope_3
_temp3 = LOAD _temp2
RETAIN _temp3
SCOPE_REGISTER _temp3, _scope_3
_temp4 = LOAD_LITERAL 1, org.ek9.lang::Integer
RETAIN _temp4
SCOPE_REGISTER _temp4, _scope_3
_temp5 = CALL (org.ek9.lang::Integer)_temp3._eq(_temp4) [pure=true, complexity=2, effects=RETURN_MUTATION]
RETAIN _temp5
SCOPE_REGISTER _temp5, _scope_3
_temp6 = CALL (org.ek9.lang::Boolean)_temp5._true() [pure=true, complexity=0]
SCOPE_EXIT _scope_3
]
condition_result: _temp5
primitive_condition: _temp6
body_evaluation:
[
SCOPE_ENTER _scope_4
_temp7 = LOAD_LITERAL One, org.ek9.lang::String
RETAIN _temp7
SCOPE_REGISTER _temp7, _scope_4
RELEASE result
STORE result, _temp7
RETAIN result
SCOPE_EXIT _scope_4
]
],
[
case_scope_id: _scope_6
case_type: "LITERAL"
condition_evaluation:
[
SCOPE_ENTER _scope_5
_temp8 = LOAD _temp2
RETAIN _temp8
SCOPE_REGISTER _temp8, _scope_5
_temp9 = LOAD_LITERAL 2, org.ek9.lang::Integer
RETAIN _temp9
SCOPE_REGISTER _temp9, _scope_5
_temp10 = CALL (org.ek9.lang::Integer)_temp8._eq(_temp9) [pure=true, complexity=2, effects=RETURN_MUTATION]
RETAIN _temp10
SCOPE_REGISTER _temp10, _scope_5
_temp11 = CALL (org.ek9.lang::Boolean)_temp10._true() [pure=true, complexity=0]
SCOPE_EXIT _scope_5
]
condition_result: _temp10
primitive_condition: _temp11
body_evaluation:
[
SCOPE_ENTER _scope_6
_temp12 = LOAD_LITERAL Two, org.ek9.lang::String
RETAIN _temp12
SCOPE_REGISTER _temp12, _scope_6
RELEASE result
STORE result, _temp12
RETAIN result
SCOPE_EXIT _scope_6
]
]
]
default_body_evaluation:
[
SCOPE_ENTER _scope_7
_temp13 = LOAD_LITERAL Other, org.ek9.lang::String
RETAIN _temp13
SCOPE_REGISTER _temp13, _scope_7
RELEASE result
STORE result, _temp13
RETAIN result
SCOPE_EXIT _scope_7
]
scope_id: _scope_2
]
SCOPE_EXIT _scope_2
SCOPE_EXIT _scope_1
RETURN result
OperationDfn: controlFlow::simpleSwitchLiteral.simpleSwitchLiteral()->controlFlow::simpleSwitchLiteral  
BasicBlock: _entry_1
CALL (controlFlow::simpleSwitchLiteral)this.i_init() [pure=false, complexity=0]
RETURN this
OperationDfn: controlFlow::simpleSwitchLiteral.c_init()->org.ek9.lang::Void  
BasicBlock: _entry_1
RETURN
OperationDfn: controlFlow::simpleSwitchLiteral.i_init()->org.ek9.lang::Void  
BasicBlock: _entry_1
RETURN
---IR_CONTENT_END---
===IR_UPDATE_END===
[ERROR] Tests run: 1, Failures: 0, Errors: 1, Skipped: 0, Time elapsed: 0.562 s <<< FAILURE! -- in org.ek9lang.compiler.ir.SwitchIRTest
[ERROR] org.ek9lang.compiler.ir.SwitchIRTest.testPhaseDevelopment -- Time elapsed: 0.557 s <<< ERROR!
org.ek9lang.core.CompilerException: Expected IR and Generated IR line difference
	at org.ek9lang.compiler.directives.IRDirectiveListener.symbolMatch(IRDirectiveListener.java:80)
	at org.ek9lang.compiler.directives.ResolutionDirectiveListener.lambda$processDirectives$0(ResolutionDirectiveListener.java:41)
	at java.base/java.util.Optional.ifPresentOrElse(Optional.java:196)
	at org.ek9lang.compiler.directives.ResolutionDirectiveListener.processDirectives(ResolutionDirectiveListener.java:41)
	at org.ek9lang.compiler.directives.IRDirectiveListener.accept(IRDirectiveListener.java:31)
	at org.ek9lang.compiler.directives.IRDirectiveListener.accept(IRDirectiveListener.java:18)
	at java.base/java.util.function.Consumer.lambda$andThen$0(Consumer.java:65)
	at java.base/java.util.function.Consumer.lambda$andThen$0(Consumer.java:65)
	at java.base/java.util.function.Consumer.lambda$andThen$0(Consumer.java:65)
	at org.ek9lang.compiler.phase7.IRGenerator.defineIR(IRGenerator.java:89)
	at org.ek9lang.compiler.phase7.IRGenerator.lambda$defineIRMultiThreaded$0(IRGenerator.java:61)
	at java.base/java.util.stream.ForEachOps$ForEachOp$OfRef.accept(ForEachOps.java:186)
	at java.base/java.util.ArrayList$ArrayListSpliterator.forEachRemaining(ArrayList.java:1716)
	at java.base/java.util.stream.AbstractPipeline.copyInto(AbstractPipeline.java:570)
	at java.base/java.util.stream.ForEachOps$ForEachTask.compute(ForEachOps.java:293)
	at java.base/java.util.concurrent.CountedCompleter.exec(CountedCompleter.java:759)
	at java.base/java.util.concurrent.ForkJoinTask.doExec(ForkJoinTask.java:511)
	at java.base/java.util.concurrent.ForkJoinPool$WorkQueue.helpComplete(ForkJoinPool.java:1537)
	at java.base/java.util.concurrent.ForkJoinPool.helpComplete(ForkJoinPool.java:2332)
	at java.base/java.util.concurrent.ForkJoinTask.awaitDone(ForkJoinTask.java:497)
	at java.base/java.util.concurrent.ForkJoinTask.join(ForkJoinTask.java:666)
	at java.base/java.util.concurrent.ForkJoinTask.invoke(ForkJoinTask.java:681)
	at java.base/java.util.stream.ForEachOps$ForEachOp.evaluateParallel(ForEachOps.java:162)
	at java.base/java.util.stream.ForEachOps$ForEachOp$OfRef.evaluateParallel(ForEachOps.java:176)
	at java.base/java.util.stream.AbstractPipeline.evaluate(AbstractPipeline.java:264)
	at java.base/java.util.stream.ReferencePipeline.forEach(ReferencePipeline.java:632)
	at java.base/java.util.stream.ReferencePipeline$Head.forEach(ReferencePipeline.java:806)
	at org.ek9lang.compiler.phase7.IRGenerator.defineIRMultiThreaded(IRGenerator.java:61)
	at org.ek9lang.compiler.phase7.IRGenerator.underTakeIRDefinition(IRGenerator.java:50)
	at org.ek9lang.compiler.phase7.IRGenerator.doApply(IRGenerator.java:45)
	at org.ek9lang.compiler.CompilerPhase.apply(CompilerPhase.java:42)
	at org.ek9lang.compiler.CompilerPhase.apply(CompilerPhase.java:15)
	at org.ek9lang.compiler.Ek9Compiler.compile(Ek9Compiler.java:59)
	at org.ek9lang.compiler.common.PhasesTest.testToPhase(PhasesTest.java:214)
	at org.ek9lang.compiler.ir.AbstractIRGenerationTest.testPhaseDevelopment(AbstractIRGenerationTest.java:49)
	at java.base/jdk.internal.reflect.DirectMethodHandleAccessor.invoke(DirectMethodHandleAccessor.java:104)
	at java.base/java.lang.reflect.Method.invoke(Method.java:565)
	at org.junit.platform.commons.util.ReflectionUtils.invokeMethod(ReflectionUtils.java:725)
	at org.junit.jupiter.engine.execution.MethodInvocation.proceed(MethodInvocation.java:60)
	at org.junit.jupiter.engine.execution.InvocationInterceptorChain$ValidatingInvocation.proceed(InvocationInterceptorChain.java:131)
	at org.junit.jupiter.engine.extension.TimeoutExtension.intercept(TimeoutExtension.java:149)
	at org.junit.jupiter.engine.extension.TimeoutExtension.interceptTestableMethod(TimeoutExtension.java:140)
	at org.junit.jupiter.engine.extension.TimeoutExtension.interceptTestMethod(TimeoutExtension.java:84)
	at org.junit.jupiter.engine.execution.ExecutableInvoker$ReflectiveInterceptorCall.lambda$ofVoidMethod$0(ExecutableInvoker.java:115)
	at org.junit.jupiter.engine.execution.ExecutableInvoker.lambda$invoke$0(ExecutableInvoker.java:105)
	at org.junit.jupiter.engine.execution.InvocationInterceptorChain$InterceptedInvocation.proceed(InvocationInterceptorChain.java:106)
	at org.junit.jupiter.engine.execution.InvocationInterceptorChain.proceed(InvocationInterceptorChain.java:64)
	at org.junit.jupiter.engine.execution.InvocationInterceptorChain.chainAndInvoke(InvocationInterceptorChain.java:45)
	at org.junit.jupiter.engine.execution.InvocationInterceptorChain.invoke(InvocationInterceptorChain.java:37)
	at org.junit.jupiter.engine.execution.ExecutableInvoker.invoke(ExecutableInvoker.java:104)
	at org.junit.jupiter.engine.execution.ExecutableInvoker.invoke(ExecutableInvoker.java:98)
	at org.junit.jupiter.engine.descriptor.TestMethodTestDescriptor.lambda$invokeTestMethod$7(TestMethodTestDescriptor.java:214)
	at org.junit.platform.engine.support.hierarchical.ThrowableCollector.execute(ThrowableCollector.java:73)
	at org.junit.jupiter.engine.descriptor.TestMethodTestDescriptor.invokeTestMethod(TestMethodTestDescriptor.java:210)
	at org.junit.jupiter.engine.descriptor.TestMethodTestDescriptor.execute(TestMethodTestDescriptor.java:135)
	at org.junit.jupiter.engine.descriptor.TestMethodTestDescriptor.execute(TestMethodTestDescriptor.java:66)
	at org.junit.platform.engine.support.hierarchical.NodeTestTask.lambda$executeRecursively$6(NodeTestTask.java:151)
	at org.junit.platform.engine.support.hierarchical.ThrowableCollector.execute(ThrowableCollector.java:73)
	at org.junit.platform.engine.support.hierarchical.NodeTestTask.lambda$executeRecursively$8(NodeTestTask.java:141)
	at org.junit.platform.engine.support.hierarchical.Node.around(Node.java:137)
	at org.junit.platform.engine.support.hierarchical.NodeTestTask.lambda$executeRecursively$9(NodeTestTask.java:139)
	at org.junit.platform.engine.support.hierarchical.ThrowableCollector.execute(ThrowableCollector.java:73)
	at org.junit.platform.engine.support.hierarchical.NodeTestTask.executeRecursively(NodeTestTask.java:138)
	at org.junit.platform.engine.support.hierarchical.NodeTestTask.execute(NodeTestTask.java:95)
	at org.junit.platform.engine.support.hierarchical.ForkJoinPoolHierarchicalTestExecutorService$ExclusiveTask.compute(ForkJoinPoolHierarchicalTestExecutorService.java:185)
	at org.junit.platform.engine.support.hierarchical.ForkJoinPoolHierarchicalTestExecutorService.invokeAll(ForkJoinPoolHierarchicalTestExecutorService.java:129)
	at org.junit.platform.engine.support.hierarchical.NodeTestTask.lambda$executeRecursively$6(NodeTestTask.java:155)
	at org.junit.platform.engine.support.hierarchical.ThrowableCollector.execute(ThrowableCollector.java:73)
	at org.junit.platform.engine.support.hierarchical.NodeTestTask.lambda$executeRecursively$8(NodeTestTask.java:141)
	at org.junit.platform.engine.support.hierarchical.Node.around(Node.java:137)
	at org.junit.platform.engine.support.hierarchical.NodeTestTask.lambda$executeRecursively$9(NodeTestTask.java:139)
	at org.junit.platform.engine.support.hierarchical.ThrowableCollector.execute(ThrowableCollector.java:73)
	at org.junit.platform.engine.support.hierarchical.NodeTestTask.executeRecursively(NodeTestTask.java:138)
	at org.junit.platform.engine.support.hierarchical.NodeTestTask.execute(NodeTestTask.java:95)
	at org.junit.platform.engine.support.hierarchical.ForkJoinPoolHierarchicalTestExecutorService$ExclusiveTask.compute(ForkJoinPoolHierarchicalTestExecutorService.java:185)
	at java.base/java.util.concurrent.RecursiveAction.exec(RecursiveAction.java:194)
	at java.base/java.util.concurrent.ForkJoinTask.doExec(ForkJoinTask.java:511)
	at java.base/java.util.concurrent.ForkJoinPool$WorkQueue.topLevelExec(ForkJoinPool.java:1450)
	at java.base/java.util.concurrent.ForkJoinPool.runWorker(ForkJoinPool.java:2019)
	at java.base/java.util.concurrent.ForkJoinWorkerThread.run(ForkJoinWorkerThread.java:187)

[ERROR] Errors: 
[ERROR]   AssignmentOperatorIRTest>AbstractIRGenerationTest.testPhaseDevelopment:49->PhasesTest.testToPhase:214 » Compiler Expected IR and Generated IR line difference
[ERROR]   ExceptionHandlingIRTest>AbstractIRGenerationTest.testPhaseDevelopment:49->PhasesTest.testToPhase:214 » Compiler Expected IR and Generated IR line difference
[ERROR]   SwitchIRTest>AbstractIRGenerationTest.testPhaseDevelopment:49->PhasesTest.testToPhase:214 » Compiler Expected IR and Generated IR line difference
[ERROR] Tests run: 42, Failures: 0, Errors: 3, Skipped: 0
[ERROR] Failed to execute goal org.apache.maven.plugins:maven-surefire-plugin:3.2.5:test (default-test) on project compiler-main: 
[ERROR] 
[ERROR] Please refer to /Users/stevelimb/IdeaProjects/ek9llvm/compiler-main/target/surefire-reports for the individual test results.
[ERROR] Please refer to dump files (if any exist) [date].dump, [date]-jvmRun[N].dump and [date].dumpstream.
[ERROR] -> [Help 1]
[ERROR] 
[ERROR] To see the full stack trace of the errors, re-run Maven with the -e switch.
[ERROR] Re-run Maven using the -X switch to enable full debug logging.
[ERROR] 
[ERROR] For more information about the errors and possible solutions, please read the following articles:
[ERROR] [Help 1] http://cwiki.apache.org/confluence/display/MAVEN/MojoFailureException
